(0, '<l>:root')
(1, '<l>:cc')
(2, '<l>:cc:preconj')
(3, '<l>:nmod:tmod')
(4, '<l>:ccomp')
(5, '<l>:expl')
(6, '<l>:nsubjpass')
(7, '<l>:csubj')
(8, '<l>:conj')
(9, '<l>:dobj')
(10, '<l>:neg')
(11, '<l>:discourse')
(12, '<l>:mark')
(13, '<l>:auxpass')
(14, '<l>:mwe')
(15, '<l>:advcl')
(16, '<l>:aux')
(17, '<l>:parataxis')
(18, '<l>:xcomp')
(19, '<l>:nsubj')
(20, '<l>:nmod:npmod')
(21, '<l>:nummod')
(22, '<l>:advmod')
(23, '<l>:punct')
(24, '<l>:compound')
(25, '<l>:compound:prt')
(26, '<l>:nmod:poss')
(27, '<l>:case')
(28, '<l>:cop')
(29, '<l>:dep')
(30, '<l>:appos')
(31, '<l>:det')
(32, '<l>:nmod')
(33, '<l>:amod')
(34, '<l>:acl:relcl')
(35, '<l>:iobj')
(36, '<l>:det:predet')
(37, '<l>:acl')
(38, '<l>:<NULL>')
(39, '<p>:NN')
(40, '<p>:IN')
(41, '<p>:DT')
(42, '<p>:NNP')
(43, '<p>:JJ')
(44, '<p>:NNS')
(45, '<p>:,')
(46, '<p>:.')
(47, '<p>:RB')
(48, '<p>:VBD')
(49, '<p>:CD')
(50, '<p>:VB')
(51, '<p>:CC')
(52, '<p>:TO')
(53, '<p>:VBN')
(54, '<p>:PRP')
(55, '<p>:VBZ')
(56, '<p>:VBG')
(57, '<p>:VBP')
(58, '<p>:MD')
(59, '<p>:PRP$')
(60, '<p>:POS')
(61, '<p>:``')
(62, "<p>:''")
(63, '<p>:WDT')
(64, '<p>::')
(65, '<p>:$')
(66, '<p>:NNPS')
(67, '<p>:JJR')
(68, '<p>:RP')
(69, '<p>:WP')
(70, '<p>:WRB')
(71, '<p>:-LRB-')
(72, '<p>:-RRB-')
(73, '<p>:JJS')
(74, '<p>:RBR')
(75, '<p>:EX')
(76, '<p>:FW')
(77, '<p>:PDT')
(78, '<p>:RBS')
(79, '<p>:WP$')
(80, '<p>:#')
(81, '<p>:UH')
(82, '<p>:<UNK>')
(83, '<p>:<NULL>')
(84, '<p>:<ROOT>')
(85, 'the')
(86, ',')
(87, '.')
(88, 'of')
(89, 'to')
(90, 'a')
(91, 'in')
(92, 'and')
(93, "'s")
(94, 'for')
(95, 'that')
(96, '``')
(97, "''")
(98, '%')
(99, 'said')
(100, 'he')
(101, 'it')
(102, 'is')
(103, 'was')
(104, 'on')
(105, 'by')
(106, 'from')
(107, 'as')
(108, 'be')
(109, 'at')
(110, 'mr.')
(111, 'with')
(112, '$')
(113, 'an')
(114, 'his')
(115, 'has')
(116, 'are')
(117, 'will')
(118, "n't")
(119, 'new')
(120, 'its')
(121, 'have')
(122, 'would')
(123, 'this')
(124, 'but')
(125, 'up')
(126, 'which')
(127, 'or')
(128, 'million')
(129, 'one')
(130, 'more')
(131, ';')
(132, 'judge')
(133, 'had')
(134, 'who')
(135, 'company')
(136, 'were')
(137, 'they')
(138, 'than')
(139, 'their')
(140, 'about')
(141, 'been')
(142, 'some')
(143, 'president')
(144, '-rrb-')
(145, '-lrb-')
(146, 'i')
(147, 'other')
(148, 'u.s.')
(149, 'not')
(150, 'year')
(151, 'also')
(152, 'says')
(153, 'shares')
(154, '--')
(155, 'months')
(156, ':')
(157, 'jaguar')
(158, 'years')
(159, 'when')
(160, 'out')
(161, 'only')
(162, 'you')
(163, 'two')
(164, 'so')
(165, 'into')
(166, 'stock')
(167, 'after')
(168, 'government')
(169, 'even')
(170, 'such')
(171, 'first')
(172, 'all')
(173, 'share')
(174, 'no')
(175, 'time')
(176, 'market')
(177, 'banks')
(178, 'over')
(179, 'because')
(180, 'days')
(181, 'can')
(182, 'could')
(183, 'bank')
(184, 'now')
(185, 'most')
(186, 'index')
(187, 'inc.')
(188, 'under')
(189, 'if')
(190, 'make')
(191, 'billion')
(192, 'corp.')
(193, 'there')
(194, 'plant')
(195, 'down')
(196, 'state')
(197, 'interest')
(198, 'co.')
(199, 'sales')
(200, '8')
(201, '&')
(202, 'we')
(203, 'against')
(204, 'many')
(205, 'what')
(206, 'september')
(207, 'fund')
(208, 'companies')
(209, 'average')
(210, 'month')
(211, 'house')
(212, 'last')
(213, 'mips')
(214, 'another')
(215, 'may')
(216, 'federal')
(217, 'rate')
(218, 'might')
(219, 'major')
(220, 'him')
(221, 'while')
(222, 'back')
(223, 'vice')
(224, 'named')
(225, 'agency')
(226, 'do')
(227, 'securities')
(228, 'plants')
(229, '30')
(230, 'chief')
(231, 'japan')
(232, 'then')
(233, 'just')
(234, 'ford')
(235, 'group')
(236, 'how')
(237, 'these')
(238, 'week')
(239, 'money')
(240, 'rose')
(241, 'world')
(242, 'computers')
(243, 'rates')
(244, "'")
(245, '?')
(246, 'financial')
(247, 'bush')
(248, 'three')
(249, 'much')
(250, 'officer')
(251, 'treasury')
(252, 'machine')
(253, 'training')
(254, 'west')
(255, 'markets')
(256, 'issue')
(257, 'agnelli')
(258, 'prices')
(259, 'wage')
(260, 'computer')
(261, 'off')
(262, 'report')
(263, 'car')
(264, 'investors')
(265, 'say')
(266, 'any')
(267, 'price')
(268, 'between')
(269, 'according')
(270, 'those')
(271, 'director')
(272, 'cents')
(273, 'next')
(274, 'healthcare')
(275, 'our')
(276, 'does')
(277, 'own')
(278, 'made')
(279, 'my')
(280, 'before')
(281, 'them')
(282, 'each')
(283, 'second')
(284, '10')
(285, 'several')
(286, 'county')
(287, 'old')
(288, 'international')
(289, 'still')
(290, 'long')
(291, 'hybrid')
(292, 'past')
(293, 'higher')
(294, 'agreement')
(295, 'armstrong')
(296, 'business')
(297, 'commercial')
(298, 'including')
(299, 'general')
(300, 'five')
(301, 'like')
(302, "o'kicki")
(303, 'coke')
(304, 'end')
(305, 'trading')
(306, 'board')
(307, 'transaction')
(308, 'stake')
(309, 'french')
(310, 'ms.')
(311, 'economy')
(312, 'officials')
(313, 'white')
(314, 'concern')
(315, 'august')
(316, 'early')
(317, 'former')
(318, 'american')
(319, 'part')
(320, 'sell')
(321, 'sec')
(322, 'europe')
(323, 'bill')
(324, 'healthvest')
(325, 'issues')
(326, 'six')
(327, 'budget')
(328, 'changes')
(329, 'golden')
(330, 'work')
(331, 'law')
(332, 'john')
(333, 'proposed')
(334, 'holding')
(335, 'balloon')
(336, 'half')
(337, 'way')
(338, 'going')
(339, 'cambria')
(340, 'far')
(341, 'held')
(342, 'late')
(343, 'since')
(344, 'sold')
(345, 'yesterday')
(346, 'yields')
(347, 'ago')
(348, 'gm')
(349, 'capital')
(350, 'gene')
(351, 'stoll')
(352, 'control')
(353, 'light')
(354, 'agreed')
(355, 'based')
(356, 'local')
(357, 'national')
(358, 'closed')
(359, 'executive')
(360, 'funds')
(361, 'told')
(362, 'until')
(363, 'office')
(364, 'top')
(365, 'investment')
(366, 'germany')
(367, 'zealand')
(368, 'consumer')
(369, '50')
(370, 'people')
(371, 'quarter')
(372, 'british')
(373, 'little')
(374, '15')
(375, 'take')
(376, 'get')
(377, 'mortgage')
(378, 'compromise')
(379, 'offered')
(380, 'being')
(381, 'power')
(382, 'assets')
(383, 'talks')
(384, 'through')
(385, 'sale')
(386, 'systems')
(387, 'expect')
(388, 'both')
(389, 'chairman')
(390, 'called')
(391, 'department')
(392, 'exchange')
(393, 'maker')
(394, 'high')
(395, 'move')
(396, 'auto')
(397, 'york')
(398, 'october')
(399, 'genetic')
(400, 'well')
(401, 'less')
(402, 'stoltzman')
(403, 'monday')
(404, 'four')
(405, 'machines')
(406, 'reported')
(407, 'analysts')
(408, 'unit')
(409, 'estate')
(410, 'very')
(411, 'rise')
(412, 'green')
(413, 'london')
(414, 'seed')
(415, 'corn')
(416, 'today')
(417, 'data')
(418, 'future')
(419, 'paid')
(420, 'among')
(421, 'pay')
(422, 'singapore')
(423, 'your')
(424, 'congress')
(425, 'a.')
(426, 'large')
(427, 'public')
(428, 'shareholders')
(429, 'hour')
(430, 'male')
(431, 'earnings')
(432, 'association')
(433, 'douglas')
(434, 'added')
(435, 'during')
(436, 'wrote')
(437, 'set')
(438, 'close')
(439, 'loan')
(440, 'raise')
(441, 'lawyers')
(442, 'bid')
(443, 'earlier')
(444, '1')
(445, 'announced')
(446, 'able')
(447, 'cd')
(448, 'field')
(449, 'ridley')
(450, 'loans')
(451, 'giovanni')
(452, 'want')
(453, 'operations')
(454, 'weeks')
(455, 'result')
(456, 'players')
(457, 'asked')
(458, 'nomura')
(459, 'analyst')
(460, 'level')
(461, 'did')
(462, 'working')
(463, 'canada')
(464, 'increase')
(465, 'venture')
(466, 'later')
(467, 'congressional')
(468, 'case')
(469, 'cash')
(470, 'good')
(471, 'pennsylvania')
(472, 'tuesday')
(473, 'real')
(474, 'her')
(475, 'value')
(476, 'options')
(477, 'taken')
(478, 'information')
(479, 'number')
(480, 'leading')
(481, 'too')
(482, 'mulford')
(483, 'official')
(484, 'recent')
(485, 'unesco')
(486, 'economic')
(487, 'us')
(488, 'required')
(489, 'came')
(490, 'once')
(491, 'products')
(492, 'few')
(493, 'industries')
(494, 'ballooning')
(495, 'management')
(496, 'system')
(497, 'ended')
(498, 'takeover')
(499, 'debt')
(500, 'indicators')
(501, 'tanks')
(502, 'largest')
(503, 'soviet')
(504, 'using')
(505, 'spokesman')
(506, 'eventually')
(507, '90')
(508, 'third')
(509, 'order')
(510, 'pence')
(511, 'berkeley')
(512, 'expected')
(513, 'things')
(514, 'short-term')
(515, 'charge')
(516, 'division')
(517, 'current')
(518, 'jury')
(519, 'baseball')
(520, 'finance')
(521, '1991')
(522, 'considered')
(523, 'senior')
(524, 'yield')
(525, 'grand')
(526, 'same')
(527, 'without')
(528, 'hacker')
(529, '60')
(530, 'industry')
(531, 'file')
(532, 'dollar')
(533, 'carpet')
(534, 'small')
(535, 'richard')
(536, 'operating')
(537, 'industrial')
(538, 'members')
(539, 'feel')
(540, 'selling')
(541, 'attorney')
(542, 'institutions')
(543, 'businesses')
(544, 'insiders')
(545, 'used')
(546, 'lower')
(547, 'workers')
(548, 'decision')
(549, 'line')
(550, 'rtc')
(551, 'seeds')
(552, 'houston')
(553, 'interests')
(554, 'ca')
(555, 'league')
(556, 'domestic')
(557, 'nato')
(558, 'growth')
(559, 'although')
(560, 'executives')
(561, 'record')
(562, 'limited')
(563, 'crops')
(564, 'red')
(565, 'estimates')
(566, 'never')
(567, 'reports')
(568, 'music')
(569, 'provide')
(570, 'went')
(571, 'free')
(572, 'already')
(573, 'service')
(574, 'completed')
(575, 'd.')
(576, 'above')
(577, 'countries')
(578, 'secretary')
(579, 'however')
(580, 'received')
(581, 'country')
(582, 'commission')
(583, 'eastern')
(584, 'air')
(585, 'near')
(586, 'split')
(587, 'programs')
(588, 'left')
(589, 'succeeding')
(590, 'offer')
(591, 'technique')
(592, 'none')
(593, 'chemical')
(594, 'france')
(595, 'man')
(596, '3')
(597, 'thing')
(598, 'think')
(599, 'season')
(600, '19')
(601, 'performance')
(602, 'soviets')
(603, 'where')
(604, 'weapons')
(605, 'technology')
(606, 'rest')
(607, 'seems')
(608, 'around')
(609, 'rules')
(610, 'bond')
(611, 'volume')
(612, '5')
(613, 'followed')
(614, 'family')
(615, 'khan')
(616, 'nine')
(617, 'plans')
(618, 'dow')
(619, 'help')
(620, 'return')
(621, 'ifi')
(622, 'hard')
(623, 'research')
(624, 'bailout')
(625, 'play')
(626, 'plan')
(627, 'appear')
(628, 'six-month')
(629, 'declined')
(630, 'currently')
(631, 'various')
(632, 'probably')
(633, 'payments')
(634, 'cotton')
(635, 'problems')
(636, 'lane')
(637, 'others')
(638, 'great')
(639, 'aga')
(640, 'put')
(641, 'times')
(642, 'south')
(643, 'july')
(644, 'court')
(645, 'basket')
(646, 'should')
(647, 'approach')
(648, 'figures')
(649, 'co')
(650, 'moved')
(651, 'owns')
(652, 'perhaps')
(653, 'administration')
(654, 'keep')
(655, 'increased')
(656, 'paper')
(657, 'quickly')
(658, 'inc')
(659, 'shere')
(660, 'whose')
(661, 'likely')
(662, 'charges')
(663, 'ever')
(664, 'active')
(665, '100')
(666, 'auction')
(667, 'employees')
(668, 'brought')
(669, 'total')
(670, 'must')
(671, 'rights')
(672, 'minority')
(673, 'risc')
(674, 'school')
(675, 'got')
(676, 'japanese')
(677, 'transactions')
(678, 'points')
(679, 'became')
(680, 'bar')
(681, 'previous')
(682, 'cut')
(683, 'here')
(684, 'european')
(685, 'corporate')
(686, 'possible')
(687, 'security')
(688, 'banxquote')
(689, 'rent')
(690, 'deal')
(691, '-lcb-')
(692, "'m")
(693, 'manager')
(694, 'boost')
(695, 'change')
(696, 'making')
(697, 'dropped')
(698, 'bonds')
(699, 'democrats')
(700, 'took')
(701, 'texas')
(702, 'drop')
(703, 'california')
(704, 'directly')
(705, 'equipment')
(706, 'rating')
(707, 'allegations')
(708, 'review')
(709, 'fight')
(710, 'contract')
(711, 'period')
(712, '500')
(713, 'disclosed')
(714, 'pilot')
(715, 'wellington')
(716, 'mortgages')
(717, 'audience')
(718, 'fell')
(719, 'testimony')
(720, '9')
(721, 'buying')
(722, 'britain')
(723, 'again')
(724, 'stocks')
(725, 'directors')
(726, 'calif.')
(727, 'section')
(728, 'action')
(729, 'weekes')
(730, 'remain')
(731, 'minimum')
(732, '!')
(733, 'rather')
(734, 'fed')
(735, 'ebensburg')
(736, 'playing')
(737, 'trade')
(738, '25')
(739, 'operation')
(740, 'insurance')
(741, 'robert')
(742, 'quick')
(743, 'fiat')
(744, 'believe')
(745, 'outstanding')
(746, 'conventional')
(747, 'position')
(748, 'cds')
(749, 'closely')
(750, 'activity')
(751, 'hollander')
(752, 'see')
(753, 'laurel')
(754, 'attention')
(755, 'foreign')
(756, 'meeting')
(757, 'despite')
(758, 'judicial')
(759, 'pollen')
(760, 'remaining')
(761, 'run')
(762, 'within')
(763, 'services')
(764, 'statistics')
(765, 'himself')
(766, 'metromedia')
(767, 'pacific')
(768, "'re")
(769, 'engineering')
(770, 'quarterly')
(771, 'include')
(772, 'notes')
(773, 'judges')
(774, 'makes')
(775, 'account')
(776, '0.2')
(777, 'produced')
(778, 'labor')
(779, 'university')
(780, 'measure')
(781, 'special')
(782, 'single-a-3')
(783, 'unchanged')
(784, 'need')
(785, 'subject')
(786, 'means')
(787, 'joint')
(788, 'nuclear')
(789, '-rcb-')
(790, 'approval')
(791, 'adjusted')
(792, 'proposal')
(793, 'almost')
(794, 'center')
(795, 'bench')
(796, 'home')
(797, 'pressure')
(798, 'previously')
(799, 'brands')
(800, 'buy')
(801, 'whether')
(802, 'minutes')
(803, 'better')
(804, 'rule')
(805, 'pension')
(806, 'facilities')
(807, 'herbicide')
(808, 'force')
(809, 'contributed')
(810, 'liberty')
(811, 'net')
(812, 'highly')
(813, 'program')
(814, '1990')
(815, 'example')
(816, 'give')
(817, '10,000')
(818, 'david')
(819, 'male-sterile')
(820, 'expects')
(821, 'owned')
(822, '7.90')
(823, 'series')
(824, 'network')
(825, 'levels')
(826, 'forces')
(827, 'investments')
(828, 'reserve')
(829, 'de')
(830, 'best')
(831, 's&l')
(832, 'wo')
(833, 'trust')
(834, 'beer')
(835, 'chase')
(836, 'played')
(837, 'yen')
(838, 'yet')
(839, 'right')
(840, 'managers')
(841, 'support')
(842, 'call')
(843, 'nov.')
(844, 'morning')
(845, '150')
(846, 'role')
(847, "'d")
(848, 'campaneris')
(849, 'certainly')
(850, 'ride')
(851, 'majors')
(852, 'trial')
(853, 'tokyo')
(854, 'december')
(855, 'allowed')
(856, 'fourth')
(857, 'use')
(858, 'deposit')
(859, 'argued')
(860, 'policy')
(861, 'recipes')
(862, 'james')
(863, 'lighting')
(864, 'shows')
(865, 'cars')
(866, 'software')
(867, 'revenue')
(868, 'moody')
(869, 'seat')
(870, 'effective')
(871, 'begin')
(872, 'minimum-wage')
(873, 'managing')
(874, 'show')
(875, 'rep.')
(876, 'black')
(877, 'dispute')
(878, 'jazz')
(879, 'source')
(880, 'bought')
(881, 'bids')
(882, 'elected')
(883, 'article')
(884, 'direction')
(885, 'developing')
(886, 'lire')
(887, 'telephone')
(888, 'worry')
(889, 'largely')
(890, 'researchers')
(891, 'summer')
(892, 'announcement')
(893, 'preferred')
(894, 'either')
(895, 'output')
(896, 'recorded')
(897, 'dealership')
(898, 'intervention')
(899, 'certain')
(900, 'deep')
(901, 'go')
(902, 'lawyer')
(903, 'full')
(904, 'prosecutors')
(905, 'amount')
(906, 'states')
(907, 'developed')
(908, 'committee')
(909, '20')
(910, 'panisse')
(911, 'really')
(912, 'team')
(913, 'feet')
(914, 'statement')
(915, 'financing')
(916, 'orders')
(917, 'built')
(918, 'costs')
(919, 'significant')
(920, 'clear')
(921, 'justice')
(922, 'meanwhile')
(923, '3/4')
(924, 'showed')
(925, 'fans')
(926, 'annual')
(927, 'community')
(928, 'simply')
(929, 'gas')
(930, 'bidding')
(931, 'motors')
(932, 'coca-cola')
(933, 'shaw')
(934, 'person')
(935, 'one-year')
(936, 'march')
(937, 'anthers')
(938, 'communications')
(939, 'senate')
(940, 'leaders')
(941, 'though')
(942, 'anything')
(943, 'chez')
(944, 'subsidiary')
(945, 'cia')
(946, 'treaty')
(947, 'age')
(948, 'oct.')
(949, 'sent')
(950, 'listed')
(951, 'reich')
(952, 'crop')
(953, 'find')
(954, 'collins')
(955, 'motor')
(956, 'estimated')
(957, 'process')
(958, 'pieces')
(959, 'united')
(960, 'traders')
(961, 'allow')
(962, 'letters')
(963, 'hands')
(964, 'day')
(965, 'raised')
(966, 'allies')
(967, 'hostile')
(968, 'reached')
(969, 'single-a-2')
(970, 'preliminary')
(971, 'so-called')
(972, 'f.')
(973, 'calling')
(974, 'she')
(975, 'key')
(976, 'aircraft')
(977, 'supply')
(978, 'member')
(979, 'digital')
(980, 'party')
(981, 'difficult')
(982, 'ought')
(983, 'know')
(984, 'name')
(985, 'success')
(986, 'january')
(987, 'become')
(988, 'lead')
(989, 'getting')
(990, 'introduced')
(991, 'female')
(992, 'additional')
(993, '1989')
(994, 'gain')
(995, '45')
(996, '40')
(997, '7/16')
(998, 'june')
(999, 'rural')
(1000, '4.25')
(1001, 'consider')
(1002, 'paris')
(1003, 'subminimum')
(1004, 'every')
(1005, 'affect')
(1006, 'fingers')
(1007, 'drew')
(1008, 'ground')
(1009, 'reagan')
(1010, 'unix')
(1011, 'unifirst')
(1012, 'me')
(1013, 'plunged')
(1014, 'florida')
(1015, 'beach')
(1016, 'purchase')
(1017, 'attempt')
(1018, 'maintain')
(1019, 'personal')
(1020, 'production')
(1021, 'side')
(1022, 'vote')
(1023, 'corporations')
(1024, 'temporary')
(1025, 'newly')
(1026, 'created')
(1027, 'r.')
(1028, 'approximately')
(1029, 'master')
(1030, 'percentage')
(1031, 'negotiating')
(1032, 'western')
(1033, 'distance')
(1034, 'acquisition')
(1035, 'responsible')
(1036, 'isolated')
(1037, 'luxury')
(1038, 'unsecured')
(1039, 'finally')
(1040, 'rice')
(1041, 'u.n.')
(1042, 'suggested')
(1043, 'three-year')
(1044, '18')
(1045, 'resigned')
(1046, 'away')
(1047, 'news')
(1048, 'holds')
(1049, 'improve')
(1050, 'protect')
(1051, 'telecommunications')
(1052, 'basis')
(1053, 'basin')
(1054, 'lovely')
(1055, 'lift')
(1056, 'applied')
(1057, 'commerce')
(1058, 'seven')
(1059, 'player')
(1060, 'grown')
(1061, 'clearly')
(1062, 'hand')
(1063, '1975')
(1064, 'savings')
(1065, 'aside')
(1066, 'eli')
(1067, 'unable')
(1068, 'easy')
(1069, 'gave')
(1070, '55')
(1071, '53')
(1072, 'beneficial')
(1073, 'successfully')
(1074, 'unless')
(1075, 'florence')
(1076, 'afternoon')
(1077, 'efforts')
(1078, 'book')
(1079, 'formerly')
(1080, 'sox')
(1081, 'often')
(1082, 'ifint')
(1083, 'spring')
(1084, 'war')
(1085, 'head')
(1086, 'wakeman')
(1087, 'offering')
(1088, 'attached')
(1089, 'tell')
(1090, 'broberg')
(1091, 'implications')
(1092, 'felt')
(1093, 'spy')
(1094, 'longer')
(1095, 'kgb')
(1096, 'concept')
(1097, 'william')
(1098, 'e.')
(1099, 'aloft')
(1100, 'standards')
(1101, 'tougher')
(1102, 'aggressive')
(1103, 'substitute')
(1104, 'along')
(1105, 'cuckoo')
(1106, 'johnstown')
(1107, 'pipeline')
(1108, 'figure')
(1109, 'product')
(1110, 'manufacturers')
(1111, 'borrowing')
(1112, 'course')
(1113, 'mail')
(1114, 'troubled')
(1115, '100,000')
(1116, 'nation')
(1117, 'discuss')
(1118, 'nor')
(1119, 'tried')
(1120, 'factors')
(1121, 'advance')
(1122, '23')
(1123, '2')
(1124, 'gives')
(1125, 'acquisitions')
(1126, 'released')
(1127, '11')
(1128, 'files')
(1129, 'remained')
(1130, 'pastry')
(1131, 'note')
(1132, 'sure')
(1133, 'payable')
(1134, 'typically')
(1135, 'german')
(1136, 'contemporary')
(1137, 'commitments')
(1138, 'contracts')
(1139, 'assistant')
(1140, 'neither')
(1141, 'worried')
(1142, 'scott')
(1143, 'inquiry')
(1144, 'j.')
(1145, 'wonder')
(1146, 'kuehn')
(1147, 'across')
(1148, 'jobs')
(1149, 'come')
(1150, 'color')
(1151, 'pop')
(1152, '61')
(1153, 'wants')
(1154, 'myself')
(1155, 'different')
(1156, 'complained')
(1157, 'components')
(1158, 'complain')
(1159, 'listening')
(1160, 'chamber')
(1161, 'sharp')
(1162, 'provides')
(1163, 'newport')
(1164, 'press')
(1165, 'gomez')
(1166, 'low')
(1167, 'lot')
(1168, 'complete')
(1169, 'technologies')
(1170, 'agree')
(1171, 'totaling')
(1172, 'combining')
(1173, 'am')
(1174, '4.2')
(1175, 'separate')
(1176, '13')
(1177, 'wife')
(1178, 'invest')
(1179, 'overseas')
(1180, 'founder')
(1181, 'suns')
(1182, '14')
(1183, 'activities')
(1184, 'results')
(1185, 'sun')
(1186, 'neave')
(1187, 'certificates')
(1188, 'tracks')
(1189, '900')
(1190, 'ahead')
(1191, 'keeping')
(1192, 'lilly')
(1193, 'purchases')
(1194, 'strong')
(1195, 'short')
(1196, 'fraser')
(1197, 'clarinet')
(1198, '26')
(1199, 'actually')
(1200, 'evening')
(1201, 'units')
(1202, 'always')
(1203, 'everyone')
(1204, 'reduce')
(1205, 'idea')
(1206, 'projected')
(1207, 'participants')
(1208, 'least')
(1209, 'build')
(1210, 'nothing')
(1211, 'sometimes')
(1212, 'gold')
(1213, 'session')
(1214, 'writer')
(1215, 'equity')
(1216, 'gains')
(1217, 'banking')
(1218, 'weaver')
(1219, 'culture')
(1220, 'individual')
(1221, '2.4')
(1222, 'pictures')
(1223, 'won')
(1224, 'recently')
(1225, 'creating')
(1226, 'spray')
(1227, 'franchise')
(1228, 'dividend')
(1229, 'rubendall')
(1230, 'point')
(1231, 'leemans')
(1232, 'decline')
(1233, 'monthly')
(1234, 'create')
(1235, 'political')
(1236, 'fire')
(1237, 'look')
(1238, 'elections')
(1239, 'century')
(1240, 'itself')
(1241, 'italy')
(1242, 'development')
(1243, 'uses')
(1244, 'machinery')
(1245, 'competitive')
(1246, 'questions')
(1247, 'retirement')
(1248, '...')
(1249, 'big')
(1250, 'matters')
(1251, 'game')
(1252, 'projects')
(1253, 'lost')
(1254, 'alltel')
(1255, 'b.')
(1256, 'step')
(1257, 'goods')
(1258, 'consumption')
(1259, 'range')
(1260, 'letter')
(1261, 'canal')
(1262, 'raising')
(1263, 'reflects')
(1264, 'similar')
(1265, 'amounts')
(1266, 'peace')
(1267, 'three-month')
(1268, 'bottling')
(1269, 'allowing')
(1270, 'grand-jury')
(1271, 'having')
(1272, 'legal')
(1273, 'particularly')
(1274, 'seemed')
(1275, 'young')
(1276, 'organizations')
(1277, 'drinking')
(1278, 'entire')
(1279, 'try')
(1280, 'smaller')
(1281, 's.p')
(1282, 'hess')
(1283, 'makers')
(1284, 'plays')
(1285, 'chicago')
(1286, 'giving')
(1287, 'access')
(1288, 'paying')
(1289, 'led')
(1290, 'filings')
(1291, 'following')
(1292, '37')
(1293, '1/2')
(1294, 'started')
(1295, 'testified')
(1296, 'dealings')
(1297, 'hit')
(1298, 'instead')
(1299, 'began')
(1300, 'tied')
(1301, 'soggy')
(1302, 'tropics')
(1303, 'soft-drink')
(1304, 'practice')
(1305, 'courtroom')
(1306, 'investor')
(1307, 'slide')
(1308, 'bills')
(1309, 'doing')
(1310, 'entertainment')
(1311, '1987')
(1312, 'produce')
(1313, 'acquire')
(1314, 'johnson')
(1315, 'tomash')
(1316, 'sfe')
(1317, 'nobody')
(1318, 'stronger')
(1319, 'looked')
(1320, 'construction')
(1321, 'staff')
(1322, 'highest')
(1323, 'employed')
(1324, 'hope')
(1325, 'view')
(1326, 'available')
(1327, 'accepted')
(1328, 'acquired')
(1329, 'theft')
(1330, 'agencies')
(1331, 'job')
(1332, 'limits')
(1333, 'comment')
(1334, 'wall')
(1335, 'april')
(1336, 'balloonists')
(1337, 'appearance')
(1338, "m'bow")
(1339, 'partner')
(1340, 'effect')
(1341, 'whole')
(1342, 'thought')
(1343, 'latest')
(1344, 'paul')
(1345, 'add')
(1346, 'increases')
(1347, 'immediately')
(1348, 'necessary')
(1349, 'clarinetist')
(1350, 'replacement')
(1351, 'journal')
(1352, 'carrier')
(1353, '1988')
(1354, 'biggest')
(1355, 'north')
(1356, 'delivery')
(1357, 'compared')
(1358, '44')
(1359, 'stay')
(1360, 'compete')
(1361, 'aides')
(1362, 'eligible')
(1363, 'pride')
(1364, 'pact')
(1365, 'risk')
(1366, 'propane')
(1367, '7.96')
(1368, 'electronics')
(1369, 'pilgrim')
(1370, 'monsanto')
(1371, 'thrifts')
(1372, 'enjoy')
(1373, 'charter')
(1374, 'elegant')
(1375, 'sterile')
(1376, 'pace')
(1377, 'growing')
(1378, 'p.')
(1379, 'economies')
(1380, 'armored')
(1381, 'military')
(1382, 'courthouse')
(1383, 'swings')
(1384, 'strike')
(1385, 'successful')
(1386, 'hurt')
(1387, 'emeritus')
(1388, '92')
(1389, 'install')
(1390, 'male-fertile')
(1391, 'caused')
(1392, 'attract')
(1393, 'totaled')
(1394, 'ordinary')
(1395, 'badly')
(1396, 'lab')
(1397, 'wrong')
(1398, 'mph')
(1399, 'wins')
(1400, 'democratic')
(1401, 'fall')
(1402, '6.5')
(1403, 'ousted')
(1404, 'mayor')
(1405, 'per-capita')
(1406, 'sprays')
(1407, '400')
(1408, 'strength')
(1409, 'break')
(1410, 'sidelines')
(1411, 'lifted')
(1412, 'suspended')
(1413, 'principles')
(1414, 'indianapolis')
(1415, 'dawn')
(1416, 'contend')
(1417, 'driving')
(1418, 'sluggish')
(1419, 'independence')
(1420, 'tashi')
(1421, 'sept.')
(1422, 'given')
(1423, 'wanted')
(1424, 'oppose')
(1425, 'caught')
(1426, 'stewart')
(1427, 'edward')
(1428, 'primary')
(1429, 'ditch')
(1430, 'electronic')
(1431, 'tool')
(1432, 'nations')
(1433, 'street')
(1434, 'silly')
(1435, 'regions')
(1436, 'fashion')
(1437, 'ran')
(1438, 'boston')
(1439, 'relatively')
(1440, 'abroad')
(1441, '-')
(1442, '8.05')
(1443, 'consumers')
(1444, 'calculated')
(1445, 'camp')
(1446, 'voting')
(1447, 'saying')
(1448, 'debts')
(1449, 'interbank')
(1450, 'gideon')
(1451, 'adequate')
(1452, 'wearing')
(1453, 'yielded')
(1454, 'altogether')
(1455, 'vividly')
(1456, 'arsenals')
(1457, 'unfortunately')
(1458, 'runs')
(1459, 'bay')
(1460, 'mandatory')
(1461, 'w.')
(1462, 'observed')
(1463, 'fail')
(1464, 'half-an-hour')
(1465, 'pete')
(1466, 'biosource')
(1467, 'men')
(1468, 'terms')
(1469, 'store')
(1470, 'uncertainty')
(1471, 'pollinated')
(1472, 'gramm-rudman')
(1473, 'argue')
(1474, 'irresponsible')
(1475, 'tiant')
(1476, 'tons')
(1477, '250')
(1478, 'germans')
(1479, 'duties')
(1480, 'life')
(1481, 'ownership')
(1482, 'personally')
(1483, 'castro')
(1484, 'ventures')
(1485, 'teachers')
(1486, 'balance')
(1487, 'launched')
(1488, 'unlikely')
(1489, 'losses')
(1490, 'experts')
(1491, 'chambers')
(1492, 'saint-saens')
(1493, 'complex')
(1494, 'establish')
(1495, 'tune')
(1496, 'butter')
(1497, 'kept')
(1498, '1971')
(1499, 'musical')
(1500, 'ease')
(1501, 'postal')
(1502, 'potential')
(1503, 'ascending')
(1504, '59')
(1505, '54')
(1506, '51')
(1507, 'somehow')
(1508, 'separately')
(1509, 'savings-type')
(1510, 'contributing')
(1511, 'individuals')
(1512, 'denied')
(1513, 'participation')
(1514, 'core')
(1515, 'marketing')
(1516, 'discount')
(1517, 'corp')
(1518, 'brokerage')
(1519, 'manufacturing')
(1520, 'finding')
(1521, 'properties')
(1522, 'magazine')
(1523, 'slightly')
(1524, 'accomplishments')
(1525, 'magazines')
(1526, 'capped')
(1527, 'pollen-inhibiting')
(1528, 'america')
(1529, 'bankamerica')
(1530, 'pages')
(1531, 'amateur')
(1532, 'dataproducts')
(1533, 'failure')
(1534, 'insider-trading')
(1535, 'geiger')
(1536, 'one-third')
(1537, 'drive')
(1538, 'promised')
(1539, 'accounting')
(1540, 'negotiators')
(1541, 'jr.')
(1542, 'developers')
(1543, 'airborne')
(1544, 'greenery')
(1545, 'rising')
(1546, 'scores')
(1547, 'annuity')
(1548, 'lowered')
(1549, 'daily')
(1550, 'push')
(1551, 'chain')
(1552, 'global')
(1553, 'row')
(1554, '757-200s')
(1555, 'blase')
(1556, 'governments')
(1557, 'proposals')
(1558, 'itel')
(1559, 'guy')
(1560, 'trend')
(1561, 'telerate')
(1562, 'sign')
(1563, 'cost')
(1564, 'eating')
(1565, 'goes')
(1566, 'appeal')
(1567, 'genes')
(1568, 'water')
(1569, 'slow')
(1570, 'passengers')
(1571, 'title')
(1572, 'usually')
(1573, 'adjustable')
(1574, 'retired')
(1575, '45-year-old')
(1576, 'wicker')
(1577, 'third-quarter')
(1578, 'insider')
(1579, 'live')
(1580, 'memory')
(1581, 'brissette')
(1582, 'virtue')
(1583, 'cases')
(1584, 'effort')
(1585, 'fly')
(1586, 'valued')
(1587, 'originally')
(1588, 'paragould')
(1589, 'printing')
(1590, 'believed')
(1591, 'imaginative')
(1592, 'trans')
(1593, 'chip')
(1594, 'occur')
(1595, 'requirements')
(1596, 'pine')
(1597, 'write')
(1598, 'canonie')
(1599, 'membership')
(1600, 'date')
(1601, '120')
(1602, 'natural')
(1603, 'chef')
(1604, 'tale')
(1605, 'sunbird')
(1606, 'talk')
(1607, 'indeed')
(1608, 'toward')
(1609, 'offers')
(1610, 'mcenaney')
(1611, 'outside')
(1612, 'recession')
(1613, 'introduce')
(1614, 'compelled')
(1615, 'quartet')
(1616, 'ultimately')
(1617, 'kiddies')
(1618, 'possibility')
(1619, 'carl')
(1620, 'vehemently')
(1621, 'chevy')
(1622, 'carry')
(1623, 'drove')
(1624, 'open')
(1625, 'city')
(1626, 'free-lance')
(1627, 'convention')
(1628, 'friend')
(1629, 'mostly')
(1630, 'pittsburgh')
(1631, 'elanco')
(1632, '12')
(1633, '17')
(1634, 'require')
(1635, 'subcommittee')
(1636, 'turned')
(1637, 'argument')
(1638, 'voices')
(1639, 'sells')
(1640, 'sat')
(1641, 'form')
(1642, 'ideas')
(1643, 'ideal')
(1644, 'cleared')
(1645, 'inserted')
(1646, 'conlon')
(1647, 'operate')
(1648, 'egg')
(1649, 'steady')
(1650, 'professional')
(1651, 'laws')
(1652, 'discovered')
(1653, 'investigators')
(1654, 'watching')
(1655, 'employers')
(1656, 'prime')
(1657, 'diners')
(1658, 'roger')
(1659, 'concert')
(1660, 'comparable')
(1661, 'college')
(1662, 'enough')
(1663, 'marietta')
(1664, 'conventional-arms')
(1665, 'trades')
(1666, 'nearby')
(1667, 'hybrids')
(1668, '68')
(1669, 'over-the-counter')
(1670, 'blessing')
(1671, 'minister')
(1672, 'suspected')
(1673, 'attributed')
(1674, 'dealer')
(1675, 'companion')
(1676, 'producers')
(1677, 'running')
(1678, 'markus')
(1679, 'floor')
(1680, 'communities')
(1681, 'kill')
(1682, 'interested')
(1683, 'aspects')
(1684, 'rejoin')
(1685, 'inflation')
(1686, 'standstill')
(1687, 'kennedy')
(1688, 'shelf')
(1689, 'annually')
(1690, 'credit-card')
(1691, 'attempting')
(1692, 'nikkei')
(1693, 'eddie')
(1694, 'images')
(1695, 'deficit')
(1696, 'retains')
(1697, 'found')
(1698, 'favorite')
(1699, 'stand')
(1700, 'mixed')
(1701, 'road')
(1702, '8.50')
(1703, 'operator')
(1704, 'valuable')
(1705, 'area')
(1706, 'strict')
(1707, 'watched')
(1708, 'wholesale')
(1709, '5/8')
(1710, 'politically')
(1711, 'jahn')
(1712, 'moves')
(1713, 'event')
(1714, 'forcing')
(1715, '8.04')
(1716, 'accounts')
(1717, 'included')
(1718, 'stakes')
(1719, 'building')
(1720, 'passed')
(1721, 'overdue')
(1722, '9/16')
(1723, 'settlement')
(1724, 'sony')
(1725, 'steve')
(1726, 'donovan')
(1727, 'smith')
(1728, 'further')
(1729, 'haag')
(1730, 'version')
(1731, 'rc6280')
(1732, 'ranged')
(1733, 'citicorp')
(1734, 'november')
(1735, 'standard')
(1736, 'houses')
(1737, 'allows')
(1738, 'reason')
(1739, 'arms-control')
(1740, 'cup')
(1741, 'thatcher')
(1742, 'aimed')
(1743, 'clifford')
(1744, 'minor')
(1745, 'known')
(1746, 'mellow')
(1747, 'producing')
(1748, 'town')
(1749, 'mehl')
(1750, 'accept')
(1751, 'pushed')
(1752, 'purchased')
(1753, 'sense')
(1754, 'robinson')
(1755, 'needs')
(1756, 'processors')
(1757, 'coming')
(1758, 'milan')
(1759, '1983')
(1760, 'quoted')
(1761, 'media')
(1762, 'greats')
(1763, 'soon')
(1764, '24')
(1765, '21')
(1766, '29')
(1767, 'ally')
(1768, 'food')
(1769, 'anticipates')
(1770, 'hearing')
(1771, 'easily')
(1772, 'stopper')
(1773, 'events')
(1774, 'transmission')
(1775, 'someone')
(1776, 'habits')
(1777, 'stopped')
(1778, 'repeating')
(1779, 'status')
(1780, 'generation')
(1781, 'energy')
(1782, 'internal')
(1783, 'oil')
(1784, 'favorable')
(1785, 'beyond')
(1786, 'leave')
(1787, 'health')
(1788, 'lawrence')
(1789, 'base')
(1790, 'beginning')
(1791, 'bognato')
(1792, 'feed')
(1793, 'mistakenly')
(1794, 'done')
(1795, 'slower')
(1796, 'miss')
(1797, '180')
(1798, 'hundred')
(1799, 'southern')
(1800, 'relationship')
(1801, 'panhandle')
(1802, '869')
(1803, 'king')
(1804, 'youth')
(1805, 'supposed')
(1806, 'lease')
(1807, 'aug.')
(1808, 'organs')
(1809, 'essentially')
(1810, 'targets')
(1811, 'drinks')
(1812, 'frequently')
(1813, 'eggs')
(1814, 'shareholder')
(1815, 'dealers')
(1816, 'traditional')
(1817, 'gdp')
(1818, 'golf')
(1819, 'cell')
(1820, 'failed')
(1821, 'clipboard')
(1822, 'condom')
(1823, 'override')
(1824, 'counterpoint')
(1825, 'founding')
(1826, 'express')
(1827, 'kind')
(1828, 'generally')
(1829, 'remove')
(1830, 'river')
(1831, 'restaurants')
(1832, 'arm')
(1833, 'unrelated')
(1834, 'agnellis')
(1835, 'user')
(1836, 'burner')
(1837, 'hold')
(1838, 'conditions')
(1839, 'corruption')
(1840, 'korea')
(1841, 'dividends')
(1842, 'general-purpose')
(1843, 'coffee')
(1844, 'scuttle')
(1845, 'restaurant')
(1846, 'sensitive')
(1847, 'long-term')
(1848, 'mean')
(1849, 'proportions')
(1850, 'reasons')
(1851, 'expensive')
(1852, 'firm')
(1853, 'else')
(1854, 'repertoire')
(1855, 'brokers')
(1856, 'stolen')
(1857, 'straight')
(1858, 'institute')
(1859, '32')
(1860, 'fun')
(1861, 'scheduled')
(1862, 'anymore')
(1863, 'read')
(1864, 'virtually')
(1865, 'widely')
(1866, 'conflict')
(1867, 'somewhere')
(1868, 'blair')
(1869, 'alert')
(1870, 'moment')
(1871, 'older')
(1872, 'ltd.')
(1873, 'police')
(1874, 'alternative')
(1875, 'pollution-control')
(1876, 'majority')
(1877, 'surprised')
(1878, 'australia')
(1879, 'baskets')
(1880, 'bit')
(1881, 'pollinate')
(1882, 'follows')
(1883, 'continue')
(1884, 'composer')
(1885, 'bach')
(1886, 'nonetheless')
(1887, "'ve")
(1888, 'delivered')
(1889, 'scale')
(1890, 'deter')
(1891, 'modest')
(1892, 'sick')
(1893, '300')
(1894, 'refused')
(1895, 'pitchers')
(1896, 'exaggerated')
(1897, '75')
(1898, 'reduced')
(1899, 'involving')
(1900, 'together')
(1901, 'block')
(1902, '72')
(1903, 'parity')
(1904, 'abusive')
(1905, 'indications')
(1906, '150-member')
(1907, 'currency')
(1908, 'payment')
(1909, 'repaid')
(1910, 'extraordinary')
(1911, 'sports')
(1912, 'pentagon')
(1913, 'handles')
(1914, 'approved')
(1915, 'vienna')
(1916, 'manufacture')
(1917, 'delta')
(1918, 'hopes')
(1919, 'posted')
(1920, 'maturity')
(1921, 'planes')
(1922, 'jumbo')
(1923, 'yelled')
(1924, 'defined')
(1925, 'influence')
(1926, 'associates')
(1927, 'initial')
(1928, 'income')
(1929, 'warsaw')
(1930, 're-election')
(1931, 'prepared')
(1932, 'replace')
(1933, 'sider')
(1934, 'sides')
(1935, 'land')
(1936, 'margins')
(1937, 'vosges')
(1938, 'bankers')
(1939, 'walked')
(1940, 'responded')
(1941, 'requires')
(1942, 'gant')
(1943, 'fixed-rate')
(1944, 'directorate')
(1945, '15,000')
(1946, 'concerned')
(1947, 'insects')
(1948, 'mass.')
(1949, 'continued')
(1950, 'infocorp')
(1951, 'michael')
(1952, 'fewer')
(1953, 'noted')
(1954, 'licenses')
(1955, 'waiting')
(1956, 'nicholas')
(1957, 'exercise')
(1958, 'let')
(1959, 'extreme')
(1960, 'receive')
(1961, 'involved')
(1962, 'involves')
(1963, 'names')
(1964, '120-day')
(1965, 'zip')
(1966, 'remains')
(1967, 'illegal')
(1968, 'flat')
(1969, 'bureaucracy')
(1970, 'inclined')
(1971, 'opposing')
(1972, 'central')
(1973, 'mitsubishi')
(1974, 'animals')
(1975, 'erwin')
(1976, 'plate')
(1977, 'something')
(1978, 'maturities')
(1979, 'ties')
(1980, 'coast')
(1981, 'counter')
(1982, 'pa.')
(1983, 'directs')
(1984, 'year-earlier')
(1985, 'pending')
(1986, 'registrations')
(1987, 'merge')
(1988, 'jones')
(1989, 'salesman')
(1990, 'regulatory')
(1991, 'common')
(1992, 'shut')
(1993, 'indicates')
(1994, '1981')
(1995, 'length')
(1996, 'plastics')
(1997, 'succeeds')
(1998, 'owner')
(1999, 'imperial')
(2000, 'vetoed')
(2001, 'bull')
(2002, 'los')
(2003, 'adopted')
(2004, 'priority')
(2005, 'attack')
(2006, 'manipulation')
(2007, 'remember')
(2008, 'colleagues')
(2009, 'marston')
(2010, 'submitted')
(2011, 'fastball')
(2012, 'appealing')
(2013, 'bind')
(2014, 'visited')
(2015, 'partnership')
(2016, 'corrupt')
(2017, 'turn')
(2018, 'linked')
(2019, '2.6')
(2020, 'concerns')
(2021, 'u.s.a.')
(2022, 'equaling')
(2023, 'korean')
(2024, 'clash')
(2025, 'accountants')
(2026, 'face')
(2027, '8.55')
(2028, 'mechanical')
(2029, 'gnu-emacs')
(2030, 'impression')
(2031, 'appellate')
(2032, 'bring')
(2033, 'planning')
(2034, 'fear')
(2035, 'debate')
(2036, 'decade')
(2037, 'loafers')
(2038, 'secretaries')
(2039, 'lots')
(2040, '122')
(2041, 'consecutive')
(2042, 'timing')
(2043, 'tobacco')
(2044, 'nixdorf')
(2045, 'stuff')
(2046, 'usefulness')
(2047, 'agricultural')
(2048, 'lafalce')
(2049, 'extend')
(2050, 'zayadi')
(2051, 'written')
(2052, 'routine')
(2053, 'opening')
(2054, 'complaint')
(2055, 'restrictions')
(2056, 'hits')
(2057, 'service-industry')
(2058, 'table')
(2059, 'oakland')
(2060, 'willing')
(2061, 'indictment')
(2062, 'scrutiny')
(2063, 'fellow')
(2064, 'unlike')
(2065, 'trailer')
(2066, 'barely')
(2067, 'registered')
(2068, 'helped')
(2069, 'audiences')
(2070, 'start')
(2071, 'columbia')
(2072, 'reporting')
(2073, 'mediobanca')
(2074, 'officers')
(2075, 'single')
(2076, 'patterns')
(2077, '11/16')
(2078, 'high-grade')
(2079, 'bell')
(2080, 'sventek')
(2081, '0.5')
(2082, 'balloons')
(2083, 'resolved')
(2084, 'loss')
(2085, 'stevenson')
(2086, 'works')
(2087, 'soft')
(2088, 'classical')
(2089, 'authority')
(2090, 'peter')
(2091, 'hot-air')
(2092, 'avoid')
(2093, 'leader')
(2094, 'expansion')
(2095, 'benefit')
(2096, 'includes')
(2097, 'actual')
(2098, 'freedom')
(2099, 'recognized')
(2100, 'angeles')
(2101, 'final')
(2102, 'due')
(2103, 'negotiable')
(2104, 'utility')
(2105, '1984')
(2106, 'accused')
(2107, 'confident')
(2108, 'inner')
(2109, '9.7')
(2110, 'fiscal')
(2111, 'wealthier')
(2112, 'money-fund')
(2113, 'evident')
(2114, 'below')
(2115, 'limit')
(2116, 'ruling')
(2117, 'problem')
(2118, 'piece')
(2119, 'slowing')
(2120, 'education')
(2121, 'proceeds')
(2122, "'ll")
(2123, 'detail')
(2124, 'ways')
(2125, 'shown')
(2126, 'chance')
(2127, 'constant')
(2128, 'martin')
(2129, 'biotechnology')
(2130, 'frankfurt')
(2131, 'gun-carrying')
(2132, 'neige')
(2133, '1,800')
(2134, 'copy')
(2135, 'prime-1')
(2136, 'europeans')
(2137, 'sterilizing')
(2138, 'hitch')
(2139, 'consists')
(2140, 'firms')
(2141, 'captain')
(2142, 'hate')
(2143, 'rendezvoused')
(2144, 'minor-leaguer')
(2145, 'buddy')
(2146, 'swan')
(2147, 'seriously')
(2148, '1.18')
(2149, 'crozier')
(2150, 'resulting')
(2151, '7.62')
(2152, 'swap')
(2153, 'swearing-in')
(2154, 'imperative')
(2155, 'reconsider')
(2156, 'worth')
(2157, 'placed')
(2158, 'lure')
(2159, 'cruising')
(2160, 'chancellor')
(2161, 'dragged')
(2162, 'istituto')
(2163, 'flashpoint')
(2164, 'position-squaring')
(2165, 'repay')
(2166, 'yanking')
(2167, 'seldom')
(2168, 'reforms')
(2169, 'overcomes')
(2170, 'minneapolis')
(2171, 'bringing')
(2172, 'missionary')
(2173, 'disturb')
(2174, 'supports')
(2175, 'vendetta')
(2176, 'commons')
(2177, 'gaelic')
(2178, 'phase')
(2179, 'unhinged')
(2180, 'heading')
(2181, 'chew')
(2182, 'cooperative')
(2183, 'miller')
(2184, 'medium-grade')
(2185, '270')
(2186, 'southwide')
(2187, 'borrowings')
(2188, 'afl-cio')
(2189, 'undersecretary')
(2190, 'established')
(2191, 'oldest')
(2192, 'integrity')
(2193, 'defenses')
(2194, 'steriles')
(2195, 'liberated')
(2196, 'mainframe')
(2197, 'dr.')
(2198, 'supplier')
(2199, 'increasing')
(2200, 'back-on-terra-firma')
(2201, 'interstate')
(2202, 'disposable')
(2203, 'residual')
(2204, 'hundreds')
(2205, 'pedro')
(2206, 'china')
(2207, 'aid')
(2208, '101')
(2209, 'contraction')
(2210, 'dry')
(2211, 'fireballs')
(2212, 'norway')
(2213, 'credentials')
(2214, 'clarify')
(2215, 'changed')
(2216, 'guide')
(2217, 'published')
(2218, 'credit')
(2219, 'calculations')
(2220, 'chateau')
(2221, 'subjected')
(2222, 'intruder')
(2223, '52.4')
(2224, 'swearing')
(2225, 'spooks')
(2226, 'secure')
(2227, 'owed')
(2228, 'hatred')
(2229, 'intent')
(2230, 'visible')
(2231, 'ninety')
(2232, 'moral')
(2233, 'stern')
(2234, 'punching')
(2235, '2692.65')
(2236, '232.4')
(2237, 'army')
(2238, 'alligator')
(2239, 'watering')
(2240, 'chooses')
(2241, 'wordplay')
(2242, 'backing')
(2243, 'sample')
(2244, 'asset')
(2245, 'shed')
(2246, 'survive')
(2247, 'receipts')
(2248, 'type')
(2249, 'denominations')
(2250, 'voted')
(2251, 'main')
(2252, 'relax')
(2253, 'spirits')
(2254, 'feared')
(2255, 'underwear')
(2256, '12-story-high')
(2257, 'stationery')
(2258, 'export')
(2259, 'warm')
(2260, '5.16')
(2261, 'arms')
(2262, 'hurl')
(2263, 'hole')
(2264, 'chi-chi')
(2265, '94')
(2266, 'mountains')
(2267, '1992')
(2268, 'join')
(2269, '2.68')
(2270, 'pursue')
(2271, 'potted')
(2272, 'crescott')
(2273, 'oleg')
(2274, 'abrasive')
(2275, 'deficiencies')
(2276, 'concepts')
(2277, 'exceptions')
(2278, 'elegantly')
(2279, 'specialties')
(2280, 'cited')
(2281, 'preserving')
(2282, 'laughs')
(2283, '7.80')
(2284, 'involve')
(2285, '8.35')
(2286, '8.32')
(2287, '8.30')
(2288, 'counterespionage')
(2289, '8.38')
(2290, 'motion')
(2291, 'carriers')
(2292, 'customers')
(2293, 'damage')
(2294, 'leaguers')
(2295, 'underwriters')
(2296, 'amazing')
(2297, 'bunt')
(2298, 'adjacent')
(2299, 'bebop')
(2300, '719,000')
(2301, 'claptrap')
(2302, 'invest/net')
(2303, 'bedrock')
(2304, 'caygill')
(2305, 'ceramic')
(2306, 'specific')
(2307, 'sipped')
(2308, 'economic-forecasting')
(2309, '38.2')
(2310, '7/8')
(2311, 'attracts')
(2312, 'mail-sorting')
(2313, 'acknowledged')
(2314, 'presiding')
(2315, 'first-mortgage')
(2316, 'belle')
(2317, 'formal')
(2318, 'civil-service')
(2319, 'wind')
(2320, 'leisurely')
(2321, 'senators')
(2322, 'softened')
(2323, 'devote')
(2324, 'derring-do')
(2325, 'vary')
(2326, 'murray')
(2327, 'russian')
(2328, 'jurists')
(2329, '12.5')
(2330, 'innovative')
(2331, 'kong')
(2332, '10.2')
(2333, 'fit')
(2334, '72-game')
(2335, 'fix')
(2336, 'recreational')
(2337, 'writing')
(2338, '16.3')
(2339, 'encounter')
(2340, 'enlisted')
(2341, 'wales')
(2342, 'boon')
(2343, 'seib')
(2344, 'alice')
(2345, 'unfortunate')
(2346, 'selective')
(2347, 'sterilization')
(2348, 'baby-faced')
(2349, 'workout')
(2350, 'amenable')
(2351, 'educating')
(2352, '26.125')
(2353, 'blink')
(2354, 'silver')
(2355, 'pervasive')
(2356, '30-year')
(2357, 'alex')
(2358, 'morley')
(2359, 'regularly')
(2360, 'debut')
(2361, 'soaring')
(2362, 'detroit')
(2363, 'pollen-producing')
(2364, 'filling')
(2365, 'conrail')
(2366, '7.98')
(2367, '7.99')
(2368, '7.94')
(2369, '91-day')
(2370, '7.92')
(2371, 'lasting')
(2372, 'enthusiasts')
(2373, 'fairly')
(2374, 'autry')
(2375, 'applicable')
(2376, 'raw-materials')
(2377, 'transportable')
(2378, 'substantially')
(2379, 'saturday')
(2380, 'puts')
(2381, 'pontiac')
(2382, 't.')
(2383, 'tank')
(2384, 'velvet')
(2385, 'god')
(2386, 'waive')
(2387, 'diesel')
(2388, 'collaborated')
(2389, 'laid')
(2390, 'daniel')
(2391, 'gop')
(2392, 'housing')
(2393, 'disputed')
(2394, 'assured')
(2395, 'veto')
(2396, 'fred')
(2397, 'admits')
(2398, 'appointments')
(2399, 'ramos')
(2400, 'streamline')
(2401, 'boosting')
(2402, 'heat')
(2403, 'chortled')
(2404, 'enormous')
(2405, 'reinvent')
(2406, 'district')
(2407, 'graduated')
(2408, 'scruff')
(2409, 'ordering')
(2410, '20th')
(2411, 'signature')
(2412, 'saluting')
(2413, 'greenhouse-produced')
(2414, 'speeds')
(2415, 'crowning')
(2416, 'features')
(2417, 'economists')
(2418, 'researches')
(2419, 'reassure')
(2420, 'comforted')
(2421, 'executions')
(2422, 'featured')
(2423, 'relations')
(2424, 'hear')
(2425, 'illustrate')
(2426, 'instruction-set')
(2427, 'rated')
(2428, 'exchequer')
(2429, '0.02')
(2430, 'gooseberry')
(2431, 'neck')
(2432, 'amsterdam')
(2433, 'returns')
(2434, '0.05')
(2435, 'scribbling')
(2436, '38-year-old')
(2437, 'overstating')
(2438, 'woodwind')
(2439, 'nz$')
(2440, 'bitter')
(2441, 'ranging')
(2442, 'damaging')
(2443, 'chanted')
(2444, '5-10')
(2445, '190-point')
(2446, 'geneva')
(2447, 'driven')
(2448, '515')
(2449, 'lumber')
(2450, 'serve')
(2451, 'waggishly')
(2452, 'predictable')
(2453, 'somewhat')
(2454, 'hazelnut')
(2455, 'longer-term')
(2456, 'anxiety')
(2457, 'guile')
(2458, 'roles')
(2459, '1978')
(2460, 'tree')
(2461, 'seated')
(2462, 'rapidly')
(2463, 'shake-up')
(2464, 'splendidly')
(2465, '1976')
(2466, 'divisiveness')
(2467, 'rennie')
(2468, 'powers')
(2469, 'perspective')
(2470, 'bridge')
(2471, 'sees')
(2472, 'pollination')
(2473, 'mine')
(2474, '500,000')
(2475, '30.4')
(2476, 'formula')
(2477, 'talking')
(2478, 'amiss')
(2479, 'seen')
(2480, 'seem')
(2481, 'tells')
(2482, 'forced')
(2483, 'tweezers')
(2484, '50.46')
(2485, '1969')
(2486, 'small-lot')
(2487, 'thoroughly')
(2488, 'sound')
(2489, 'subjects')
(2490, 'laughed')
(2491, 'transnational')
(2492, 'circles')
(2493, 'exactly')
(2494, 'daughter')
(2495, 'maiden')
(2496, 'railroad')
(2497, 'object')
(2498, 'wells')
(2499, 'exercised')
(2500, 'gabele')
(2501, '8.03')
(2502, '8.01')
(2503, 'plenty')
(2504, 'exercises')
(2505, 'drought')
(2506, '8.09')
(2507, 'holliger')
(2508, 'maria')
(2509, 'dummy')
(2510, 'singer')
(2511, 'readers')
(2512, 'don')
(2513, 'bullied')
(2514, 'columnist')
(2515, 'newcomers')
(2516, 'array')
(2517, 'principle')
(2518, 'after-tax')
(2519, 'entertaining')
(2520, 'purged')
(2521, 'curt')
(2522, 'selected')
(2523, 'magisterially')
(2524, 'meetings')
(2525, 'random')
(2526, 'sage')
(2527, 'profitability')
(2528, 'compensate')
(2529, 'taipei')
(2530, 'abilities')
(2531, 'radio')
(2532, 'cooking')
(2533, 'reductions')
(2534, 'cogeneration-plant')
(2535, 'bail')
(2536, 'hounded')
(2537, 'die-hard')
(2538, 'sunsets')
(2539, 'advanced')
(2540, 'representing')
(2541, '542')
(2542, 'glasnost')
(2543, '19.95')
(2544, 'announce')
(2545, 'oct')
(2546, 'capel')
(2547, 'personality')
(2548, '4.5')
(2549, 'elixir')
(2550, 'cubic')
(2551, 'watch')
(2552, 'glamorous')
(2553, 'leisure')
(2554, 'gyrations')
(2555, '6/2')
(2556, 'sandy')
(2557, 'earl')
(2558, 'pearson')
(2559, 'blast')
(2560, 'exchanged')
(2561, 'officially')
(2562, '16')
(2563, 'rothschild')
(2564, 'depressed')
(2565, '333')
(2566, 'financially')
(2567, 'architecture')
(2568, 'shots')
(2569, 'ban')
(2570, 'explanations')
(2571, 'valid')
(2572, 'mergers')
(2573, 'headed')
(2574, 'ethical')
(2575, 'etudes')
(2576, 'fascinating')
(2577, 'habit')
(2578, 'discussing')
(2579, 'allure')
(2580, 'allegedly')
(2581, 'resigning')
(2582, 'taiwan')
(2583, 'techniques')
(2584, 'voyage')
(2585, 'draws')
(2586, 'fastballs')
(2587, 'pianist/bassoonist/composer')
(2588, 'interviewing')
(2589, 'mud')
(2590, 'brushbacks')
(2591, 'protected')
(2592, 'tolerance')
(2593, 'pirate')
(2594, 'entrekin')
(2595, 'glossy')
(2596, '80-plus')
(2597, 'vows')
(2598, 'cavalier')
(2599, 'boss')
(2600, '42.9')
(2601, 'censorship')
(2602, 'disservice')
(2603, 'dons')
(2604, 'packages')
(2605, 'fiercely')
(2606, 'pity')
(2607, 'brown')
(2608, 'smartest')
(2609, 'resistant')
(2610, 'heating')
(2611, 'brunei')
(2612, 'protection')
(2613, 'games')
(2614, 'steer')
(2615, 'requests')
(2616, 'negotiation')
(2617, 'year-end')
(2618, 'tone')
(2619, '1.5')
(2620, 'appeared')
(2621, 'chauffeur')
(2622, 'vast')
(2623, 'zellers')
(2624, 'represented')
(2625, 'ballparks')
(2626, 'exempting')
(2627, 'leads')
(2628, 'san')
(2629, 'conference')
(2630, 'contestants')
(2631, 'knowns')
(2632, 'petty')
(2633, 'clip')
(2634, 'rebounded')
(2635, 'stadium')
(2636, 'basic')
(2637, 'contractor')
(2638, 'incentive-backed')
(2639, 'insisting')
(2640, '39')
(2641, 'dismiss')
(2642, 'worker')
(2643, 'dave')
(2644, 'novitiates')
(2645, 'catch')
(2646, 'aviation')
(2647, 'worked')
(2648, '0.19')
(2649, 'inventor')
(2650, '1466.29')
(2651, 'east')
(2652, '6.84')
(2653, 'publicly')
(2654, 'gentle')
(2655, 'oboist')
(2656, 'out-and-out')
(2657, 'safest')
(2658, 'itinerary')
(2659, 'coffin')
(2660, 'thrash')
(2661, '9.78')
(2662, 's&ls')
(2663, 'metropolitan')
(2664, 'kiwi')
(2665, 'unveil')
(2666, 'expenses')
(2667, 'exile')
(2668, 'appalling')
(2669, 'tremendously')
(2670, 'containing')
(2671, 'borough')
(2672, 'descent')
(2673, 'repaying')
(2674, 'stickier')
(2675, 'backed')
(2676, 'dean')
(2677, 'babies')
(2678, 'showing')
(2679, 'independent')
(2680, 'hani')
(2681, 'effortlessly')
(2682, 'peaks')
(2683, 'springing')
(2684, 'human-rights')
(2685, 'blames')
(2686, 'gleeful')
(2687, 'middle-aged')
(2688, 'rain')
(2689, 'marched')
(2690, 'kim')
(2691, 'insisted')
(2692, 'opportunity')
(2693, 'kid')
(2694, 'tassel')
(2695, 'hime')
(2696, 'charlie')
(2697, 'investigation')
(2698, 'taint')
(2699, 'ragged')
(2700, 'practices')
(2701, 'mother')
(2702, 'claims')
(2703, 'seasonal')
(2704, 'spurred')
(2705, 'jurisdictions')
(2706, 'departed')
(2707, 'athletic')
(2708, 'luxury-car')
(2709, 'vivaldi-at-brunch')
(2710, 'thanks')
(2711, 'victim')
(2712, 'depart')
(2713, '8.12')
(2714, 'adding')
(2715, 'orange-and-blue')
(2716, 'flooring')
(2717, 'sciences')
(2718, 'legion')
(2719, 'pointing')
(2720, 'interprets')
(2721, 'flowing')
(2722, 'shoulder')
(2723, 'casting')
(2724, 'municipal')
(2725, 'bands')
(2726, 'looks')
(2727, 'provoked')
(2728, 'chose')
(2729, 'descending')
(2730, 'background')
(2731, 'destroy')
(2732, 'altitude')
(2733, 'feelings')
(2734, 'vacaville')
(2735, 'aging')
(2736, 'apart')
(2737, 'desire')
(2738, 'populations')
(2739, 'swelled')
(2740, 'virgins')
(2741, 'a.g.')
(2742, 'hunt')
(2743, 'renamed')
(2744, 'festivities')
(2745, 'offices')
(2746, 'sometime')
(2747, 'private-sector')
(2748, 'slept')
(2749, 'awarded')
(2750, 'crowd')
(2751, 'lashed')
(2752, 'unexpectedly')
(2753, 'election')
(2754, 'winds')
(2755, 'scoffed')
(2756, 'indirect')
(2757, 'prowess')
(2758, 'humor')
(2759, 'trace')
(2760, 'bottom')
(2761, 'house-painting')
(2762, 'single-family')
(2763, 'creative')
(2764, 'everything')
(2765, 'arrest')
(2766, 'indication')
(2767, 'robertson')
(2768, 'expires')
(2769, 'depositary')
(2770, 'bank-backed')
(2771, 'defend')
(2772, 'burn')
(2773, 'eduard')
(2774, '6,000')
(2775, 'binder')
(2776, 'confrontation')
(2777, 'defensive')
(2778, 'post')
(2779, 'shaken')
(2780, 'microsystems')
(2781, 'promise')
(2782, 'farmwives')
(2783, 'visitors')
(2784, 'theirs')
(2785, 'dollars')
(2786, 'gentler')
(2787, 'annualized')
(2788, 'ensure')
(2789, 'horizon')
(2790, 'resold')
(2791, 'automatically')
(2792, 'consulting')
(2793, 'civil')
(2794, 'pays')
(2795, 'delighted')
(2796, 'meringues')
(2797, 'interrupting')
(2798, 'accommodate')
(2799, 'presenters')
(2800, 'sow')
(2801, 'cardiff')
(2802, 'shortly')
(2803, 'tips')
(2804, 'reveling')
(2805, 'tennis')
(2806, 'legislation')
(2807, 'stuck')
(2808, 'fought')
(2809, 'british-owned')
(2810, 'editor')
(2811, 'fraction')
(2812, 'resulted')
(2813, 'at-bat')
(2814, 'bert')
(2815, 'new-home')
(2816, 'attempted')
(2817, 'becoming')
(2818, 'differences')
(2819, 'nonvoting')
(2820, 'landing')
(2821, 'talents')
(2822, 'unamended')
(2823, 'syndicate')
(2824, '225')
(2825, '2,750')
(2826, 'counsel')
(2827, '2210')
(2828, 'reproductive')
(2829, 'malaysia')
(2830, 'compositional')
(2831, 'prevents')
(2832, 'inside')
(2833, 'maximum')
(2834, 'devices')
(2835, 'kitschy')
(2836, 'stolzman')
(2837, 'jan.')
(2838, 'simplifying')
(2839, 'coverings')
(2840, '3.2')
(2841, 'plant-sciences')
(2842, 'trim')
(2843, 'obfuscation')
(2844, 'adopt')
(2845, 'insistence')
(2846, 'suspicions')
(2847, 'proves')
(2848, 'request')
(2849, 'allegheny')
(2850, 'trip')
(2851, 'negotiations')
(2852, 'style')
(2853, '1,000')
(2854, 'lees')
(2855, 'eventual')
(2856, 'agreeing')
(2857, 'million-dollar')
(2858, 'consorting')
(2859, 'handed')
(2860, 'flood')
(2861, 'setting')
(2862, 'test')
(2863, 'joni')
(2864, 'roll')
(2865, 'exporter')
(2866, 'brothers')
(2867, 'palms')
(2868, 'loan-loss')
(2869, 'harsh')
(2870, 'stealing')
(2871, 'utilities')
(2872, 'pitcher-coach')
(2873, 'old-time')
(2874, 'invested')
(2875, 'rapeseed')
(2876, 'rolling')
(2877, 'weekend')
(2878, 'mullins')
(2879, 'shootout')
(2880, 'berlin')
(2881, 'filing')
(2882, 'uncovered')
(2883, 'rough')
(2884, 'useful')
(2885, 'parcels')
(2886, 'profits')
(2887, 'imploring')
(2888, 'managed')
(2889, 'pistils')
(2890, 'dance')
(2891, 'focus')
(2892, 'deliveries')
(2893, 'obviate')
(2894, 'tee')
(2895, 'big-time')
(2896, 'ice')
(2897, 'truckee')
(2898, 'unraveled')
(2899, 'dalton')
(2900, 'chair')
(2901, '93')
(2902, 'computing')
(2903, 'aligned')
(2904, 'pretense')
(2905, 'blocking')
(2906, 'discarded')
(2907, 'unpleasant')
(2908, 'promoting')
(2909, 'emasculation')
(2910, 'discovering')
(2911, 'circumstances')
(2912, 'oversight')
(2913, 'bogus')
(2914, 'inflate')
(2915, 'keck')
(2916, 'string')
(2917, 'seemingly')
(2918, 'choice')
(2919, '5/16')
(2920, 'drexel')
(2921, 'lynch')
(2922, 'uneventful')
(2923, 'advised')
(2924, '10-year')
(2925, '8.61')
(2926, '8.62')
(2927, 'expectations')
(2928, 'aiming')
(2929, 'clouds')
(2930, 'short-range')
(2931, 'camaraderie')
(2932, 'item')
(2933, 'yale')
(2934, 'depository')
(2935, 'money-market')
(2936, 'spent')
(2937, 'hannover')
(2938, 'attracting')
(2939, 'photograph')
(2940, 'prevent')
(2941, 'babelists')
(2942, 'heinz')
(2943, 'five-course')
(2944, 'soft-spoken')
(2945, 'mich.')
(2946, 'stamford')
(2947, 'last-minute')
(2948, 'defining')
(2949, 'passenger')
(2950, 'stennett')
(2951, 'thicket')
(2952, 'stands')
(2953, 'page-one')
(2954, 'hewlett-packard')
(2955, 'economist')
(2956, 'rapeseeds')
(2957, 'uniform')
(2958, 'suspect')
(2959, 'heralded')
(2960, '4,300')
(2961, 'growls')
(2962, 'collateral')
(2963, 'proclaiming')
(2964, 'processing')
(2965, 'wail')
(2966, 'clerk')
(2967, 'confer')
(2968, 'corporation')
(2969, 'polyrhythms')
(2970, 'address')
(2971, 'appears')
(2972, 'restrictive')
(2973, 'healthy')
(2974, 'carmen')
(2975, 'dirt')
(2976, 'proud')
(2977, 'accomplished')
(2978, 'suggestion')
(2979, 'plc')
(2980, 'bob')
(2981, 'reclaim')
(2982, 'plotted')
(2983, 'wedge')
(2984, 'emerge')
(2985, 'shelled')
(2986, 'extra')
(2987, 'soybeans')
(2988, 'merely')
(2989, 'hindemith')
(2990, 'prefer')
(2991, 'bribery')
(2992, 'subverted')
(2993, '2680')
(2994, 'fbi')
(2995, 'rarely')
(2996, 'crisis')
(2997, 'sympathetic')
(2998, 'terminal')
(2999, 'angell')
(3000, 'handled')
(3001, 'prove')
(3002, 'angry')
(3003, 'tightly')
(3004, 'planted')
(3005, 'opposed')
(3006, 'obstacle')
(3007, 'sharing')
(3008, 'timberland')
(3009, 'club')
(3010, 'suggestions')
(3011, 'state-funded')
(3012, '550')
(3013, 'non-family')
(3014, 'tandem')
(3015, 'withdrawn')
(3016, 'realty')
(3017, 'downturn')
(3018, 'piano')
(3019, 'behalf')
(3020, 'tribunal')
(3021, 'ludicrous')
(3022, 'soul')
(3023, 'believes')
(3024, 'judy')
(3025, 'values')
(3026, 'connoisseur')
(3027, 'fulton')
(3028, 'numbers')
(3029, 'heart')
(3030, 'performer')
(3031, 'nursing')
(3032, 'lobbying')
(3033, 'french-speaking')
(3034, 'demagoguery')
(3035, 'trouble')
(3036, 'topic')
(3037, 'vax9000')
(3038, 'wrongdoing')
(3039, 'spanning')
(3040, '230')
(3041, 'parliamentary')
(3042, 'summoned')
(3043, 'domenici')
(3044, 'secured')
(3045, 'buttoned-up')
(3046, 'dinner')
(3047, 'galbani')
(3048, 'beat')
(3049, '47-year-old')
(3050, 's.')
(3051, 'familiar')
(3052, 'tile')
(3053, 'coleman')
(3054, 'speaks')
(3055, 'chores')
(3056, 'ky.')
(3057, 'huge')
(3058, 'spot')
(3059, '149')
(3060, 'applications')
(3061, 'birthday')
(3062, 'mae')
(3063, 'designed')
(3064, 'heroes')
(3065, 'acceptances')
(3066, 'ponied')
(3067, 'pressuring')
(3068, 'relinquish')
(3069, 'eurodollars')
(3070, 'rollie')
(3071, 'sectors')
(3072, 'futures')
(3073, 'complaining')
(3074, '889,000')
(3075, 'hailed')
(3076, 'african')
(3077, 'skirmish')
(3078, '2142.6')
(3079, 'pulled')
(3080, 'typical')
(3081, 'stonemason')
(3082, 'breaking')
(3083, 'shoes')
(3084, 'double-crossed')
(3085, 'seeing')
(3086, 'undervalued')
(3087, 'mainly')
(3088, 'flips')
(3089, 'argues')
(3090, 'penetrate')
(3091, 'statements')
(3092, 'birds')
(3093, 'deactivates')
(3094, 'colorado')
(3095, 'middle-management')
(3096, 'threat')
(3097, 'thumb')
(3098, 'reluctant')
(3099, 'interesting')
(3100, 'undermined')
(3101, 'troubles')
(3102, 'hot')
(3103, 'pontiac-cadillac')
(3104, 'attraction')
(3105, 'static')
(3106, 'resurfaced')
(3107, 'phineas')
(3108, 'sterility')
(3109, 'roses')
(3110, 'thereby')
(3111, 'scratch')
(3112, 'sweetened')
(3113, 'undisclosed')
(3114, '1955')
(3115, 'montgolfier')
(3116, 'realities')
(3117, '78,600')
(3118, 'possess')
(3119, '31.25')
(3120, 'term')
(3121, 'organ')
(3122, '47')
(3123, 'vt.')
(3124, 'flagship')
(3125, 'stockholm')
(3126, 'scolded')
(3127, 'entirely')
(3128, '85')
(3129, 'thinned')
(3130, 'el')
(3131, 'square')
(3132, 'fired')
(3133, '178.5')
(3134, 'zurich')
(3135, 'ed')
(3136, '178.9')
(3137, 'revised')
(3138, 'bovine')
(3139, 'bradley')
(3140, 'fires')
(3141, 'naming')
(3142, 'teams')
(3143, 'obsession')
(3144, '8.75')
(3145, 'computer-market')
(3146, 'enjoyable')
(3147, 'disassemble')
(3148, 'uncombed')
(3149, 'attracted')
(3150, 'ersatz')
(3151, 'miles')
(3152, 'celimene')
(3153, 'papers')
(3154, 'fargo')
(3155, 'losers')
(3156, 'instructions')
(3157, 'chop')
(3158, 'attendee')
(3159, 'messiaen')
(3160, 'mercantile')
(3161, 'uptempo')
(3162, 'material')
(3163, 'albuquerque')
(3164, 'epinal')
(3165, 'harassed')
(3166, 'remainder')
(3167, 'absolutely')
(3168, 'rolls-royce')
(3169, 'carnival')
(3170, 'selections')
(3171, '19th-century')
(3172, 'dirk')
(3173, 'lindsey')
(3174, 'tangled')
(3175, 'retreating')
(3176, 'invitation')
(3177, 'turf')
(3178, '1.93')
(3179, 'searching')
(3180, 'concertos')
(3181, 'wad')
(3182, 'merrill')
(3183, 'divorced')
(3184, 'spoken')
(3185, 'question')
(3186, 'neglect')
(3187, 'domineering')
(3188, 'pershare')
(3189, 'insist')
(3190, 'temporarily')
(3191, 'americans')
(3192, 'spanish')
(3193, 'impossible')
(3194, 'sounds')
(3195, 'size')
(3196, 'robe')
(3197, 'wrath')
(3198, 'quality')
(3199, 'bite')
(3200, 'trillion')
(3201, '36-year-old')
(3202, 'arousing')
(3203, 'calculate')
(3204, 'cite')
(3205, 'eyes')
(3206, 'privately')
(3207, 'alan')
(3208, 'pompano')
(3209, 'repossess')
(3210, 'ridiculous')
(3211, 'packet')
(3212, '150,000')
(3213, 'specialists')
(3214, 'once-cozy')
(3215, 'titans')
(3216, 'wide')
(3217, 'television')
(3218, 'travis')
(3219, 'structured')
(3220, 'spokeswoman')
(3221, 'anti-western')
(3222, 'cards')
(3223, 'agnelli-related')
(3224, 'youths')
(3225, 'unfairly')
(3226, 'thriller')
(3227, 'pro')
(3228, 'greece')
(3229, 'notebook')
(3230, 'onerous')
(3231, 'medical')
(3232, 'plunge')
(3233, 'climbed')
(3234, 'anger')
(3235, 'recover')
(3236, 'leasing')
(3237, 'one-time')
(3238, 'answering')
(3239, 'shocked')
(3240, '18th')
(3241, 'operated')
(3242, 'high-technology')
(3243, '1,250')
(3244, 'norman')
(3245, 'theatre')
(3246, 'opposite')
(3247, 'track')
(3248, '208')
(3249, 'functionaries')
(3250, 'indicted')
(3251, '173.1')
(3252, 'backlogs')
(3253, 'feuding')
(3254, 'amtran')
(3255, 'printed')
(3256, 'montgolfiere')
(3257, 'complaints')
(3258, 'picture')
(3259, 'especially')
(3260, 'hungry')
(3261, 'pores')
(3262, 'sodas')
(3263, 'lowering')
(3264, 'clearing')
(3265, 'obligatto')
(3266, 'treats')
(3267, 'liquidity')
(3268, 'atlantic')
(3269, '8.0087')
(3270, 'brainchild')
(3271, 'surplus')
(3272, 'filed')
(3273, 'arrears')
(3274, 'trop')
(3275, 'yankee-come-lately')
(3276, 'hustles')
(3277, 'specifically')
(3278, 'peduzzi')
(3279, 'favor')
(3280, 'destruction')
(3281, 'honey')
(3282, 'texture')
(3283, '42')
(3284, 'inventions')
(3285, 'sierra')
(3286, 'dreaded')
(3287, 'ranking')
(3288, 'savoring')
(3289, 'montgolfing')
(3290, 'loath')
(3291, 'responding')
(3292, 'nearly')
(3293, 'lighter')
(3294, 'metromedia-itt')
(3295, 'crossed')
(3296, 'seoul')
(3297, 'secondary')
(3298, 'angered')
(3299, 'high-backed')
(3300, 'ducking')
(3301, 'leather')
(3302, '8.33')
(3303, 'versions')
(3304, 'logan')
(3305, 'planned')
(3306, 'stupid')
(3307, 'brewing')
(3308, 'vacancies')
(3309, 'ignored')
(3310, 'declared')
(3311, 'practiced')
(3312, 'picnic')
(3313, 'encourages')
(3314, 'baseball-loving')
(3315, 'actively')
(3316, 'flat-footed')
(3317, 'misconduct')
(3318, 'stanley')
(3319, 'heavy')
(3320, 'sport')
(3321, 'itt')
(3322, 'milton')
(3323, '80-page')
(3324, 'parent')
(3325, 'halfhearted')
(3326, 'representatives')
(3327, 'serkin')
(3328, 'forecast')
(3329, 'moslems')
(3330, 'import')
(3331, 'geometric')
(3332, 'golfing')
(3333, 'urban')
(3334, '8.44')
(3335, '8.45')
(3336, '8.40')
(3337, 'eye')
(3338, '27')
(3339, 'citation')
(3340, 'ex-dividend')
(3341, '8.49')
(3342, 'now-defunct')
(3343, '3.4')
(3344, 'jets')
(3345, 'market-research')
(3346, 'unfettered')
(3347, 'undermine')
(3348, 'sumitomo')
(3349, 'lawn')
(3350, 'bite-sized')
(3351, 'recovered')
(3352, 'acquiring')
(3353, 'rippe')
(3354, 'efficiency')
(3355, 'region')
(3356, 'hours')
(3357, 'fairway')
(3358, 'sketchy')
(3359, 'concentrate')
(3360, 'patrons')
(3361, 'holders')
(3362, 'long-distance')
(3363, 'traded')
(3364, 'comes')
(3365, 'stretches')
(3366, 'cabal')
(3367, 'billion-yen')
(3368, 'jeans')
(3369, '50,000')
(3370, 'satisfaction')
(3371, 'maintained')
(3372, 'white-haired')
(3373, 'clambered')
(3374, '66')
(3375, 'trimmed')
(3376, 'moreover')
(3377, '100-share')
(3378, 'poll')
(3379, 'two-year')
(3380, 'turkey')
(3381, 'squaring')
(3382, 'arts')
(3383, 'eight-team')
(3384, 'howard')
(3385, 'stretch')
(3386, 'foggs')
(3387, 'airlines')
(3388, 'invent')
(3389, 'motives')
(3390, 'barrett')
(3391, 'hardly')
(3392, 'monsieur')
(3393, '4.875')
(3394, '75-cent')
(3395, 'dates')
(3396, 'cattrall')
(3397, 'repair')
(3398, 'dramatic')
(3399, 'walkie-talkie')
(3400, 'odyssey')
(3401, '0.60')
(3402, 'stacked')
(3403, 'processes')
(3404, 'consultant')
(3405, 'mount')
(3406, 'easier')
(3407, 'trick')
(3408, 'prime-2')
(3409, 'policies')
(3410, 'newspaper')
(3411, 'situation')
(3412, 'mound')
(3413, 'sorghum')
(3414, 'invited')
(3415, 'mining')
(3416, 'non-flight')
(3417, 'misanthrope')
(3418, 'conferences')
(3419, 'alcoholic')
(3420, 'soil')
(3421, 'brow')
(3422, 'health-care')
(3423, 'engaged')
(3424, 'discrepancy')
(3425, 'berra')
(3426, 'strain')
(3427, 'mcgregor')
(3428, '13.5')
(3429, '13.3')
(3430, '13.1')
(3431, '79.18')
(3432, 'editing/electronic')
(3433, 'develop')
(3434, 'payouts')
(3435, 'etc')
(3436, 'admit')
(3437, 'lambert')
(3438, 'karim')
(3439, '550,000')
(3440, 'manila')
(3441, 'distilled')
(3442, 'a.m.')
(3443, 'stepped')
(3444, 'slate')
(3445, 'cramming')
(3446, 'practicing')
(3447, 'high-production')
(3448, 'oceanographic')
(3449, 'hunter')
(3450, 'refusal')
(3451, 'driver')
(3452, 'billing')
(3453, 'barber')
(3454, 'biting')
(3455, 'intended')
(3456, 'thornburgh')
(3457, 'totally')
(3458, 'tradition')
(3459, 'recapture')
(3460, 'tracking')
(3461, 'weakened')
(3462, 'journalists')
(3463, 'minimize')
(3464, 'lady')
(3465, 'bailiff')
(3466, 'peculiarities')
(3467, '779.8')
(3468, 'trains')
(3469, 'republicans')
(3470, 'reward')
(3471, 'justify')
(3472, 'alfalfa')
(3473, 'asset-backed')
(3474, 'adjustments')
(3475, 'resolution')
(3476, 'safeguards')
(3477, 'belzberg')
(3478, 'mazzera')
(3479, 'touch')
(3480, 'polish')
(3481, 'speed')
(3482, 'multiples')
(3483, 'weekly')
(3484, 'conn.-based')
(3485, 'knotty')
(3486, 'thinking')
(3487, 'except')
(3488, 'lender')
(3489, 'instrument')
(3490, '4')
(3491, 'brezinski')
(3492, 'sportif')
(3493, 'dicks')
(3494, 'ross')
(3495, 'northeast')
(3496, 'nec')
(3497, 'swig')
(3498, '65,200')
(3499, 'unnecessary')
(3500, 'pse')
(3501, '1472.76')
(3502, 'mirroring')
(3503, 'exploited')
(3504, 'cinzano')
(3505, 'execution')
(3506, 'reap')
(3507, 'unwilling')
(3508, 'clues')
(3509, 'furniture')
(3510, 'christina')
(3511, 'disposing')
(3512, 'employs')
(3513, 'clad')
(3514, 'remarkable')
(3515, 'superiority')
(3516, 'occasions')
(3517, 'dilution')
(3518, 'sweetheart')
(3519, 'apologists')
(3520, 'pittsburg')
(3521, 'moving')
(3522, 'draw')
(3523, 'competition')
(3524, '30-share')
(3525, 'menu')
(3526, 'arms-reduction')
(3527, 'bigger')
(3528, 'matching')
(3529, '27,500')
(3530, 'deputy')
(3531, 'gross')
(3532, 'genetics')
(3533, 'mood')
(3534, 'illustrated')
(3535, 'confirm')
(3536, '13.50')
(3537, 'noon')
(3538, 'propel')
(3539, 'conservative')
(3540, '2170')
(3541, 'provider')
(3542, 'staffs')
(3543, 'sunrise')
(3544, 'lucid')
(3545, 'porter')
(3546, 'leaned')
(3547, 'unsuccessfully')
(3548, 'marriage')
(3549, 'scientific')
(3550, 'norberto')
(3551, 'chefs')
(3552, 'notable')
(3553, 'verdict')
(3554, 'hidden')
(3555, 'gauloises')
(3556, 'windfalls')
(3557, 'meets')
(3558, 'leadership')
(3559, '70')
(3560, 'sixty')
(3561, 'purse')
(3562, 'inflation-adjusted')
(3563, 'throw')
(3564, 'beaches')
(3565, 'conducting')
(3566, 'integrated-circuit')
(3567, '80%-owned')
(3568, '40,800')
(3569, 'oh')
(3570, 'surged')
(3571, 'capable')
(3572, '7.91')
(3573, 'ideology')
(3574, '8.53')
(3575, 'locally')
(3576, 'fertile')
(3577, 'instruments')
(3578, 'image')
(3579, 'miranda')
(3580, 'authorities')
(3581, 'references')
(3582, 'described')
(3583, 'class')
(3584, 'acquiesced')
(3585, 'shags')
(3586, 'omega')
(3587, 'minn.')
(3588, 'stark')
(3589, 'ever-growing')
(3590, 'garment')
(3591, 'potpourri')
(3592, 'goodman')
(3593, 'survives')
(3594, 'worsened')
(3595, 'fundamentals')
(3596, 'fixture')
(3597, 'pleased')
(3598, 'joseph')
(3599, 'cabinet')
(3600, 'philosophers')
(3601, 'narrower')
(3602, 'two-thirds')
(3603, 'elimination')
(3604, 'trying')
(3605, 'pull')
(3606, 'grasp')
(3607, 'miss.')
(3608, 'arranged')
(3609, 'intermission')
(3610, 'traced')
(3611, 'centerfielder')
(3612, 'corrective')
(3613, 'organize')
(3614, '8.019')
(3615, 'alienating')
(3616, 'connect')
(3617, 'gone')
(3618, '12-inches')
(3619, 'ag')
(3620, 'alarm')
(3621, 'ingeniously')
(3622, 'girlfriend')
(3623, 'dignitaries')
(3624, 'cream')
(3625, 'wash.')
(3626, 'unwelcome')
(3627, 'retiring')
(3628, 'foothills')
(3629, 'rubber')
(3630, 'tight')
(3631, '182-day')
(3632, 'thousand')
(3633, 'oeufs')
(3634, 'outfield')
(3635, 'burnham')
(3636, 'formed')
(3637, '4,000')
(3638, 'students')
(3639, 'crime')
(3640, 'forgettable')
(3641, 'forbidding-looking')
(3642, 'looseleaf')
(3643, 'massachusetts')
(3644, 'planners')
(3645, 'deadline')
(3646, 'shipping')
(3647, 'eight-time')
(3648, 'slowball')
(3649, 'waived')
(3650, 'tricks')
(3651, 'insulation')
(3652, 'principal')
(3653, 'posts')
(3654, 'daughters')
(3655, 'dyes')
(3656, 'bolton')
(3657, 'external')
(3658, '7.14')
(3659, 'represent')
(3660, 'homes')
(3661, 'daignault')
(3662, '400,000')
(3663, '48-year-old')
(3664, 'tours')
(3665, 'publish')
(3666, 'renege')
(3667, 'cincinnati')
(3668, 'groupe')
(3669, 'jerome')
(3670, 'dreadful')
(3671, 'vulnerability')
(3672, 'referring')
(3673, 'high-security')
(3674, 'ever-changing')
(3675, '1.76')
(3676, 'pricing')
(3677, '1930s')
(3678, 'friday')
(3679, 'wako')
(3680, 'high-performing')
(3681, 'ceremony')
(3682, 'safety')
(3683, 'lawmakers')
(3684, 'guts')
(3685, 'worse')
(3686, 'returning')
(3687, 'fat')
(3688, 'plaid')
(3689, 'worst')
(3690, '109.85')
(3691, 'surprise')
(3692, 'existing')
(3693, 'enter')
(3694, 'epinalers')
(3695, 'heaven')
(3696, 'cable')
(3697, 'roy')
(3698, 'louis')
(3699, 'laying')
(3700, 'worded')
(3701, 'sang')
(3702, 'pronounced')
(3703, 'harry')
(3704, 'tender')
(3705, 'exemptions')
(3706, 'portable')
(3707, 'tea')
(3708, 'paso')
(3709, 'ritter')
(3710, 'lending')
(3711, 'harriton')
(3712, 'titles')
(3713, 'coverage')
(3714, 'augusta')
(3715, 'distributorship')
(3716, 'crouched')
(3717, 'stood')
(3718, 'wary')
(3719, 'raw-material')
(3720, 'drifting')
(3721, 'brief')
(3722, 'milk')
(3723, 'doubleday')
(3724, 'gm-jaguar')
(3725, 'scientists')
(3726, 'learned')
(3727, 'movement')
(3728, 'creation')
(3729, 'teodorani')
(3730, 'murphy')
(3731, 'component')
(3732, 'leaping')
(3733, 'answers')
(3734, '7.962')
(3735, 'ranges')
(3736, 'anticipation')
(3737, '11.80')
(3738, 'excess')
(3739, 'flaherty')
(3740, '240,000')
(3741, 'margin')
(3742, 'streaked')
(3743, 'compliance')
(3744, 'experience')
(3745, 'prior')
(3746, 'breakdown')
(3747, 'spy-chasing')
(3748, 'social')
(3749, 'formation')
(3750, 'toxicity')
(3751, '1721.4')
(3752, 'whimsical')
(3753, 'tiananmen')
(3754, 'toughness')
(3755, 'suddenly')
(3756, 'requiring')
(3757, 'sherbet')
(3758, 'africa')
(3759, 'inadvertence')
(3760, 'tassels')
(3761, 'trained')
(3762, 'taxpayers')
(3763, 'fla.')
(3764, 'orwellian')
(3765, '334.5')
(3766, 'takes')
(3767, '156')
(3768, 'montgoris')
(3769, 'objectives')
(3770, 'coupled')
(3771, 'strauss')
(3772, 'laboratory')
(3773, 'savored')
(3774, 'resident')
(3775, 'oil-producing')
(3776, 'pitching')
(3777, '6')
(3778, 'brunswick')
(3779, 'achieving')
(3780, 'countercultural')
(3781, 'pawing')
(3782, '273')
(3783, 'knows')
(3784, '13.2')
(3785, 'ejected')
(3786, 're-elected')
(3787, 'lush')
(3788, 'meal')
(3789, 'baseman')
(3790, 'big-name')
(3791, 'apprehensions')
(3792, 'controlling')
(3793, 'hissed')
(3794, 'sleeping')
(3795, '5.9')
(3796, 'organization')
(3797, 'painting')
(3798, 'science')
(3799, 'phrasing')
(3800, 'faced')
(3801, 'pressing')
(3802, 'morgan')
(3803, 'abandon')
(3804, 'eichof')
(3805, 'history')
(3806, 'dutifully')
(3807, 'nautilus')
(3808, 'prompt')
(3809, '746')
(3810, 'hanover')
(3811, 'winnetka')
(3812, 'wallet')
(3813, 'quartets')
(3814, 'cows')
(3815, 'pond')
(3816, 'ornette')
(3817, 'charged')
(3818, 'beef')
(3819, '5.4')
(3820, 'equities')
(3821, 'hugo')
(3822, 'morning-session')
(3823, 'stayed')
(3824, '78.64')
(3825, 'conventioners')
(3826, 'stemming')
(3827, 'heartwarmingly')
(3828, '534,000')
(3829, 'par')
(3830, 'reflect')
(3831, 'plane')
(3832, 'dec.')
(3833, 'unsurprising')
(3834, 'remediation')
(3835, 'ethics')
(3836, 'sloppy')
(3837, 'tricky')
(3838, 'inkling')
(3839, 'finest')
(3840, 'resemble')
(3841, 'register')
(3842, 'overnight')
(3843, 'stadiums')
(3844, 'ego')
(3845, 'fundamental')
(3846, 'pleasure')
(3847, 'dream')
(3848, 'kickback')
(3849, 'turnover')
(3850, 'adorned')
(3851, 'shevardnadze')
(3852, 'attitude')
(3853, 'signs')
(3854, 'atrun')
(3855, 'arrogant')
(3856, 'developer')
(3857, '8.63')
(3858, 'shortstop')
(3859, 'susceptible')
(3860, 'gerald')
(3861, 'teeming')
(3862, 'kluge')
(3863, 'high-ranking')
(3864, 'conn.')
(3865, 'stephen')
(3866, 'release')
(3867, 'offensive')
(3868, 'alter')
(3869, 'arguments')
(3870, 'fool')
(3871, 'fireproofing')
(3872, 'dusk')
(3873, 'seeking')
(3874, '19-year-olds')
(3875, 'socially')
(3876, 'reigning')
(3877, 'reflected')
(3878, 'husky')
(3879, 'permissible')
(3880, 'fifth-largest')
(3881, 'bancorp')
(3882, 'impressive')
(3883, 'stewed')
(3884, 'real-estate')
(3885, 'assemblies')
(3886, 'presented')
(3887, 'rigueur')
(3888, 'capability')
(3889, 'positions')
(3890, 'resnick')
(3891, 'untapped')
(3892, 'exquisite')
(3893, 'referred')
(3894, 'groundball')
(3895, 'england')
(3896, '179')
(3897, 'pork')
(3898, 'clutch')
(3899, 'slowdown')
(3900, 'seniority')
(3901, 'wisecracks')
(3902, 'flower')
(3903, 'funding')
(3904, 'telltale')
(3905, 's.a.')
(3906, 'scoops')
(3907, '1.75')
(3908, 'longtime')
(3909, '7')
(3910, 'boosted')
(3911, 'congenial')
(3912, 'feb.')
(3913, 'drink')
(3914, 'bass')
(3915, 'risen')
(3916, 'convocation')
(3917, 'stronger-than-expected')
(3918, 'dictation')
(3919, 'mikhail')
(3920, 'experimenting')
(3921, 'proxy')
(3922, 'four-month')
(3923, 'ask')
(3924, 'matthews')
(3925, 'attendant')
(3926, 'rises')
(3927, 'speculation')
(3928, 'lag')
(3929, 'retained')
(3930, 'broad-based')
(3931, 'persuading')
(3932, 'pilote')
(3933, 'deja')
(3934, 'avec')
(3935, 'investigates')
(3936, 'fallen')
(3937, 'throws')
(3938, 'fancy')
(3939, 'linking')
(3940, 'revolution')
(3941, 'embraced')
(3942, 'outnumbered')
(3943, 'heights')
(3944, 'beret')
(3945, 'passes')
(3946, 'story')
(3947, 'joint-venture')
(3948, 'heads')
(3949, 'errors')
(3950, 'st.')
(3951, 'threatening')
(3952, 'obligatory')
(3953, 'paint')
(3954, 'regulation')
(3955, 'station')
(3956, 'expand')
(3957, 'erupted')
(3958, 'dfc')
(3959, 'shifted')
(3960, 'pest-control')
(3961, 'behind')
(3962, 'wrestling')
(3963, 'interviewed')
(3964, 'appreciation')
(3965, 'treasurer')
(3966, 'muscled')
(3967, 'surrogate')
(3968, 'focusing')
(3969, 'convinced')
(3970, 'grace')
(3971, 'reliever')
(3972, 'alfresco')
(3973, 'scheme')
(3974, 'nagging')
(3975, 'gotten')
(3976, 'cross-pollinated')
(3977, 'slowed')
(3978, 'arcata')
(3979, 'determined')
(3980, 'delay')
(3981, 'sister')
(3982, 'midmorning')
(3983, 'amass')
(3984, 'deciding')
(3985, 'departments')
(3986, 'lilting')
(3987, 'strengthen')
(3988, 'ious')
(3989, 'greenwich')
(3990, 'immigrant')
(3991, 'guarding')
(3992, 'garfield')
(3993, 'substantial')
(3994, 'contest')
(3995, 'ambitious')
(3996, 'controlled')
(3997, 'pipelines')
(3998, 'super-user')
(3999, 'mountain')
(4000, 'collateralized')
(4001, '7.77')
(4002, 'destabilizing')
(4003, 'gorbachev')
(4004, 'interferes')
(4005, 'accountable')
(4006, 'conforming')
(4007, 'lip')
(4008, 'elianti')
(4009, 'genetically')
(4010, 'sherry')
(4011, 'sunnyvale')
(4012, 'intervened')
(4013, 'measures')
(4014, 'reach')
(4015, 'martha')
(4016, 'exempted')
(4017, 'anti-takeover')
(4018, 'freddie')
(4019, 'virus')
(4020, 'hired')
(4021, 'seasons')
(4022, '16th-century')
(4023, 'extremely')
(4024, 'soared')
(4025, 'ark.')
(4026, 'pocketing')
(4027, 'toronto-based')
(4028, 'performances')
(4029, 'rockefeller')
(4030, 'concessions')
(4031, 'barred')
(4032, '7.78')
(4033, 'tymnet')
(4034, 'velocity')
(4035, 'usual')
(4036, 'lying')
(4037, 'joining')
(4038, 'sector')
(4039, 'thomas')
(4040, 'heady')
(4041, 'distort')
(4042, 'cdc')
(4043, 'commissions')
(4044, 'lay')
(4045, 'defended')
(4046, 'hats')
(4047, 'minikes')
(4048, 'networks')
(4049, 'impact')
(4050, 'indicator')
(4051, 'keychain')
(4052, 'deserts')
(4053, 'northern')
(4054, 'zen-like')
(4055, 'pre-approved')
(4056, '189.8')
(4057, 'flights')
(4058, 'generators')
(4059, 'surveyed')
(4060, 'distributes')
(4061, 'indifference')
(4062, 'giants')
(4063, 'brauerei')
(4064, 'obtain')
(4065, 'observatory')
(4066, 'reporters')
(4067, 'conciliatory')
(4068, 'alexander')
(4069, 'resolve')
(4070, 'left-wing')
(4071, 'railbikes')
(4072, 'statism')
(4073, 'mistakes')
(4074, 'statist')
(4075, 'switzerland')
(4076, 'precaution')
(4077, 'composite')
(4078, 'scanning')
(4079, 'natural-resources')
(4080, 'dump')
(4081, 'achieved')
(4082, 'throwing')
(4083, 'declines')
(4084, 'tended')
(4085, 'correspondent')
(4086, 'gas-turbine')
(4087, 'cleverly')
(4088, 'institutes')
(4089, 'aberdeen')
(4090, 'project')
(4091, '#')
(4092, '1,214')
(4093, 'negotiator')
(4094, 'matter')
(4095, 'precocious')
(4096, '7.93')
(4097, 'affiliate')
(4098, 'affairs')
(4099, 'champagne')
(4100, 'risks')
(4101, 'solo')
(4102, 'complementary')
(4103, 'targeted')
(4104, 'unhappiness')
(4105, 'succeed')
(4106, 'opposition')
(4107, 'fetchingly')
(4108, 'franchisee')
(4109, 'defunct')
(4110, 'feeling')
(4111, 'license')
(4112, 'secrets')
(4113, 'bidder')
(4114, 'explore')
(4115, 'les')
(4116, 'redemptions')
(4117, 'focused')
(4118, 'approve')
(4119, 'upgraded')
(4120, 'vehicles')
(4121, 'flies')
(4122, 'regulates')
(4123, '7.875')
(4124, 'top-secret')
(4125, 'sweet')
(4126, 'ga.')
(4127, 'tapestry')
(4128, 'slots')
(4129, 'throughout')
(4130, 'n.v.')
(4131, 'reneging')
(4132, '288')
(4133, 'off-budget')
(4134, 'acceptance')
(4135, 'clyde')
(4136, 'whom')
(4137, 'reduction')
(4138, 'complicated')
(4139, 'association-college')
(4140, 'collected')
(4141, 'grant')
(4142, 'orioles')
(4143, 'retribution')
(4144, 'intervene')
(4145, 'treatment')
(4146, 'first-year')
(4147, 'heaviest')
(4148, 'partly')
(4149, 'clipped')
(4150, 'then-21')
(4151, 'wet')
(4152, 'precision')
(4153, 'ratings')
(4154, 'gao')
(4155, 'vaguely')
(4156, 'lives')
(4157, 'demand')
(4158, 'wood')
(4159, 'floating-point')
(4160, 'stertz')
(4161, 'grains')
(4162, 'awesome')
(4163, 'governor')
(4164, '3.35')
(4165, 'fleet')
(4166, 'mitchell')
(4167, '31')
(4168, 'pack')
(4169, 'bailiffs')
(4170, 'adjusts')
(4171, 'costly')
(4172, 'improvisation')
(4173, 'violently')
(4174, 'dotting')
(4175, 'mists')
(4176, 'audience-friendly')
(4177, 'disappointing')
(4178, 'centennial')
(4179, 'owes')
(4180, 'ready')
(4181, 'industrial-product')
(4182, 'okla.')
(4183, 'fannie')
(4184, 'currents')
(4185, 'definitive')
(4186, 'dax')
(4187, 'cuisine')
(4188, 'lengthy')
(4189, 'baa-1')
(4190, 'savings-and-loan')
(4191, 'oriole')
(4192, 'vries')
(4193, 'shorter')
(4194, 'peoples')
(4195, 'well-hit')
(4196, 'budged')
(4197, 'dozen')
(4198, 'lid')
(4199, 'covetous')
(4200, 'biochemist')
(4201, 'mow')
(4202, 'cardholders')
(4203, 'jealously')
(4204, '143,800')
(4205, 'coercion')
(4206, 'priceless')
(4207, 'brussels')
(4208, 'noticeably')
(4209, 'consulted')
(4210, 'pre-trial')
(4211, 'cheek')
(4212, 'bounces')
(4213, 'anybody')
(4214, 'cheer')
(4215, 'edge')
(4216, 'extorted')
(4217, 'swiss')
(4218, '267')
(4219, 'docket')
(4220, 'appalled')
(4221, 'howl')
(4222, 'yankees')
(4223, '1967')
(4224, 'desk')
(4225, 'quarters')
(4226, 'distracting')
(4227, 'fertilizing')
(4228, 'openly')
(4229, 'love')
(4230, '50.1')
(4231, 'prince')
(4232, 'timber')
(4233, 'lit')
(4234, 'helping')
(4235, 'surprises')
(4236, 'danger')
(4237, 'guaranteed')
(4238, 'nikko')
(4239, 'weakness')
(4240, 'rangers')
(4241, 'stock-market')
(4242, 'parents')
(4243, 'location')
(4244, 'sydney')
(4245, 'waleson')
(4246, 'painfully')
(4247, 'administrative')
(4248, 'durable')
(4249, 'frustrate')
(4250, 'demands')
(4251, 'condemnation')
(4252, 'competing')
(4253, '172.5')
(4254, 'foreigners')
(4255, 'modifications')
(4256, 'sorting')
(4257, 'shaped')
(4258, 'glove')
(4259, 'consensus')
(4260, 'arthur')
(4261, 'yorker')
(4262, 'popular')
(4263, 'essential')
(4264, 'spins')
(4265, 'licensing')
(4266, 'concedes')
(4267, 'hinted')
(4268, 'buttons')
(4269, 'obliged')
(4270, '30s')
(4271, 'redistributionism')
(4272, '3.6')
(4273, 'trends')
(4274, 'palm')
(4275, 'hard-line')
(4276, 'gauge')
(4277, 'scuttled')
(4278, 'fanfare')
(4279, '67-year-old')
(4280, '3.9')
(4281, 'culprit')
(4282, 'imminent')
(4283, 'exceeding')
(4284, 'per')
(4285, 'marble-columned')
(4286, 'eliminate')
(4287, 'fortney')
(4288, 'durables')
(4289, 'mutts')
(4290, 'claimed')
(4291, '2120.5')
(4292, 'continuing')
(4293, 'cedar')
(4294, 'jazzy')
(4295, '4.67')
(4296, 'severe')
(4297, 'lasts')
(4298, 'served')
(4299, 'refuses')
(4300, 'at&t')
(4301, 'troops')
(4302, 'dormant')
(4303, '1,200')
(4304, '76')
(4305, 'tracing')
(4306, 'weatherbeaten')
(4307, 'mrs.')
(4308, 'biennial')
(4309, 'blackmailed')
(4310, 'johanson')
(4311, 'classics')
(4312, 'farmers')
(4313, 'disclosure')
(4314, 'precisely')
(4315, 'nsa')
(4316, 'intraday')
(4317, 'enthusiasms')
(4318, 'trade-in')
(4319, 'traduce')
(4320, 'creamy')
(4321, 'spending')
(4322, 'measured')
(4323, 'bargaining')
(4324, 'fast')
(4325, 'eurobond')
(4326, 'pixie-like')
(4327, 'suit')
(4328, 's.c.')
(4329, 'restraints')
(4330, 'year-ago')
(4331, 'elsewhere')
(4332, 'whopping')
(4333, 'atop')
(4334, '618,000')
(4335, 'goods-producing')
(4336, 'boys')
(4337, 'two-part')
(4338, 'investment-banking')
(4339, 'dull')
(4340, 'motive')
(4341, 'rejection')
(4342, 'entry')
(4343, 'demeanor')
(4344, 'testaments')
(4345, 'generating')
(4346, 'cautiously')
(4347, 'mature')
(4348, 'holler')
(4349, 'supposedly')
(4350, '39-year-old')
(4351, 'genial')
(4352, 'associated')
(4353, 'adults')
(4354, 'figured')
(4355, 'five-year-old')
(4356, 'squinted')
(4357, 'commissioner')
(4358, 'u.s.a')
(4359, 'impasse')
(4360, 'fractional')
(4361, 'porous')
(4362, 'dessert-menu')
(4363, 'employment')
(4364, 'vendor')
(4365, 'application')
(4366, 'sterilize')
(4367, 'reputation')
(4368, '362')
(4369, 'muddled')
(4370, 'elements')
(4371, 'spectators')
(4372, 'lewdness')
(4373, 'lend')
(4374, 'tribune-democrat')
(4375, 'robots')
(4376, 'fertilized')
(4377, 'drag')
(4378, 'prepares')
(4379, 'hazardous-waste-site')
(4380, 'clue')
(4381, 'structure')
(4382, '368.3')
(4383, 'bases')
(4384, 'disbelief')
(4385, 'turbines')
(4386, 'norwegians')
(4387, 'circuit')
(4388, '6.25')
(4389, 'rulings')
(4390, 'protests')
(4391, 'bribe')
(4392, 'berries')
(4393, 'provided')
(4394, 'stones')
(4395, 'code')
(4396, 'minors')
(4397, 'unemployment')
(4398, 'hurricane')
(4399, 'resistance')
(4400, 'soften')
(4401, 'windy')
(4402, 'ga')
(4403, 'intricate')
(4404, 'adjustment')
(4405, 'excludes')
(4406, 'hovered')
(4407, 'longstanding')
(4408, 'boom-or-bust')
(4409, 'iii')
(4410, 'arrogance')
(4411, 'intensive')
(4412, 'garrett')
(4413, 'chaps')
(4414, 'excluded')
(4415, 'dislike')
(4416, 'friendly')
(4417, 'murderous')
(4418, 'dessert')
(4419, 'continues')
(4420, 'genius')
(4421, 'engineered')
(4422, 'intel')
(4423, 'putting')
(4424, 'cellular')
(4425, 'twice')
(4426, 'redefinition')
(4427, 'heiwa')
(4428, 'categories')
(4429, 'timely')
(4430, 'sparked')
(4431, 'meant')
(4432, 'knight')
(4433, 'watered')
(4434, 'rearing')
(4435, '49.4')
(4436, 'nine-day')
(4437, 'bizarre')
(4438, 'proof')
(4439, '2.25')
(4440, 'gripping')
(4441, 'stepping')
(4442, 'arbitragers')
(4443, 'visuals')
(4444, '1982')
(4445, 'lightest')
(4446, 'malice')
(4447, 'naggings')
(4448, 'beanballs')
(4449, 'buffeted')
(4450, 'nests')
(4451, 'massive')
(4452, 'edison')
(4453, 'heavens')
(4454, 'slight')
(4455, 'espresso')
(4456, 'expressed')
(4457, 'indian')
(4458, 'five-year')
(4459, 'nights')
(4460, 'realignments')
(4461, 'toast')
(4462, 'n.m')
(4463, 'stance')
(4464, 'respectively')
(4465, 'pushing')
(4466, '21.44')
(4467, 'puckish')
(4468, 'objects')
(4469, 'n.y')
(4470, 'luis')
(4471, 'research-based')
(4472, 'languishing')
(4473, 'engage')
(4474, 'skyrocketed')
(4475, 'morsels')
(4476, 'dabney')
(4477, '35')
(4478, 'leaving')
(4479, 'shall')
(4480, 'oversees')
(4481, 'knuckles')
(4482, 'residents')
(4483, 'arkoma')
(4484, 'category')
(4485, 'nearest')
(4486, 'astronomer')
(4487, '7.55')
(4488, 'clout')
(4489, 'countermove')
(4490, 'foreign-exchange')
(4491, 'wit')
(4492, 'decrease')
(4493, 'combat')
(4494, 'apply')
(4495, 'cloud')
(4496, 'standing')
(4497, 'confidence')
(4498, 'fee')
(4499, 'hippie')
(4500, 'hudson')
(4501, 'positive')
(4502, 'doubt')
(4503, 'weeping')
(4504, 'face-to-face')
(4505, 'timetable')
(4506, 'themselves')
(4507, 'historically')
(4508, 'midday')
(4509, 'parliament')
(4510, 'gendarme')
(4511, 'trait')
(4512, 'factor')
(4513, 'stone')
(4514, '0.4')
(4515, '9.85')
(4516, 'sharply')
(4517, 'tattered')
(4518, 'shostakovich')
(4519, 'rivalry')
(4520, 'appointed')
(4521, 'boards')
(4522, 'non-communist')
(4523, 'tad')
(4524, 'us$')
(4525, '63.6')
(4526, 'effectively')
(4527, '16.05')
(4528, 'challenge')
(4529, 'clients')
(4530, 'jailed')
(4531, 'unknowns')
(4532, '8.337')
(4533, 'tag')
(4534, 'obvious')
(4535, 'thin')
(4536, 'servants')
(4537, 'refinanced')
(4538, 'meet')
(4539, 'closing')
(4540, 'rehabilitation')
(4541, 'root-canal')
(4542, 'reserved')
(4543, 'jobless')
(4544, 'links')
(4545, '0.3')
(4546, 'tax')
(4547, 'purposes')
(4548, 'evans-black')
(4549, 'professor')
(4550, 'reserves')
(4551, 'pulling')
(4552, 'slip')
(4553, 'surge')
(4554, 'reynolds')
(4555, 'fearsome')
(4556, 'dairy')
(4557, 'summers')
(4558, 'kane')
(4559, 'sit')
(4560, 'dinners')
(4561, 'trumpet')
(4562, 'slovenian')
(4563, 'arrangement')
(4564, 'brian')
(4565, 'responsibilities')
(4566, '3642.90')
(4567, 'reservations')
(4568, 'tension')
(4569, '204.3')
(4570, 'stalked')
(4571, 'farm')
(4572, 'stop')
(4573, 'waters')
(4574, 'winners')
(4575, 'bothered')
(4576, 'ronald')
(4577, 'permanent')
(4578, 'cardinals')
(4579, 'serving')
(4580, 'loaned')
(4581, 'improviser')
(4582, '34')
(4583, 'issued')
(4584, 'boeing')
(4585, 'hefty')
(4586, 'lines')
(4587, 'processor')
(4588, 'quotations')
(4589, 'sailing')
(4590, 'counted')
(4591, 'spreads')
(4592, 'brahms')
(4593, 'producer')
(4594, 'institutional')
(4595, 'manufactured')
(4596, '3/8')
(4597, 'permission')
(4598, 'la')
(4599, 'chosen')
(4600, 'ample')
(4601, '2-for-1')
(4602, 'meantime')
(4603, 'tyler')
(4604, 'restrain')
(4605, 'asking')
(4606, 'melloan')
(4607, 'clusters')
(4608, 'holiday')
(4609, 'crowds')
(4610, 'alleging')
(4611, '8.3875')
(4612, 'crash')
(4613, 'contributions')
(4614, '3.5')
(4615, 'fiesta')
(4616, 'federico')
(4617, 'sweets')
(4618, 'sonata')
(4619, 'front')
(4620, 'republican')
(4621, 'capital-gains')
(4622, 'literacy')
(4623, 'articles')
(4624, 'subsidiaries')
(4625, 'toes')
(4626, 'ismaili')
(4627, 'l.')
(4628, 'warned')
(4629, 'cellists')
(4630, '136,800')
(4631, 'identified')
(4632, 'fields')
(4633, 'accompanied')
(4634, 'promises')
(4635, 'seniors')
(4636, "bird's-eye")
(4637, 'alisarda')
(4638, 'dixie')
(4639, 'jointly')
(4640, 'testifying')
(4641, 'hong')
(4642, '700')
(4643, 'administrator')
(4644, 'tack')
(4645, 'society')
(4646, '89')
(4647, 'lobbied')
(4648, 'advancing')
(4649, '80')
(4650, 'patch')
(4651, 'gallant')
(4652, 'requisition')
(4653, 'denies')
(4654, 'fundamentally')
(4655, 'malcolm')
(4656, 'unencumbered')
(4657, 'bad')
(4658, 'rival')
(4659, 'critics')
(4660, 'superbly')
(4661, 'imperious')
(4662, 'libor')
(4663, 'insolvent')
(4664, 'postpone')
(4665, 'lighter-than-air')
(4666, 'dissented')
(4667, '1986')
(4668, '582')
(4669, 'alleged')
(4670, 'frank')
(4671, 'delegates')
(4672, 'anyone')
(4673, 'promptly')
(4674, 'fourteen')
(4675, 'ill.')
(4676, 'provident')
(4677, 'improvisational')
(4678, 'shun')
(4679, 'broker-dealer')
(4680, 'afterward')
(4681, 'spring-training')
(4682, 'sardinia')
(4683, 'dubbed')
(4684, 'mac')
(4685, 'riding')
(4686, 'acres')
(4687, 'ltd')
(4688, 'barriers')
(4689, 'retain')
(4690, 'discussions')
(4691, 'retail')
(4692, 'austin')
(4693, 'justifying')
(4694, 'degree')
(4695, 'respond')
(4696, '2,000')
(4697, 'powerful')
(4698, 'programmatic')
(4699, 'mosher')
(4700, 'autographed')
(4701, 'embarrassed')
(4702, 'kingman')
(4703, 'reliable')
(4704, 'umbrellas')
(4705, 'examine')
(4706, 'maurice')
(4707, 'athletics')
(4708, 'perfectly')
(4709, 'behaved')
(4710, 'tourists')
(4711, 'tidbit')
(4712, 'shell')
(4713, 'sealed')
(4714, 'quarry')
(4715, 'smolder')
(4716, 'doomed')
(4717, 'scrambling')
(4718, '7.45')
(4719, 'slides')
(4720, 'reflecting')
(4721, 'bassist')
(4722, 'incident')
(4723, 'fuzzy')
(4724, 'overwhelming')
(4725, 'completes')
(4726, 'steel')
(4727, 'resist')
(4728, 'cash-flush')
(4729, 'employer')
(4730, 'reacted')
(4731, '16-year-olds')
(4732, 'drenching')
(4733, 'embody')
(4734, 'innovated')
(4735, 'amble')
(4736, 'encore')
(4737, 'c.d.s')
(4738, '1.6')
(4739, '1.1')
(4740, '1.2')
(4741, '1.3')
(4742, '1.9')
(4743, 'reassuring')
(4744, 'goldberg')
(4745, 'sincerity')
(4746, 'dictate')
(4747, '9.75')
(4748, 'apparently')
(4749, 'instrumentation')
(4750, 'documents')
(4751, 'crippling')
(4752, 'bassoon')
(4753, '2.7')
(4754, 'switch')
(4755, 'battles')
(4756, 'instance')
(4757, '326')
(4758, '1.34')
(4759, 'lancaster')
(4760, 'rejoining')
(4761, 'duels')
(4762, 'improvised')
(4763, 'collaboration')
(4764, 'learns')
(4765, 'capacity')
(4766, 'intrinsic')
(4767, 'why')
(4768, '132.00')
(4769, 'gurus')
(4770, '800,000')
(4771, '410,000')
(4772, 'consequences')
(4773, 'sweeping')
(4774, '1,001')
(4775, 'scrambled')
(4776, 'normally')
(4777, 'fact')
(4778, 'son')
(4779, 'emerging')
(4780, 'parker')
(4781, 'bulging')
(4782, 'vacancy')
(4783, 'greenhouse')
(4784, 'portfolio')
(4785, 'feat')
(4786, '7,400')
(4787, 'partners')
(4788, 'earned')
(4789, '95.2')
(4790, 'winner')
(4791, 'pickup')
(4792, 'controls')
(4793, 'jan')
(4794, 'jam')
(4795, 'tape')
(4796, 'printers')
(4797, 'employee')
(4798, 'communist')
(4799, 'beeper')
(4800, 'q.')
(4801, 'vigor')
(4802, 'abused')
(4803, 'montpelier')
(4804, 'cigar-chomping')
(4805, 'michigan')
(4806, 'overall')
(4807, 'sipping')
(4808, 'listener')
(4809, 'legitimate')
(4810, 'wise')
(4811, 'chips')
(4812, 'nuances')
(4813, 'areas')
(4814, 'gray')
(4815, 'prebon')
(4816, 'amid')
(4817, 'envy-quotient')
(4818, 'married')
(4819, 'wilmington')
(4820, 'street-corner')
(4821, 'dpc')
(4822, 'allegation')
(4823, 'ballplayers')
(4824, 'duffers')
(4825, 'non-japanese')
(4826, 'disavowed')
(4827, 'smooth')
(4828, 'finanziario')
(4829, 'humans')
(4830, 'juxtapose')
(4831, 'gametocide')
(4832, 'grudging')
(4833, 'edition')
(4834, 'desperate')
(4835, '36.6')
(4836, '425,000')
(4837, 'packed')
(4838, 'responses')
(4839, 'asks')
(4840, 'reform')
(4841, 'brunt')
(4842, 'target')
(4843, 'projecting')
(4844, 'progress')
(4845, 'pure-voiced')
(4846, 'pistol')
(4847, 'midnight')
(4848, 'wiry')
(4849, 'obeisance')
(4850, 'ends')
(4851, 'sole')
(4852, 'weighing')
(4853, 'ability')
(4854, 'spares')
(4855, 'importance')
(4856, 'beverages')
(4857, 'antics')
(4858, 'reitman')
(4859, 'manuel')
(4860, 'joe')
(4861, 'defied')
(4862, 'first-quarter')
(4863, 'declining')
(4864, 'monitor')
(4865, 'life-insurance')
(4866, 'defense')
(4867, 'leveraged')
(4868, 'career')
(4869, 'taking')
(4870, 'seven-bedroom')
(4871, 'minds')
(4872, 'strains')
(4873, 'revitalized')
(4874, '8.395')
(4875, 'attributes')
(4876, '32.5')
(4877, '13.625')
(4878, 'jim')
(4879, 'author')
(4880, 'grinevsky')
(4881, 'disarmament')
(4882, 'bikini')
(4883, 'packaging')
(4884, 'heredity')
(4885, 'rapidement')
(4886, 'whispering')
(4887, 'demographic')
(4888, 'bottlers')
(4889, 'flourishing')
(4890, 'quit')
(4891, 'midland')
(4892, 'powered')
(4893, 'addition')
(4894, 'wills')
(4895, 'trademark')
(4896, 'copies')
(4897, 'downgraded')
(4898, '730')
(4899, 'soda')
(4900, 'industriale')
(4901, 'bewkes')
(4902, 'suspicion')
(4903, 'remedies')
(4904, '23.4')
(4905, 'c.')
(4906, 'farmer')
(4907, 'climate')
(4908, 'finished')
(4909, 'disorderly')
(4910, 'upsets')
(4911, 'suspension')
(4912, 'smoking')
(4913, 'present')
(4914, 'divisions')
(4915, 'novel')
(4916, 'couple')
(4917, 'wily')
(4918, 'steep')
(4919, 'vanilla')
(4920, 'promoter')
(4921, 'choices')
(4922, 'rigged')
(4923, 'maul')
(4924, 'stuffing')
(4925, 'thus')
(4926, 'vu')
(4927, 'lightweight')
(4928, '4.55')
(4929, '19.7')
(4930, 'wage-floor')
(4931, 'amadou-mahtar')
(4932, 'belzbergs')
(4933, '7.160')
(4934, 'solely')
(4935, 'yuppie')
(4936, 'campus')
(4937, 'guns')
(4938, 'interloping')
(4939, 'parts')
(4940, 'incumbent')
(4941, 'inch')
(4942, 'negotiate')
(4943, '159.7')
(4944, 'solution')
(4945, 'frivolous')
(4946, 'injured')
(4947, '15/16')
(4948, '0.1')
(4949, 'ball')
(4950, 'raymond')
(4951, 'innings')
(4952, 'promoters')
(4953, 'disagree')
(4954, 'disquieting')
(4955, 'emphasized')
(4956, 'robotic')
(4957, '14.25')
(4958, '257.8')
(4959, 'labor-intensive')
(4960, 'fibreboard')
(4961, 'nevertheless')
(4962, 'modeled')
(4963, 'fighting')
(4964, 'testify')
(4965, 'banker')
(4966, '352')
(4967, 'english')
(4968, 'nondemocratic')
(4969, 'decliners')
(4970, 'creators')
(4971, 'spy-chaser')
(4972, 'laid-back')
(4973, 'routinely')
(4974, 'legendary')
(4975, 'increasingly')
(4976, 'yogi')
(4977, 'soundings')
(4978, 'books')
(4979, 'seats')
(4980, 'tough')
(4981, 'abolish')
(4982, 'mysterious')
(4983, 'rapid')
(4984, 'farther')
(4985, 'stock-picking')
(4986, 'sky')
(4987, 'deposits')
(4988, 'simple')
(4989, 'forbes')
(4990, 'attractive')
(4991, 'peerless')
(4992, 'exempt')
(4993, 'mitre')
(4994, 'unprecedented')
(4995, 'fate')
(4996, 'devised')
(4997, 'crushed')
(4998, 'low-paid')
(4999, 'siemens')
(5000, 'dish')
(5001, 'catchers')
(5002, 'belgium')
(5003, 'displaced')
(5004, 'motorola')
(5005, 'miami')
(5006, 'journalism')
(5007, 'admitted')
(5008, 'lose')
(5009, 'lawson')
(5010, 'preclude')
(5011, 'stain-resistant')
(5012, 'accessible')
(5013, 'privatized')
(5014, '5,600')
(5015, 'foreseeable')
(5016, 'thief')
(5017, 'ideals')
(5018, 'flame')
(5019, '0.6')
(5020, 'novelist')
(5021, '119')
(5022, '39.125')
(5023, 'righthander')
(5024, 'befitting')
(5025, 'bet')
(5026, '13/16')
(5027, 'demonstrates')
(5028, 'lean')
(5029, 'salaries')
(5030, 'favors')
(5031, 'oppression')
(5032, 'passion')
(5033, 'assuming')
(5034, 'york-based')
(5035, 'five-by-eight-inch')
(5036, 'reaching')
(5037, 'shareholdings')
(5038, 'monetary')
(5039, 'expire')
(5040, '27.4')
(5041, '90,000')
(5042, 'stage')
(5043, 'gained')
(5044, 'hair')
(5045, 'carried')
(5046, 'cleans')
(5047, 'label')
(5048, 'concerts')
(5049, '352-mile')
(5050, 'sweat')
(5051, 'concession')
(5052, 'decades')
(5053, 'polished')
(5054, 'yastrzemski')
(5055, 'warrants')
(5056, 'saul')
(5057, 'washington')
(5058, 'billions')
(5059, 'guard')
(5060, 'h.')
(5061, 'tiny')
(5062, 'registration')
(5063, 'aisle')
(5064, 'luxembourg-based')
(5065, 'initially')
(5066, '2.53')
(5067, 'terminated')
(5068, '1980')
(5069, 'off-speed')
(5070, 'transfer')
(5071, 'museum')
(5072, 'impugn')
(5073, 'secret')
(5074, 'restricts')
(5075, 'airline')
(5076, 'stimulative')
(5077, 'breeding')
(5078, 'pretax')
(5079, 'chunk')
(5080, 'naturally')
(5081, 'ubs-phillips')
(5082, 'ireland')
(5083, 'triggered')
(5084, 'english-speaking')
(5085, '8.25')
(5086, 'repeated')
(5087, '8.27')
(5088, 'automated')
(5089, 'ear')
(5090, '25-year-old')
(5091, 'brick')
(5092, 'challenges')
(5093, 'tactics')
(5094, 'dangerous')
(5095, 'mozart')
(5096, 'aiken')
(5097, 'flip')
(5098, 'signed')
(5099, 'imbalances')
(5100, 'converted')
(5101, 'sands')
(5102, 'strengthens')
(5103, 'bearing')
(5104, 'supreme')
(5105, 'kowtow')
(5106, 'eagerness')
(5107, 'devise')
(5108, 'missile')
(5109, 'recounts')
(5110, '911,606')
(5111, '35549.44')
(5112, 'inflation-fighting')
(5113, '1.11')
(5114, 'adversary')
(5115, 'mutual')
(5116, 'mci')
(5117, 'variety')
(5118, '46')
(5119, 'standing-room-only')
(5120, 'percent')
(5121, 'lately')
(5122, 'surreal')
(5123, 'policy-making')
(5124, 'branch')
(5125, 'relive')
(5126, 'scandal')
(5127, 'trunkline')
(5128, 'album')
(5129, 'jumbos')
(5130, 'francisco')
(5131, 'kinds')
(5132, 'witter')
(5133, '475')
(5134, 'contends')
(5135, 'deficit-reduction')
(5136, 'dew-sodden')
(5137, 'additionally')
(5138, 'priced')
(5139, 'friends')
(5140, 'exposure')
(5141, 'extort')
(5142, 'stirred')
(5143, 'starting')
(5144, 'baker')
(5145, 'persistent')
(5146, 'profit')
(5147, 'craft')
(5148, 'ideological')
(5149, 'smoke-filled')
(5150, 'theory-teaching')
(5151, 'cookbook')
(5152, 'retirees')
(5153, 'compromised')
(5154, '<UNK>')
(5155, '<NULL>')
(5156, '<ROOT>')
