('1,800', 2133)
('four', 404)
('aides', 1361)
('consists', 2139)
('undersecretary', 2189)
('captain', 2141)
('whose', 660)
('buddy', 2145)
('eligible', 1362)
('swan', 2146)
('crozier', 2149)
('bailout', 624)
('swap', 2152)
('herbicide', 807)
('plants', 228)
('cruising', 2159)
('propane', 1366)
('flashpoint', 2163)
('leisurely', 2320)
('reforms', 2168)
('overcomes', 2169)
('affect', 1005)
('bringing', 2171)
('vast', 2622)
('pilgrim', 1369)
('disturb', 2173)
('<l>:acl', 37)
('crops', 563)
('companies', 208)
('commons', 2176)
('specialties', 2279)
('heading', 2180)
('charter', 1373)
('force', 808)
('miller', 2183)
('japanese', 676)
('elections', 1238)
('270', 2185)
('elegant', 1374)
('second', 283)
('southwide', 2186)
('afl-cio', 2188)
('sterile', 1375)
('even', 169)
('errors', 3949)
('integrity', 2192)
('cooking', 2532)
('contributed', 809)
('fingers', 1006)
('<l>:discourse', 11)
('spokesman', 505)
('liberated', 2195)
('mainframe', 2196)
('dr.', 2197)
('new', 119)
('net', 811)
('increasing', 2199)
('ever', 663)
('back-on-terra-firma', 2200)
('never', 566)
('disposable', 2202)
('here', 683)
('reported', 406)
('china', 2206)
('active', 664)
('100', 665)
('101', 2208)
('contraction', 2209)
('dry', 2210)
('p.', 1378)
('climbed', 3233)
('reports', 567)
('credit', 2218)
('karim', 3438)
('military', 1381)
('golden', 329)
('reagan', 1009)
('replace', 1932)
('county', 286)
('unix', 1010)
('ninety', 2231)
('moral', 2232)
('stern', 2233)
('scoffed', 2755)
('unit', 408)
('army', 2237)
('watering', 2239)
('arms', 2261)
('cents', 272)
('7.62', 2151)
('music', 568)
('bedrock', 2303)
('strike', 1384)
('survive', 2246)
('type', 2248)
('until', 362)
('relax', 2252)
('successful', 1385)
('feared', 2254)
('training', 253)
('hurt', 1386)
('berlin', 2880)
('kgb', 1095)
('5.16', 2260)
('hurl', 2262)
('90', 507)
('hole', 2263)
('<l>:ccomp', 4)
('chi-chi', 2264)
('94', 2265)
('circumstances', 2911)
('2.68', 2269)
('rights', 671)
('pursue', 2270)
('plunged', 1013)
('rulings', 4389)
('repaid', 1909)
('oleg', 2273)
('concepts', 2276)
('exceptions', 2277)
('example', 815)
('give', 816)
('laughs', 2282)
('lafalce', 2048)
('involve', 2284)
('10,000', 817)
('want', 452)
('advancing', 4648)
('aging', 2735)
('connoisseur', 3026)
('complaining', 3073)
('damage', 2293)
('leaguers', 2294)
('machine', 252)
('how', 236)
('amazing', 2296)
('minority', 672)
('719,000', 2300)
('disassemble', 3147)
('invest/net', 2302)
('<p>:POS', 60)
('wrong', 1397)
('president', 143)
('purchase', 1016)
('attempt', 1017)
('third', 508)
('wins', 1399)
('attracts', 2311)
('baa-1', 4189)
('presiding', 2314)
('first-mortgage', 2315)
('maintain', 1018)
('democratic', 1400)
('wind', 2319)
('operations', 453)
('senators', 2321)
('derring-do', 2324)
('vary', 2325)
('murray', 2326)
('kong', 2331)
('before', 280)
('ex-dividend', 3340)
('10.2', 2332)
('fit', 2333)
('personal', 1019)
('72-game', 2334)
('fix', 2335)
(',', 86)
('sprays', 1406)
('encounter', 2339)
('enlisted', 2340)
('wales', 2341)
('weeks', 454)
('easier', 3406)
('dec.', 3832)
('sterilization', 2347)
('weakness', 4239)
('workout', 2349)
('peoples', 4194)
('educating', 2351)
('silver', 2354)
('pollution-control', 1875)
('debut', 2360)
('pollen-producing', 2363)
('leaned', 3546)
('went', 570)
('side', 1021)
('bond', 610)
('financial', 246)
('enthusiasts', 2372)
('series', 823)
('principles', 1413)
('solution', 4944)
('vote', 1022)
('milan', 1758)
('indianapolis', 1414)
('trading', 305)
('stealing', 2870)
('substantially', 2378)
('laboratory', 3772)
('dawn', 1415)
('sounds', 3194)
('contend', 1416)
('velvet', 2384)
('waive', 2386)
('unrelated', 1833)
('surprise', 3691)
('sluggish', 1418)
('tashi', 1420)
('assured', 2394)
('u.s.', 148)
('7.962', 3734)
('ascending', 1503)
('ramos', 2399)
('aisle', 5063)
('enormous', 2404)
('scruff', 2408)
('signature', 2411)
('uses', 1243)
('r.', 1027)
('greenhouse-produced', 2413)
('speeds', 2414)
('stewart', 1426)
('<l>:expl', 5)
('features', 2416)
('economists', 2417)
('reassure', 2419)
('comforted', 2420)
('executions', 2421)
('featured', 2422)
('179', 3896)
('ditch', 1429)
('feb.', 3912)
('anyone', 4672)
('exchequer', 2428)
('service', 573)
('free-lance', 1626)
('38-year-old', 2436)
('overstating', 2437)
('master', 1029)
('woodwind', 2438)
('nz$', 2439)
('bitter', 2440)
('ranging', 2441)
('geneva', 2446)
('chez', 943)
('predictable', 2452)
('somewhat', 2453)
('distance', 1033)
('anxiety', 2456)
('showed', 924)
('tree', 2460)
('likely', 661)
('nations', 1432)
('project', 4090)
('matter', 4094)
('273', 3782)
('silly', 1434)
('divisiveness', 2466)
('rennie', 2467)
('bidder', 4113)
('acquisition', 1034)
('cheek', 4211)
('sees', 2471)
('boston', 1438)
('mine', 2473)
('seed', 414)
('seen', 2479)
('seem', 2480)
('tells', 2481)
('dozen', 4197)
('affairs', 4098)
('tweezers', 2483)
('50.46', 2484)
('responsible', 1035)
('transnational', 2491)
('machinery', 1244)
('concedes', 4266)
('transactions', 677)
('object', 2497)
('wells', 2498)
('gabele', 2500)
('blackmailed', 4309)
('letter', 1260)
('entry', 4342)
('drought', 2505)
('thriller', 3226)
('maria', 2508)
('zealand', 367)
('dummy', 2509)
('singer', 2510)
('don', 2512)
('medical', 3231)
('camp', 1445)
('points', 678)
('principle', 2517)
('consumer', 368)
('dow', 618)
('came', 489)
('saying', 1447)
('insects', 1947)
('meetings', 2524)
('nec', 3496)
('gauge', 4276)
('stepping', 4441)
('hounded', 2536)
('die-hard', 2537)
('judges', 773)
('northeast', 3495)
('representing', 2540)
('debts', 1448)
('interbank', 1449)
('bush', 247)
('rice', 1040)
('jailed', 4530)
('capel', 2546)
('wearing', 1452)
('plate', 1976)
('ludicrous', 3021)
('cubic', 2550)
('stop', 4572)
('coast', 1980)
('altogether', 1454)
('u.n.', 1041)
('conn.', 3864)
('earl', 2557)
('bar', 680)
('17', 1633)
('fields', 4632)
('rothschild', 2563)
('bay', 1459)
('19', 600)
('bad', 4657)
('three-year', 1043)
('architecture', 2567)
('18', 1044)
('ban', 2569)
('saul', 5056)
('respond', 4695)
('ethical', 2574)
('programmatic', 4698)
('mandatory', 1460)
('fascinating', 2576)
('unexpectedly', 2752)
('allure', 2579)
('result', 455)
('fail', 1463)
('resigned', 1045)
('half-an-hour', 1464)
('best', 830)
('subject', 785)
('pete', 1465)
('voyage', 2584)
('said', 99)
('fastballs', 2586)
('lots', 2039)
('50.1', 4230)
('prince', 4231)
('2120.5', 4291)
('future', 418)
('timber', 4232)
('tolerance', 2592)
('pirate', 2593)
('entrekin', 2594)
('anti-western', 3221)
('juxtapose', 4830)
('men', 1467)
('extend', 2049)
('vows', 2597)
('were', 136)
('retirement', 1247)
('drew', 1007)
('debt', 499)
('suggested', 1042)
('disorderly', 4909)
('resistant', 2609)
('country', 581)
('uncertainty', 1470)
('pollinated', 1471)
('heating', 2610)
('against', 203)
('planned', 3305)
('argue', 1473)
('asked', 457)
('<l>:nsubjpass', 6)
('irresponsible', 1474)
('tiant', 1475)
('ballparks', 2625)
('250', 1477)
('five-by-eight-inch', 5035)
('contestants', 2630)
('asks', 4839)
('basis', 1052)
('three', 248)
('tiny', 5061)
('.', 87)
('commission', 582)
('much', 249)
('interest', 197)
('basic', 2636)
('basin', 1053)
('lovely', 1054)
('life', 1480)
('mci', 5116)
('eastern', 583)
('dismiss', 2641)
('worker', 2642)
('dave', 2643)
('lift', 1055)
('personally', 1482)
('plastics', 1996)
('aviation', 2646)
('worked', 2647)
('1466.29', 2650)
('commerce', 1057)
('tank', 2383)
('vendetta', 2175)
('oboist', 2655)
('out-and-out', 2656)
('economies', 1379)
('castro', 1483)
('ventures', 1484)
('near', 585)
('itinerary', 2658)
('balance', 1486)
('seven', 1058)
('bognato', 1791)
('metropolitan', 2663)
('played', 836)
('is', 102)
('it', 101)
('player', 1059)
('in', 91)
('march', 936)
('saint-saens', 1492)
('grown', 1060)
('hong', 4641)
('belle', 2316)
('make', 190)
('stickier', 2674)
('feuding', 3253)
('split', 586)
('babies', 2677)
('sidelines', 1410)
('couple', 4916)
('european', 684)
('fairly', 2373)
('effortlessly', 2681)
('pontiac', 2381)
('human-rights', 2684)
('middle-aged', 2687)
('marched', 2689)
('ownership', 1481)
('opportunity', 2692)
('tune', 1495)
('kid', 2693)
('butter', 1496)
('waggishly', 2451)
('practiced', 3311)
('programs', 587)
('practices', 2700)
('conflict', 1866)
('claims', 2702)
('corporate', 685)
('investments', 827)
('left', 588)
('spurred', 2704)
('just', 233)
('yen', 837)
('financially', 2566)
('uncombed', 3148)
('yet', 838)
('succeeding', 589)
('previous', 681)
('currency', 1907)
('equipment', 705)
('legion', 2718)
('ease', 1500)
('had', 133)
('mr.', 110)
('potential', 1502)
('easy', 1068)
('east', 2651)
('jahn', 1711)
('municipal', 2724)
('possible', 686)
('background', 2730)
('performance', 601)
('feelings', 2733)
('desire', 2737)
('brought', 668)
('alice', 2344)
('festivities', 2744)
('attorney', 541)
('right', 839)
('dean', 2676)
('deal', 690)
('people', 370)
('staff', 1321)
('somehow', 1507)
('insistence', 2845)
('short-term', 514)
('trace', 2759)
('for', 94)
('bottom', 2760)
('single-family', 2762)
('creative', 2763)
('contributing', 1510)
('individuals', 1511)
('summoned', 3042)
('yields', 346)
('trade-in', 4318)
('bank-backed', 2770)
('burn', 2772)
('eduard', 2773)
('6,000', 2774)
('binder', 2775)
('confrontation', 2776)
('defensive', 2777)
('brokerage', 1518)
('manufacturing', 1519)
('shaken', 2779)
('dollars', 2785)
('annualized', 2787)
('magazine', 1522)
('afternoon', 1076)
('resold', 2790)
('slightly', 1523)
('automatically', 2791)
('raised', 965)
('managers', 840)
('formerly', 1079)
('son', 4778)
('down', 195)
('presenters', 2799)
('magazines', 1525)
('thinned', 3129)
('sow', 2800)
('cardiff', 2801)
('amsterdam', 2432)
('america', 1528)
('altitude', 2732)
('initial', 1927)
('one-time', 3237)
('pages', 1530)
('absolutely', 3167)
('joseph', 3598)
('british-owned', 2809)
('editor', 2810)
('zayadi', 2050)
('spring', 1083)
('resulted', 2812)
('call', 842)
('at-bat', 2813)
('bert', 2814)
('offering', 1087)
('manufacturers', 1110)
('nonvoting', 2819)
('landing', 2820)
('ford', 234)
('failure', 1533)
('talents', 2821)
('unamended', 2822)
('robertson', 2767)
('225', 2824)
('2,750', 2825)
('analyst', 459)
('nov.', 843)
('prevents', 2831)
('inside', 2832)
('attached', 1088)
('trends', 4273)
('devices', 2834)
('tell', 1089)
('stolzman', 2836)
('jan.', 2837)
('geiger', 1535)
('long-distance', 3362)
('150', 845)
('proud', 2976)
('156', 3767)
('implications', 1091)
('one-third', 1536)
('sale', 385)
("''", 97)
('proves', 2847)
('pores', 3261)
('accounting', 1539)
('dealer', 1674)
('negotiations', 2851)
('-lcb-', 691)
('lees', 2854)
('eventual', 2855)
('floor', 1679)
('agreeing', 2856)
('million-dollar', 2857)
('populations', 2738)
('generally', 1828)
('handed', 2859)
('flood', 2860)
('role', 846)
('ambitious', 3995)
('digital', 979)
('developers', 1542)
('roll', 2864)
('greenery', 1544)
('exporter', 2865)
("'s", 93)
('palms', 2867)
('felt', 1092)
('utilities', 2871)
('pitcher-coach', 2872)
('class', 3583)
('<p>:DT', 41)
("'d", 847)
('intent', 2229)
('professional', 1650)
('rolling', 2876)
("'m", 692)
('weekend', 2877)
('billion', 191)
('shootout', 2879)
('annuity', 1547)
('daily', 1549)
('warm', 2259)
('time', 175)
('push', 1550)
('parcels', 2885)
('profits', 2886)
('overdue', 1721)
('managed', 2888)
('chain', 1551)
('invent', 3388)
('manager', 693)
('chair', 2900)
('93', 2901)
('anticipation', 3736)
('757-200s', 1554)
('technique', 591)
('finally', 1039)
('unpleasant', 2907)
('emasculation', 2909)
('oversight', 2912)
('bogus', 2913)
('1991', 521)
('keck', 2915)
('string', 2916)
('construction', 1320)
('choice', 2918)
('drexel', 2920)
('lynch', 2921)
('uneventful', 2922)
('advised', 2923)
('corp.', 192)
('governments', 1556)
('short-range', 2930)
('did', 461)
('proposals', 1557)
('itel', 1558)
('item', 2932)
('team', 912)
('depository', 2934)
('speculation', 3927)
('attracting', 2938)
('prevent', 2940)
('tremendously', 2669)
('soft-spoken', 2944)
('telerate', 1561)
('sign', 1562)
('stamford', 2946)
('run', 761)
('aggressive', 1102)
('21.44', 4466)
('majors', 851)
('page-one', 2953)
('hewlett-packard', 2954)
('current', 517)
('suspect', 2958)
('international', 288)
('hustles', 3276)
('boost', 694)
('growls', 2961)
('proclaiming', 2963)
('jury', 518)
('wail', 2965)
('clerk', 2966)
('laid-back', 4972)
('french', 309)
('corporation', 2968)
('polyrhythms', 2969)
('address', 2970)
('along', 1104)
('passengers', 1570)
('cuckoo', 1105)
('jazzy', 4294)
('institute', 1858)
('carmen', 2974)
('tassels', 3760)
('accomplished', 2977)
('suggestion', 2978)
('priceless', 4206)
('bob', 2980)
('taipei', 2529)
('adjustable', 1573)
('useful', 2884)
('merely', 2988)
('elixir', 2549)
('prefer', 2990)
('subverted', 2992)
('2680', 2993)
('panhandle', 1801)
('sympathetic', 2997)
('troops', 4301)
('working', 462)
('wicker', 1576)
('angry', 3002)
('tightly', 3003)
('france', 594)
('insider', 1578)
('wood', 4158)
('opposed', 3005)
('``', 96)
('sharing', 3007)
('non-family', 3013)
('tandem', 3014)
('virtue', 1582)
('realty', 3016)
('effort', 1584)
('behalf', 3019)
('fly', 1585)
('honey', 3281)
('valued', 1586)
('tokyo', 853)
('originally', 1587)
('<l>:amod', 33)
('soul', 3022)
('believes', 3023)
('wallet', 3812)
('printing', 1589)
('values', 3025)
('believed', 1590)
('making', 696)
('nearest', 4485)
('lobbying', 3032)
('awesome', 4162)
('french-speaking', 3033)
('sample', 2243)
('conciliatory', 4067)
('allowed', 855)
('spanning', 3039)
('230', 3040)
('<p>:EX', 75)
('pine', 1596)
('galbani', 3047)
('dataproducts', 1532)
('s.', 3050)
('tile', 3052)
('coleman', 3053)
('five-year', 4458)
('ceremony', 3681)
('may', 215)
('fed', 734)
('spot', 3058)
('149', 3059)
('applications', 3060)
('membership', 1599)
('mae', 3062)
('designed', 3063)
('date', 1600)
('such', 170)
('acceptances', 3065)
('data', 417)
('pressuring', 3067)
('man', 595)
('relinquish', 3068)
('scrambling', 4717)
('hannover', 2937)
('natural', 1602)
('neck', 2431)
('johnson', 1314)
('borrowing', 1111)
('tale', 1604)
('switch', 4754)
('so', 164)
('deposit', 858)
('african', 3076)
('basket', 645)
('sunbird', 1605)
('pulled', 3079)
('talk', 1606)
('publish', 3665)
('shoes', 3083)
('repair', 3397)
('flips', 3088)
('years', 158)
('course', 1112)
('argued', 859)
('middle-management', 3095)
('group', 235)
('monitor', 4864)
('interesting', 3099)
('undermined', 3100)
('troubles', 3101)
('hot', 3102)
('pontiac-cadillac', 3103)
('attraction', 3104)
('suspicion', 4902)
('policy', 860)
('suspension', 4911)
('mcenaney', 1610)
('troubled', 1114)
('sterility', 3108)
('into', 165)
('texas', 701)
('finance', 520)
('thereby', 3110)
('undisclosed', 3113)
('nation', 1116)
('compelled', 1614)
('possess', 3118)
('<l>:det:predet', 36)
('scolded', 3126)
('quarter', 371)
('quartet', 1615)
('square', 3131)
('178.5', 3133)
('zurich', 3134)
('178.9', 3136)
('revised', 3137)
('bovine', 3138)
('s&l', 831)
('morning', 844)
('relive', 5125)
('canada', 463)
('deficit-reduction', 5135)
('seriously', 2147)
('investigation', 2697)
('imperative', 2154)
('formula', 2476)
('earlier', 443)
('mercantile', 3160)
('uptempo', 3161)
('hefty', 4585)
('million', 128)
('possibility', 1618)
('20', 909)
('california', 703)
('remainder', 3166)
('advance', 1121)
('underwear', 2255)
('carnival', 3169)
('modest', 1891)
('chevy', 1621)
('thing', 597)
('massive', 4451)
('economic-forecasting', 2308)
('think', 598)
('first', 171)
('spoken', 3184)
('one', 129)
('americans', 3191)
('long', 290)
('suspended', 1412)
('spanish', 3192)
('carry', 1622)
('corporations', 1023)
('potted', 2271)
('open', 1624)
('city', 1625)
('little', 373)
('wrath', 3197)
('quality', 3198)
('bite', 3199)
('slept', 2748)
('36-year-old', 3201)
('2', 1123)
('cite', 3204)
('pixie-like', 4326)
('eyes', 3205)
('allegedly', 2580)
('streaked', 3742)
('pompano', 3208)
('ridiculous', 3210)
('specialists', 3213)
('once-cozy', 3214)
('inventor', 2649)
('11', 1127)
('10', 284)
('13', 1176)
('12', 1632)
('15', 374)
('14', 1182)
('sailing', 4589)
('16', 2562)
('depressed', 2564)
('rival', 4658)
('protected', 2591)
('swearing-in', 2153)
('venture', 465)
('cavalier', 2598)
('youths', 3224)
('dutifully', 3806)
('san', 2628)
('turned', 1636)
('argument', 1637)
('voices', 1638)
('say', 265)
('himself', 765)
('pastry', 1130)
('borough', 2671)
('sat', 1640)
('general', 299)
('answering', 3238)
('aside', 1065)
('shocked', 3239)
('note', 1131)
('goodman', 3592)
('18th', 3240)
('take', 375)
('destroy', 2731)
('concern', 314)
('high-technology', 3242)
('1,250', 3243)
('murphy', 3730)
('norman', 3244)
('theatre', 3245)
('opposite', 3246)
('track', 3247)
('208', 3248)
('enter', 3693)
('kuehn', 1146)
('paid', 419)
('backlogs', 3252)
('printed', 3255)
('complaints', 3257)
('inserted', 1645)
('conlon', 1646)
('lawn', 3349)
('operate', 1647)
('especially', 3259)
('average', 209)
('untapped', 3891)
('172.5', 4253)
('drive', 1537)
('sodas', 3262)
('managing', 873)
('lowering', 3263)
('obligatto', 3265)
('atlantic', 3268)
('mass.', 1948)
('liquidity', 3267)
('laws', 1651)
('rating', 706)
('surplus', 3271)
('show', 874)
('filed', 3272)
('contemporary', 1136)
('rep.', 875)
('arrears', 3273)
('subsidiary', 944)
('soviets', 602)
('label', 5047)
('demographic', 4887)
('slow', 1569)
('3', 596)
('going', 338)
('black', 876)
('treasury', 251)
('robe', 3196)
('congressional', 467)
('dispute', 877)
('ranking', 3287)
('savoring', 3288)
('montgolfing', 3289)
('get', 376)
('contracts', 1138)
('assistant', 1139)
('employers', 1655)
('hailed', 3075)
('nearly', 3292)
('<p>:FW', 76)
('secondary', 3297)
('prime', 1656)
('yield', 524)
('worried', 1141)
('stupid', 3306)
('roger', 1658)
('source', 879)
('where', 603)
('declared', 3310)
('seat', 869)
('j.', 1144)
('misconduct', 3317)
('wonder', 1145)
('indicted', 3250)
('maturity', 1920)
('representatives', 3326)
('forecast', 3328)
('enough', 1662)
('metromedia-itt', 3294)
('geometric', 3331)
('<p>:PDT', 77)
('across', 1147)
('jobs', 1148)
('august', 315)
('parent', 3324)
('marietta', 1663)
('jets', 3344)
('undermine', 3347)
('dates', 3395)
('avoid', 2092)
('many', 204)
('trades', 1665)
('according', 269)
('called', 390)
('fairway', 3357)
('sketchy', 3358)
('concentrate', 3359)
('patrons', 3360)
('holders', 3361)
('traded', 3363)
('now-defunct', 3342)
('among', 420)
('stretches', 3365)
('effective', 870)
('genial', 4351)
('50,000', 3369)
('maintained', 3371)
('clambered', 3373)
('better', 803)
('arts', 3382)
('capable', 3571)
('stretch', 3385)
('west', 254)
('locally', 3575)
('airlines', 3387)
('motives', 3389)
('wants', 1153)
('offered', 379)
('formed', 3636)
('cattrall', 3396)
('dramatic', 3398)
('odyssey', 3400)
('those', 270)
('rippe', 3353)
('sound', 2488)
('stacked', 3402)
('consultant', 3404)
('engineering', 769)
("n't", 118)
('policies', 3409)
('newspaper', 3410)
('situation', 3411)
('margin', 3741)
('inadvertence', 3759)
('conferences', 3418)
('eventually', 506)
('brow', 3421)
('engaged', 3423)
('coffee', 1843)
('sleeping', 3794)
('strain', 3426)
('pressing', 3801)
('clip', 2633)
('13.5', 3428)
('technology', 605)
('13.3', 3429)
('13.1', 3430)
('different', 1155)
('harsh', 2869)
('research-based', 4471)
('pay', 421)
('same', 526)
('point', 1230)
('lambert', 3437)
('arguments', 3869)
('fireproofing', 3871)
('stepped', 3443)
('slate', 3444)
('cramming', 3445)
('breakdown', 3746)
('oil', 1783)
('oceanographic', 3448)
('singapore', 422)
('boosted', 3910)
('companion', 1675)
('running', 1677)
('barber', 3453)
('intended', 3455)
('%', 98)
('totally', 3457)
('six', 326)
('recapture', 3459)
('tracking', 3460)
('ballooning', 494)
('largely', 889)
('markus', 1678)
('wellington', 715)
('bailiff', 3465)
('mortgages', 716)
('accountable', 4005)
('costs', 918)
('779.8', 3467)
('sunnyvale', 4011)
('trains', 3468)
('pa.', 1982)
('gdp', 1817)
('summer', 891)
('asset-backed', 3473)
('being', 380)
('money', 239)
('adjustments', 3474)
('rest', 606)
('safeguards', 3476)
('multiples', 3482)
('weekly', 3483)
('billion-yen', 3367)
('instrument', 3489)
('4', 3490)
('brezinski', 3491)
('dicks', 3493)
('aspects', 1683)
('around', 608)
('rejoin', 1684)
('mow', 4201)
('period', 711)
('insist', 3189)
('credentials', 2213)
('railroad', 2496)
('aiming', 2928)
('calculate', 3203)
('satisfaction', 3370)
('christina', 3510)
('intel', 4422)
('clad', 3513)
("'ve", 1887)
('discarded', 2906)
('chamber', 1160)
('audience', 717)
('<p>:JJS', 73)
('<p>:JJR', 67)
('served', 4298)
('pittsburg', 3520)
('draw', 3522)
('images', 1694)
('matching', 3528)
('gross', 3531)
('<p>:NNS', 44)
('368.3', 4382)
('<p>:NNP', 42)
('13.50', 3536)
('noon', 3537)
('7.98', 2366)
('staffs', 3542)
('unsuccessfully', 3547)
('scientific', 3549)
('power', 381)
('retains', 1696)
('notable', 3552)
('gauloises', 3555)
('windfalls', 3556)
('leadership', 3558)
('inflation-adjusted', 3562)
('ducking', 3300)
('william', 1097)
('stone', 4513)
('80%-owned', 3567)
('40,800', 3568)
('industry', 530)
('favorite', 1698)
('meal', 3788)
('structured', 3219)
('airline', 5075)
('mixed', 1700)
('mean', 1848)
('<l>:cop', 28)
('road', 1701)
('fertile', 3576)
('image', 3578)
('references', 3581)
('fibreboard', 4960)
('gomez', 1165)
('acquiesced', 3584)
('spring-training', 4681)
('her', 474)
('sealed', 4713)
('garment', 3590)
('innovated', 4734)
('survives', 3593)
('9', 720)
('complete', 1168)
('land', 1935)
('elimination', 3603)
('technologies', 1169)
('with', 111)
('buying', 721)
('abused', 4802)
('pull', 3605)
('october', 398)
('arranged', 3608)
('grudging', 4832)
('organize', 3613)
('8.019', 3614)
('politically', 1710)
('agree', 1170)
('gone', 3617)
('vehicles', 4120)
('ag', 3619)
('certain', 899)
('stronger-than-expected', 3917)
('am', 1173)
('impugn', 5072)
('deep', 900)
('an', 113)
('examine', 4705)
('at', 109)
('file', 531)
('girlfriend', 3622)
('watched', 1707)
('cream', 3624)
('again', 723)
('retiring', 3627)
('hybrid', 291)
('abolish', 4981)
('field', 448)
('thousand', 3632)
('outfield', 3634)
('4,000', 3637)
('congress', 424)
('students', 3638)
('forgettable', 3640)
('reached', 968)
('a.', 425)
('forbidding-looking', 3641)
('planners', 3644)
('brands', 799)
('tricky', 3837)
('eight-time', 3647)
('assets', 382)
('waived', 3649)
('requires', 1941)
('tricks', 3650)
('dyes', 3655)
('starting', 5143)
('external', 3657)
('7.14', 3658)
('represent', 3659)
('9/16', 1722)
('founder', 1180)
('caused', 1391)
('daignault', 3661)
('ceramic', 2305)
('dollar', 532)
('tours', 3664)
('cooperative', 2182)
('talks', 383)
('reluctant', 3098)
('former', 317)
('to', 89)
('wako', 3679)
('paying', 1288)
('calif.', 726)
('returning', 3686)
('witter', 5132)
('fall', 1401)
('existing', 3692)
('illustrated', 3534)
('cable', 3696)
('grand-jury', 1270)
('laying', 3699)
('applicable', 2375)
('t.', 2382)
('sang', 3701)
('donovan', 1726)
('harry', 3703)
('small', 534)
('exemptions', 3705)
('conn.-based', 3484)
('paso', 3708)
('ritter', 3709)
('past', 292)
('amiss', 2478)
('titles', 3712)
('perspective', 2469)
('lawyer', 902)
('further', 1728)
('investment', 365)
('trick', 3407)
('material', 3162)
('<l>:compound:prt', 25)
('stood', 3717)
('richard', 535)
('favor', 3279)
('section', 727)
('neave', 1186)
('scientists', 3725)
('seemed', 1274)
('public', 427)
('movement', 3727)
('full', 903)
('ranged', 1732)
('component', 3731)
('leaping', 3732)
('ranges', 3735)
('smartest', 2608)
('operating', 536)
('free', 571)
('november', 1734)
('standard', 1735)
('900', 1189)
('prosecutors', 904)
('compliance', 3743)
('experience', 3744)
('prior', 3745)
('social', 3748)
('action', 728)
('formation', 3749)
('toxicity', 3750)
('whimsical', 3752)
('tiananmen', 3753)
('followed', 613)
('sherbet', 3757)
('africa', 3758)
('establish', 1494)
('shareholders', 428)
('eye', 3337)
('montgoris', 3768)
('objectives', 3769)
('alcoholic', 3419)
('two', 163)
('pitching', 3776)
('6', 3777)
('restraints', 4329)
('achieving', 3779)
('more', 130)
('pawing', 3781)
('befitting', 5024)
('purse', 3561)
('company', 135)
('baseman', 3789)
('big-name', 3790)
('apprehensions', 3791)
('controlling', 3792)
('town', 1748)
('keeping', 1191)
('hour', 429)
('science', 3798)
('phrasing', 3799)
('remain', 730)
('morgan', 3802)
('abandon', 3803)
('eichof', 3804)
('male', 430)
('purchases', 1193)
('mehl', 1749)
('prompt', 3808)
('disclosure', 4313)
('suggestions', 3010)
('accept', 1750)
('days', 180)
('states', 906)
('<p>:-LRB-', 71)
('fiercely', 2605)
('numbers', 3028)
('purchased', 1752)
('sense', 1753)
('sharp', 1161)
('robinson', 1754)
('ornette', 3816)
('!', 732)
('huge', 3057)
('needs', 1755)
('subminimum', 1003)
('13.2', 3784)
('hugo', 3821)
('morning-session', 3822)
('conventioners', 3825)
('earnings', 431)
('heartwarmingly', 3827)
('plant', 194)
('534,000', 3828)
('plans', 617)
('par', 3829)
('plane', 3831)
('coming', 1757)
('ethics', 3835)
('acquisitions', 1125)
('resemble', 3840)
('register', 3841)
('crippling', 4751)
('fundamental', 3845)
('functionaries', 3249)
('pleasure', 3846)
('playing', 736)
('greats', 1762)
('adorned', 3850)
('shevardnadze', 3851)
('fraser', 1196)
('trade', 737)
('attitude', 3852)
('paper', 656)
('scott', 1142)
('signs', 3853)
('itt', 3321)
('its', 120)
('arrogant', 3855)
('golfing', 3332)
('24', 1764)
('25', 738)
('26', 1198)
('27', 3338)
('rapidly', 2462)
('sumitomo', 3348)
('shortstop', 3858)
('gerald', 3860)
('29', 1766)
('late', 342)
('ally', 1767)
('550,000', 3439)
('good', 470)
('seeking', 3873)
('socially', 3875)
('complain', 1158)
('association', 432)
('stewed', 3883)
('easily', 1771)
('always', 1202)
('assemblies', 3885)
('rigueur', 3887)
('events', 1773)
('habits', 1776)
('found', 1697)
('repeating', 1778)
('integrated-circuit', 3566)
('exquisite', 3892)
('investigators', 1653)
('status', 1779)
('everyone', 1203)
('england', 3895)
('8.337', 4532)
('house', 211)
('energy', 1781)
('hard', 622)
('reduce', 1204)
('idea', 1205)
('slowdown', 3899)
('connect', 3616)
('seniority', 3900)
('dignitaries', 3623)
('insurance', 740)
('really', 911)
('flower', 3902)
('funding', 3903)
('s.a.', 3905)
('rearing', 4434)
('scoops', 3906)
('projected', 1206)
('research', 623)
('1.75', 3907)
('1.76', 3675)
('longtime', 3908)
('<UNK>', 5154)
('crouched', 3716)
('risen', 3915)
('lawrence', 1788)
('sparked', 4430)
('mikhail', 3919)
('extraordinary', 1910)
('proxy', 3921)
('members', 538)
('backed', 2675)
('rises', 3926)
('beginning', 1790)
('driven', 2447)
('retained', 3929)
('computers', 242)
('domineering', 3187)
('dons', 2603)
('mistakenly', 1793)
('number', 479)
('mature', 4347)
('done', 1794)
('embraced', 3941)
('heights', 3943)
('bullied', 2513)
('joint-venture', 3947)
('heads', 3948)
('avec', 3934)
('threatening', 3951)
('timberland', 3008)
('least', 1208)
('obligatory', 3952)
('paint', 3953)
('regulation', 3954)
('calculations', 2219)
('compromise', 378)
('dfc', 3958)
('listed', 950)
('pest-control', 3960)
('relationship', 1800)
('wrestling', 3962)
('interviewed', 3963)
('appreciation', 3964)
('part', 319)
('muscled', 3966)
('favorable', 1784)
('focusing', 3968)
('believe', 744)
('mail-sorting', 2312)
('869', 1802)
('observatory', 4065)
('gotten', 3975)
('cross-pollinated', 3976)
('youth', 1804)
('pennsylvania', 471)
('determined', 3979)
('marriage', 3548)
('supposed', 1805)
('kiwi', 2664)
('lilting', 3986)
('aug.', 1807)
('urban', 3333)
('official', 483)
('guarding', 3991)
('orders', 916)
('sell', 320)
('mountain', 3999)
('collateralized', 4000)
('built', 917)
('clutch', 3898)
('destabilizing', 4002)
('extorted', 4216)
('gorbachev', 4003)
('peculiarities', 3466)
('also', 151)
('appellate', 2031)
('build', 1209)
('<p>:NNPS', 66)
('play', 625)
('eggs', 1813)
('anti-takeover', 4017)
('most', 185)
('virus', 4019)
('shake-up', 2463)
('plan', 626)
('interrupting', 2797)
('tips', 2803)
('services', 763)
('extremely', 4023)
('mulford', 482)
('kiddies', 1617)
('pocketing', 4026)
('toronto-based', 4027)
('sometimes', 1211)
('shortly', 2802)
('three-month', 1267)
('charged', 3817)
('dragged', 2161)
('joining', 4037)
('sector', 4038)
('alfalfa', 3472)
('thomas', 4039)
('directorate', 1944)
('particularly', 1273)
('gold', 1212)
('commissions', 4043)
('defended', 4045)
('session', 1213)
('businesses', 543)
('glossy', 2595)
('find', 953)
('impact', 4049)
('indicator', 4050)
('keychain', 4051)
('writer', 1214)
('189.8', 4056)
('failed', 1820)
('clipboard', 1821)
('generators', 4058)
('condom', 1822)
('equity', 1215)
('override', 1823)
('8', 200)
('distributes', 4060)
('indifference', 4061)
('giants', 4062)
('prowess', 2757)
('permission', 4597)
('express', 1826)
('theft', 1329)
('reporters', 4066)
('target', 4842)
('resolve', 4069)
('railbikes', 4071)
('alisarda', 4637)
('testifying', 4640)
('remove', 1829)
('six-month', 628)
('banking', 1217)
('common', 1991)
('weaver', 1218)
('river', 1830)
('restaurants', 1831)
('natural-resources', 4079)
('set', 437)
('tended', 4084)
('marston', 2009)
('see', 752)
('individual', 1220)
('sec', 321)
('gas-turbine', 4086)
('tender', 3704)
('institutes', 4088)
('aberdeen', 4089)
('double-crossed', 3084)
('filings', 1290)
('#', 4091)
('<l>:nsubj', 19)
('spirits', 2253)
('currently', 630)
('burner', 1836)
('precocious', 4095)
('fans', 925)
('hold', 1837)
('champagne', 4099)
('available', 1326)
('responses', 4838)
('complementary', 4102)
('targeted', 4103)
('dividends', 1841)
('brewing', 3307)
('incident', 4722)
('scuttle', 1844)
('dividend', 1228)
('defunct', 4109)
('feeling', 4110)
('last', 212)
('restaurant', 1845)
('solely', 4934)
('19.95', 2543)
('foreign', 755)
('les', 4115)
('long-term', 1847)
('whole', 1341)
('upgraded', 4119)
('soundings', 4977)
('7.875', 4123)
('supply', 977)
('simple', 4988)
('loan', 439)
('community', 927)
('ga.', 4126)
('simply', 928)
('throughout', 4129)
('expensive', 1851)
('n.v.', 4130)
('raise', 440)
('surged', 3570)
('create', 1234)
('acceptance', 4134)
('secret', 5073)
('ireland', 5082)
('extreme', 1959)
('meeting', 756)
('firm', 1852)
('sweetheart', 3518)
('fire', 1236)
('then-21', 4150)
('gas', 929)
('great', 638)
('priced', 5138)
('gao', 4154)
('fund', 207)
('bottlers', 4888)
('specifically', 3277)
('prices', 258)
('insiders', 544)
('presented', 3886)
('stertz', 4160)
('grains', 4161)
('judicial', 758)
('straight', 1857)
('bill', 323)
('budget', 327)
('32', 1859)
('fun', 1860)
('budged', 4196)
('owed', 2227)
('century', 1239)
('backing', 2242)
('violently', 4173)
('dotting', 4174)
('motors', 931)
('audience-friendly', 4176)
('itself', 1240)
('centennial', 4178)
('owes', 4179)
('okla.', 4182)
('34', 4582)
('coca-cola', 932)
('chase', 835)
('cuisine', 4187)
('caygill', 2304)
('italy', 1241)
('savings-and-loan', 4190)
('shorter', 4193)
('read', 1863)
('virtually', 1864)
('development', 1242)
('cardholders', 4202)
('yesterday', 345)
('alert', 1869)
('moment', 1870)
('levels', 825)
('unveil', 2665)
('recent', 484)
('recognized', 2099)
('bonds', 698)
('surrogate', 3967)
('alleging', 4610)
('spent', 2936)
('person', 934)
('ltd.', 1872)
('swiss', 4217)
('organization', 3796)
('howl', 4221)
('<p>:VBZ', 55)
('one-year', 935)
('<p>:VBP', 57)
('distracting', 4226)
('openly', 4228)
('<l>:case', 27)
('<p>:VBN', 53)
('unesco', 485)
('alternative', 1874)
('<p>:VBG', 56)
('<p>:VBD', 48)
('wage', 259)
('cut', 682)
('readers', 2511)
('surprises', 4235)
('danger', 4236)
('rangers', 4240)
('parents', 4242)
('location', 4243)
('sydney', 4244)
('waleson', 4245)
('administrative', 4247)
('surprised', 1877)
('australia', 1878)
('demands', 4250)
('big', 1249)
('bid', 442)
('high-ranking', 3863)
('baskets', 1879)
('foreigners', 4254)
('bit', 1880)
('projects', 1252)
('formal', 2317)
('sorting', 4256)
('anthers', 937)
('follows', 1882)
('alltel', 1254)
('glove', 4258)
('consensus', 4259)
('communications', 938)
('continue', 1883)
('indication', 2766)
('depositary', 2769)
('spins', 4264)
('names', 1963)
('often', 1081)
('senate', 939)
('obliged', 4269)
('b.', 1255)
('30s', 4270)
('back', 222)
('bach', 1885)
('redistributionism', 4271)
('palm', 4274)
('pricing', 3676)
('hard-line', 4275)
('scuttled', 4277)
('pronounced', 3702)
('scale', 1889)
('culprit', 4281)
('decision', 548)
('400,000', 3662)
('91-day', 2369)
('per', 4284)
('sick', 1892)
('eliminate', 4286)
('fortney', 4287)
('superiority', 3515)
('durables', 4288)
('either', 894)
('be', 108)
('300', 1893)
('continuing', 4292)
('agreement', 294)
('restrictive', 2972)
('major', 219)
('by', 105)
('1,200', 4303)
('goods', 1257)
('anything', 942)
('exaggerated', 1896)
('weatherbeaten', 4306)
('mrs.', 4307)
('8.01', 2502)
('biennial', 4308)
('johanson', 4310)
('montgolfier', 3115)
('colorado', 3094)
('harassed', 3165)
('nsa', 4315)
('abusive', 1904)
('montpelier', 4803)
('150-member', 1906)
('<p>:CC', 51)
('exercises', 2504)
('<p>:CD', 49)
('enthusiasms', 4317)
('traduce', 4319)
('spending', 4321)
('bargaining', 4323)
('minor-leaguer', 2144)
('holliger', 2507)
('suit', 4327)
('s.c.', 4328)
(':', 156)
('elsewhere', 4331)
('atop', 4333)
('metromedia', 766)
('boys', 4336)
('two-part', 4337)
('competition', 3523)
('hopes', 1918)
('-lrb-', 145)
('line', 549)
('posted', 1919)
('cia', 945)
('rejection', 4341)
('testaments', 4344)
('up', 125)
('us', 487)
('halfhearted', 3325)
("'re", 768)
('customers', 2292)
('last-minute', 2947)
('planes', 1921)
('jumbo', 1922)
('75-cent', 3394)
('alarm', 3620)
('yelled', 1923)
('39-year-old', 4350)
('curt', 2521)
('constant', 2127)
('armstrong', 295)
('defined', 1924)
('squinted', 4356)
('influence', 1925)
('u.s.a', 4358)
('consulted', 4209)
('as', 107)
('1/2', 1293)
('<l>:cc', 1)
('sterilize', 4366)
('elements', 4370)
('lend', 4373)
('lucid', 3544)
('purged', 2520)
('robots', 4375)
('prepared', 1931)
('prepares', 4378)
('genetics', 3532)
('hazardous-waste-site', 4379)
('sider', 1933)
('sides', 1934)
('ago', 347)
('worsened', 3594)
('lane', 636)
('miles', 3151)
('vries', 4192)
('age', 947)
('confirm', 3535)
('bankers', 1938)
('walked', 1939)
('appalling', 2668)
('norwegians', 4386)
('6.25', 4388)
('wary', 3718)
('having', 1271)
('code', 4395)
('minors', 4396)
('scratch', 3111)
('results', 1184)
('soften', 4400)
('enjoyable', 3146)
('intricate', 4403)
('<l>:compound', 24)
('15,000', 1945)
('gm-jaguar', 3724)
('rc6280', 1731)
('longstanding', 4407)
('boom-or-bust', 4408)
('concerned', 1946)
('young', 1275)
('intensive', 4411)
('magisterially', 2523)
('chaps', 4413)
('quarterly', 770)
('dislike', 4415)
('lilly', 1192)
('sent', 949)
('<p>:<NULL>', 83)
('dessert', 4418)
('continues', 4419)
('putting', 4423)
('redefinition', 4426)
('animals', 1974)
('continued', 1949)
('categories', 4428)
('timely', 4429)
('entire', 1278)
('<l>:neg', 10)
('real-estate', 3884)
('transmission', 1774)
('knight', 4432)
('fewer', 1952)
('try', 1279)
('threat', 3096)
('reich', 951)
('bizarre', 4437)
('visuals', 4443)
('<p>:``', 61)
('crop', 952)
('licenses', 1954)
('nests', 4450)
('index', 186)
('edison', 4452)
('underwriters', 2295)
('chicago', 1285)
('giving', 1286)
('expressed', 4456)
('access', 1287)
('indian', 4457)
('flowing', 2721)
('firms', 2140)
('exercise', 1957)
('led', 1289)
('exchange', 392)
('respectively', 4464)
('jointly', 4639)
('puckish', 4467)
('objects', 4468)
('let', 1958)
('others', 637)
('luis', 4470)
('painfully', 4246)
('39', 2640)
('engage', 4473)
('receive', 1960)
('involved', 1961)
('31', 4167)
('30', 229)
('37', 1292)
('dabney', 4476)
('35', 4477)
('later', 466)
('resulting', 2150)
('menu', 3525)
('residents', 4482)
('proof', 4438)
('makes', 774)
('maker', 393)
('involves', 1962)
('named', 224)
('7.55', 4487)
('333', 2565)
('foreign-exchange', 4490)
('decrease', 4492)
('privately', 3206)
('composer', 1884)
('scandal', 5126)
('standing', 4496)
('confidence', 4497)
('zip', 1965)
('illegal', 1967)
('flat', 1968)
('next', 273)
('rejoining', 4760)
('doubt', 4502)
('face-to-face', 4504)
('themselves', 4506)
('midday', 4508)
('heiwa', 4427)
('gendarme', 4510)
('trait', 4511)
('conducting', 3565)
('dealings', 1296)
('opposing', 1971)
('9.85', 4515)
('sharply', 4516)
('tattered', 4517)
('iii', 4409)
('non-communist', 4522)
('majority', 1876)
('account', 775)
('practicing', 3446)
('63.6', 4525)
('effectively', 4526)
('this', 123)
('16.05', 4527)
('challenge', 4528)
('clients', 4529)
('erwin', 1975)
('unknowns', 4531)
('obvious', 4534)
('thin', 4535)
('industrial', 537)
('closing', 4539)
('rehabilitation', 4540)
('wedge', 2983)
('reserved', 4542)
('employs', 3512)
('process', 957)
('proportions', 1849)
('purposes', 4547)
('pieces', 958)
('high', 394)
('professor', 4549)
('reserves', 4550)
('slip', 4552)
('reynolds', 4554)
('ideology', 3573)
('maturities', 1978)
('dinners', 4560)
('trumpet', 4561)
('holds', 1048)
('delay', 3980)
('responsibilities', 4565)
('winners', 4574)
('stock', 166)
('abrasive', 2274)
('204.3', 4569)
('waters', 4573)
('market-research', 3345)
('tied', 1300)
('bothered', 4575)
('notebook', 3229)
('cardinals', 4578)
('ties', 1979)
('wisecracks', 3901)
('boeing', 4584)
('bind', 2013)
('counter', 1981)
('lines', 4586)
('processor', 4587)
('chief', 230)
('allow', 961)
('800,000', 4770)
('counted', 4590)
('houston', 552)
('neglect', 3186)
('brahms', 4592)
('producer', 4593)
('institutional', 4594)
('ever-changing', 3674)
('move', 395)
('produced', 777)
('duffers', 4824)
('directs', 1983)
('finanziario', 4828)
('8.55', 2027)
('year-earlier', 1984)
('industries', 493)
('regions', 1435)
('la', 4598)
('chosen', 4599)
('ample', 4600)
('2-for-1', 4601)
('labor', 778)
('meantime', 4602)
('willing', 2060)
('fiesta', 4615)
('federico', 4616)
('courtroom', 1305)
('sonata', 4618)
('jaguar', 157)
('dax', 4186)
('day', 964)
('capital-gains', 4621)
('phineas', 3107)
('l.', 4627)
('warned', 4628)
('preclude', 5010)
('traced', 3610)
('136,800', 4630)
('identified', 4631)
('merge', 1987)
('accounts', 1716)
('dixie', 4638)
('doing', 1309)
('society', 4645)
('books', 4978)
('static', 3105)
('astronomer', 4486)
('patch', 4650)
('salesman', 1989)
('fundamentally', 4654)
("'", 244)
('aga', 639)
('defend', 2771)
('superbly', 4660)
('istituto', 2162)
('insolvent', 4663)
('postpone', 4664)
('announced', 445)
('shut', 1992)
('582', 4668)
('frank', 4670)
('fourteen', 4674)
('release', 3866)
('shun', 4678)
('afterward', 4680)
('receipts', 2247)
('allies', 966)
('182-day', 3631)
('dubbed', 4683)
('recipes', 861)
('put', 640)
('david', 818)
('length', 1995)
('barriers', 4688)
('retain', 4689)
('retail', 4691)
('south', 642)
('degree', 4694)
('jurists', 2328)
('2,000', 4696)
('owned', 821)
('autographed', 4700)
('embarrassed', 4701)
('kinds', 5131)
('owner', 1998)
('leasing', 3236)
('reliable', 4703)
('vetoed', 2000)
('pershare', 3188)
('start', 2070)
('ordering', 2409)
('single-a-2', 969)
('system', 496)
('instruction-set', 2426)
('behaved', 4709)
('pervasive', 2355)
('quarry', 4714)
('smolder', 4715)
('completed', 574)
('nobody', 1317)
('7.45', 4718)
('shall', 4479)
('completes', 4725)
('steel', 4726)
('resist', 4727)
('glamorous', 2552)
('reacted', 4730)
('fastball', 2011)
('16-year-olds', 4731)
('appealing', 2012)
('embody', 4733)
('vax9000', 3037)
('steep', 4918)
('steer', 2614)
('c.d.s', 4737)
('partnership', 2015)
('reassuring', 4743)
('38.2', 2309)
('9.78', 2661)
('unlikely', 1488)
('have', 121)
('dictate', 4746)
('<p>:MD', 58)
('apparently', 4748)
('clearly', 1061)
('tomash', 1315)
('documents', 4750)
('bassoon', 4752)
('jurisdictions', 2705)
('concerns', 2020)
('326', 4757)
('provoked', 2727)
('korean', 2023)
('1.34', 4758)
('lancaster', 4759)
('unless', 1074)
('preliminary', 970)
('capacity', 4765)
('sfe', 1316)
('reveling', 2804)
('payment', 1908)
('gurus', 4769)
('so-called', 971)
('sweeping', 4773)
('request', 2848)
('face', 2026)
('1,000', 2853)
('1,001', 4774)
('consorting', 2858)
('montgolfiere', 3256)
('normally', 4776)
('fact', 4777)
('gnu-emacs', 2029)
('vacancy', 4782)
('bring', 2032)
('greenhouse', 4783)
('portfolio', 4784)
('rough', 2883)
('thicket', 2951)
('economist', 2955)
('brauerei', 4063)
('decade', 2036)
('principal', 3652)
('95.2', 4789)
('controls', 4792)
('should', 646)
('buttons', 4268)
('loafers', 2037)
('planted', 3004)
('tape', 4795)
('printers', 4796)
('riding', 4685)
('communist', 4798)
('secretaries', 2038)
('hope', 1324)
('nuances', 4812)
('exchanged', 2560)
('means', 786)
('cigar-chomping', 4804)
('familiar', 3051)
('listener', 4808)
('miss.', 3607)
('timing', 2042)
('areas', 4813)
('envy-quotient', 4817)
('organ', 3121)
('362', 4368)
('wilmington', 4819)
('teams', 3142)
('street-corner', 4820)
('stuff', 2045)
('allegation', 4822)
('ballplayers', 4823)
('7.80', 2283)
('splendidly', 2464)
('temporarily', 3190)
('national', 357)
('packet', 3211)
('centerfielder', 3611)
('edition', 4833)
('subcommittee', 1635)
('agricultural', 2047)
('36.6', 4835)
('425,000', 4836)
('packed', 4837)
('exploited', 3503)
('80-plus', 2596)
('reform', 4840)
('clearing', 3264)
('brunt', 4841)
('routine', 2052)
('progress', 4844)
('pistol', 4846)
('wiry', 4848)
('obeisance', 4849)
('ends', 4850)
('antics', 4857)
('ifint', 1082)
('manuel', 4859)
('defied', 4861)
('restrictions', 2055)
('<p>:PRP$', 59)
('figured', 4354)
('taking', 4869)
('attributed', 1673)
('etc', 3435)
('figures', 648)
('attributes', 4875)
('heart', 3029)
('32.5', 4876)
('comment', 1333)
('13.625', 4877)
('adjusted', 791)
('belzberg', 3477)
('co', 649)
('author', 4879)
('ca', 554)
('clues', 3508)
('disarmament', 4881)
('bikini', 4882)
('cd', 447)
('rapidement', 4885)
('whispering', 4886)
('acres', 4686)
('flourishing', 4889)
('yastrzemski', 5054)
('balloonists', 1336)
('midland', 4891)
('powered', 4892)
('copies', 4896)
('downgraded', 4897)
('genetic', 399)
('permanent', 4577)
('bewkes', 4901)
('indicators', 500)
('proposal', 792)
('scribbling', 2435)
('pity', 2606)
('citation', 3339)
('c.', 4905)
('climate', 4907)
('finished', 4908)
('bull', 2001)
('fellow', 2063)
('homes', 3660)
('plaid', 3688)
('defining', 2948)
('appearance', 1337)
('harriton', 3711)
('promoter', 4920)
('augusta', 3714)
('rigged', 4922)
('maul', 4923)
('stuffing', 4924)
('almost', 793)
("m'bow", 1338)
('lush', 3787)
('helped', 2068)
('vu', 4926)
('winnetka', 3811)
('claimed', 4290)
('partner', 1339)
('amadou-mahtar', 4931)
('<l>:nmod:tmod', 3)
('belzbergs', 4932)
('yuppie', 4935)
('administration', 653)
('interloping', 4938)
('fifth-largest', 3880)
('panisse', 910)
('frivolous', 4945)
('injured', 4946)
('ball', 4949)
('columbia', 2071)
('raymond', 4950)
('dusk', 3872)
('drink', 3913)
('onerous', 3230)
('robotic', 4956)
('expand', 3956)
('257.8', 4958)
('labor-intensive', 4959)
('off', 261)
('center', 794)
('nevertheless', 4961)
('ious', 3988)
('thought', 1342)
('7.77', 4001)
('352', 4966)
('knotty', 3485)
('creators', 4970)
('soviet', 503)
('7.78', 4032)
('usual', 4035)
('legendary', 4974)
('less', 401)
('yogi', 4976)
('executive', 359)
('domestic', 556)
('11/16', 2077)
('seats', 4979)
('tough', 4980)
('paul', 1344)
('agnellis', 1834)
('stoltzman', 402)
('regulatory', 1990)
('bench', 795)
('appeared', 2620)
('add', 1345)
('forbes', 4989)
('clipped', 4149)
('exempt', 4992)
('ought', 982)
('resolved', 2083)
('increased', 655)
('government', 168)
('chancellor', 2160)
('low-paid', 4998)
('increases', 1346)
('medium-grade', 2184)
('cedar', 4293)
('<p>:NN', 39)
('desk', 4224)
('belgium', 5002)
('displaced', 5003)
('motorola', 5004)
('like', 301)
('success', 985)
('porous', 4361)
('admitted', 5007)
('become', 987)
('works', 2086)
('soft', 2087)
('replacement', 1350)
('accessible', 5012)
('privatized', 5013)
('indications', 1905)
('propel', 3538)
('jan', 4793)
('foreseeable', 5015)
('thief', 5016)
('authority', 2089)
('hair', 5044)
('novelist', 5020)
('39.125', 5022)
('righthander', 5023)
('disbelief', 4384)
('13/16', 5026)
('garrett', 4412)
('hurricane', 4398)
('salaries', 5029)
('does', 276)
('passion', 5032)
('assuming', 5033)
('pse', 3500)
('slight', 4454)
('shareholdings', 5037)
('pressure', 797)
('expire', 5039)
('although', 559)
('accompanied', 4633)
('loans', 450)
('stage', 5042)
('gained', 5043)
('sister', 3981)
('actual', 2097)
('billing', 3452)
('world', 241)
('arkoma', 4483)
('angeles', 2100)
('statement', 914)
('concession', 5051)
('introduced', 990)
('executives', 560)
('ways', 2124)
('letters', 962)
('depart', 2712)
('billions', 5058)
('ismaili', 4626)
('guard', 5059)
('female', 991)
('luxembourg-based', 5064)
('negotiable', 2103)
('1986', 4667)
('terminated', 5067)
('knuckles', 4481)
('1982', 4444)
('1983', 1759)
('1980', 5068)
('1981', 1994)
('off-speed', 5069)
('justifying', 4693)
('1988', 1353)
('awarded', 2749)
('restricts', 5074)
('stimulative', 5076)
('biggest', 1354)
('9.7', 2109)
('pretax', 5078)
('naturally', 5080)
('fiscal', 2110)
('buy', 800)
('stadium', 2635)
('coke', 303)
('but', 124)
('delivery', 1356)
('8.25', 5085)
('repeated', 5086)
('8.27', 5087)
('wealthier', 2111)
('money-fund', 2112)
('beeper', 4799)
('wise', 4810)
('evident', 2113)
('lighter-than-air', 4665)
('dangerous', 5094)
('non-japanese', 4825)
('smooth', 4827)
('flip', 5097)
('imbalances', 5099)
('placed', 2157)
('89', 4646)
('lobbied', 4647)
('problem', 2117)
('minutes', 802)
('bearing', 5103)
('supreme', 5104)
('kowtow', 5105)
('<l>:dobj', 9)
('slowing', 2119)
('inflation-fighting', 5112)
('campus', 4936)
('159.7', 4943)
('mediobanca', 2073)
('<p>:WDT', 63)
('variety', 5117)
('46', 5118)
('47', 3122)
('44', 1358)
('45', 995)
('42', 3283)
('directors', 725)
('40', 996)
('lately', 5121)
('surreal', 5122)
('sandy', 2556)
('out', 160)
('gallant', 4651)
('jumbos', 5129)
('francisco', 5130)
('monday', 403)
('oppression', 5031)
('chance', 2126)
('husky', 3878)
('<l>:<NULL>', 38)
('exposure', 5140)
('stirred', 5142)
('mozart', 5095)
('resolution', 3475)
('baker', 5144)
('rule', 804)
('write', 1597)
('compete', 1360)
('pension', 805)
('475', 5133)
('biotechnology', 2129)
('cookbook', 5151)
('limited', 562)
('neige', 2132)
('hats', 4046)
('<ROOT>', 5156)
('sterilizing', 2137)
('hitch', 2138)
('facilities', 806)
('oldest', 2191)
('hate', 2142)
('rendezvoused', 2143)
('consider', 1001)
('pedro', 2205)
('1.11', 5113)
('paris', 1002)
('<l>:mark', 12)
('1.18', 2148)
('edward', 1427)
('voted', 2250)
('under', 188)
('stationery', 2257)
('pride', 1363)
('worth', 2156)
('lure', 2158)
('risk', 1365)
('rise', 411)
('risc', 673)
('distort', 4041)
('position-squaring', 2164)
('yanking', 2166)
('every', 1004)
('softened', 2322)
('electronics', 1368)
('missionary', 2172)
('school', 674)
('173.1', 3251)
('gaelic', 2177)
('monsanto', 1370)
('red', 564)
('reinvent', 2405)
('enjoy', 1372)
('chew', 2181)
('leaders', 940)
('estimates', 565)
('chef', 1603)
('street', 1433)
('borrowings', 2187)
('estimated', 956)
('machines', 405)
('established', 2190)
('selected', 2522)
('profitability', 2527)
('liberty', 810)
('steriles', 2194)
('above', 576)
('supplier', 2198)
('officially', 2561)
('told', 361)
('residual', 2203)
('hundreds', 2204)
('standing-room-only', 5119)
('protection', 2612)
('represented', 2624)
('fireballs', 2211)
('daughter', 2494)
('clarify', 2214)
('auction', 666)
('employees', 667)
('changed', 2215)
('analysts', 407)
('chateau', 2220)
('changes', 328)
('subjected', 2221)
('york', 397)
('swearing', 2224)
('spooks', 2225)
('secure', 2226)
('highly', 812)
('visible', 2230)
('punching', 2234)
('2692.65', 2235)
('total', 669)
('232.4', 2236)
('swings', 1383)
('would', 122)
('alligator', 2238)
('chooses', 2240)
('wordplay', 2241)
('1930s', 3677)
('asset', 2244)
('los', 2002)
('main', 2251)
('giovanni', 451)
('resurfaced', 3106)
('emeritus', 1387)
('unraveled', 2898)
('blocking', 2905)
('must', 670)
('me', 1012)
('1990', 814)
('1992', 2267)
('join', 2268)
('divorced', 3183)
('work', 330)
('crescott', 2272)
('deficiencies', 2275)
('install', 1389)
('elegantly', 2278)
('my', 279)
('could', 182)
('male-fertile', 1390)
('estate', 409)
('reneging', 4131)
('cited', 2280)
('preserving', 2281)
('550', 3012)
('indicates', 1993)
('8.35', 2285)
('8.33', 3302)
('8.32', 2286)
('8.30', 2287)
('keep', 654)
('attract', 1392)
('totaled', 1393)
('8.38', 2289)
('male-sterile', 819)
('visited', 2014)
('end', 304)
('carriers', 2291)
('provide', 569)
('far', 340)
('bunt', 2297)
('adjacent', 2298)
('ordinary', 1394)
('if', 189)
('beach', 1015)
('bebop', 2299)
('badly', 1395)
('<p>:<ROOT>', 84)
('pre-approved', 4055)
('claptrap', 2301)
('after', 167)
('lab', 1396)
('mph', 1398)
('law', 331)
('7/8', 2310)
('amid', 4816)
('acknowledged', 2313)
('green', 412)
('things', 513)
('civil-service', 2318)
('order', 509)
('office', 363)
('devote', 2323)
('over', 178)
('expects', 820)
('6.5', 1402)
('finest', 3839)
('london', 413)
('12.5', 2329)
('innovative', 2330)
('japan', 231)
('mayor', 1404)
('somewhere', 1867)
('recreational', 2336)
('expectations', 2927)
('writing', 2337)
('production', 1020)
('16.3', 2338)
('400', 1407)
('then', 232)
('them', 281)
('unfortunate', 2345)
('payouts', 3434)
('powerful', 4697)
('amenable', 2350)
('break', 1409)
('they', 137)
('26.125', 2352)
('bank', 183)
('30-year', 2356)
('several', 285)
('alex', 2357)
('regularly', 2359)
('detroit', 2362)
('filling', 2364)
('newport', 1163)
('7.99', 2367)
('each', 282)
('7.94', 2368)
('7.96', 1367)
('7.90', 822)
('7.91', 3572)
('7.92', 2370)
('lasting', 2371)
('lifted', 1411)
('meets', 3557)
('autry', 2374)
('january', 986)
('worded', 3700)
('combining', 1172)
('saturday', 2379)
('burnham', 3635)
('large', 426)
('looseleaf', 3642)
('network', 824)
('driving', 1417)
('god', 2385)
('tried', 1119)
('diesel', 2387)
('collaborated', 2388)
('laid', 2389)
('daniel', 2390)
('got', 675)
('newly', 1025)
('gop', 2391)
('independence', 1419)
('sept.', 1421)
('disputed', 2393)
('veto', 2395)
('weekes', 729)
('fred', 2396)
('admits', 2397)
('appointments', 2398)
('streamline', 2400)
('boosting', 2401)
('wanted', 1423)
('chortled', 2403)
('<p>:#', 80)
('<p>:$', 65)
('created', 1026)
('<NULL>', 5155)
('<p>:,', 45)
('<p>:.', 46)
('pence', 510)
('single-a-3', 782)
('oppose', 1424)
('20th', 2410)
('soda', 4899)
('<p>::', 64)
('already', 572)
('kim', 2690)
('researches', 2418)
('primary', 1428)
('hearing', 1770)
('adopted', 2003)
('another', 214)
('insulation', 3651)
('electronic', 1430)
('illustrate', 2425)
('rated', 2427)
('0.02', 2429)
('gooseberry', 2430)
('top', 364)
('approximately', 1028)
('0.05', 2434)
('rates', 243)
('too', 481)
('percentage', 1030)
('john', 332)
('damaging', 2442)
('chanted', 2443)
('5-10', 2444)
('190-point', 2445)
('tool', 1431)
('serve', 2450)
('took', 700)
('negotiating', 1031)
('western', 1032)
('hazelnut', 2454)
('longer-term', 2455)
('guile', 2457)
('roles', 2458)
('negotiator', 4093)
('seated', 2461)
('tourists', 4710)
('hollander', 751)
('flame', 5018)
('1976', 2465)
('powers', 2468)
('bridge', 2470)
('fashion', 1436)
('pollination', 2472)
('ran', 1437)
('500,000', 2474)
('30.4', 2475)
('talking', 2477)
('relatively', 1439)
('forced', 2482)
('strength', 1408)
('1969', 2485)
('small-lot', 2486)
('thoroughly', 2487)
('1967', 4223)
('-', 1441)
('isolated', 1036)
('subjects', 2489)
('luxury', 1037)
('forces', 826)
('laughed', 2490)
('unsecured', 1038)
('circles', 2492)
('acquire', 1313)
('maiden', 2495)
('though', 941)
('exercised', 2499)
('8.03', 2501)
('involving', 1899)
('germany', 366)
('plenty', 2503)
('8.05', 1442)
('phase', 2178)
('8.09', 2506)
('germans', 1478)
('618,000', 4334)
('tribune-democrat', 4374)
('treats', 3266)
('calculated', 1444)
('interests', 553)
('newcomers', 2515)
('treaty', 946)
('reputation', 4367)
('after-tax', 2518)
('entertaining', 2519)
('voting', 1446)
('responded', 1940)
('reserve', 828)
('d.', 575)
('arousing', 3202)
('<l>:auxpass', 13)
('reductions', 2533)
('random', 2525)
('sage', 2526)
('radio', 2531)
('cogeneration-plant', 2534)
('bail', 2535)
('toast', 4461)
('sunsets', 2538)
('quoted', 1760)
('542', 2541)
('glasnost', 2542)
('matters', 1250)
('gideon', 1450)
('announce', 2544)
('adequate', 1451)
('oct', 2545)
('personality', 2547)
('do', 226)
('de', 829)
('watch', 2551)
('colleagues', 2008)
('preferred', 893)
('yielded', 1453)
('6/2', 2555)
('despite', 757)
('report', 262)
('vividly', 1455)
('19-year-olds', 3874)
('runs', 1458)
('pearson', 2558)
('countries', 577)
('super-user', 3998)
('twice', 4425)
('shots', 2568)
('carrier', 1352)
('explanations', 2570)
('mergers', 2572)
('secretary', 578)
('etudes', 2575)
('habit', 2577)
('w.', 1461)
('observed', 1462)
('discussions', 4690)
('techniques', 2583)
('draws', 2585)
("bird's-eye", 4636)
('pianist/bassoonist/composer', 2587)
('away', 1046)
('interviewing', 2588)
('<p>:IN', 40)
('biosource', 1466)
('mud', 2589)
('brushbacks', 2590)
('unable', 1067)
('92', 1388)
('approach', 647)
('co.', 198)
('disavowed', 4826)
('we', 202)
('terms', 1468)
('wo', 832)
('however', 579)
('boss', 2599)
('42.9', 2600)
('censorship', 2601)
('disservice', 2602)
('news', 1047)
('packages', 2604)
('sipped', 2307)
('improve', 1049)
('faced', 3800)
('received', 580)
('protect', 1050)
('citicorp', 1733)
('credit-card', 1690)
('players', 456)
('games', 2613)
('bet', 5025)
('requests', 2615)
('negotiation', 2616)
('year-end', 2617)
('tone', 2618)
('imaginative', 1591)
('berkeley', 511)
('zellers', 2623)
('tons', 1476)
('trust', 833)
('telecommunications', 1051)
('smith', 1727)
('conference', 2629)
('knowns', 2631)
('petty', 2632)
('jobless', 4543)
('nomura', 458)
('rebounded', 2634)
('been', 141)
('quickly', 657)
('confident', 2107)
('beer', 834)
('raw-materials', 2376)
('expected', 512)
('duties', 1479)
('insisting', 2639)
('republicans', 3469)
('craft', 5147)
('novitiates', 2644)
('catch', 2645)
('0.19', 2648)
('applied', 1056)
('has', 115)
('6.84', 2652)
('publicly', 2653)
('gentle', 2654)
('<l>:mwe', 14)
('air', 584)
('information', 478)
('teachers', 1485)
('coffin', 2659)
('thrash', 2660)
('aid', 2207)
('launched', 1487)
('s&ls', 2662)
('crowning', 2415)
('12-story-high', 2256)
('expenses', 2666)
('experts', 1490)
('9.75', 4747)
('exile', 2667)
('containing', 2670)
('descent', 2672)
('repaying', 2673)
('complex', 1493)
('indictment', 2061)
('independent', 2679)
('hani', 2680)
('peaks', 2682)
('springing', 2683)
('blames', 2685)
('published', 2217)
('rain', 2688)
('hand', 1062)
('producers', 1676)
('internal', 1782)
('insisted', 2691)
('tassel', 2694)
('kept', 1497)
('1978', 2459)
('charlie', 2696)
('1975', 1063)
('taint', 2698)
('1971', 1498)
('ragged', 2699)
('savings', 1064)
('mother', 2701)
('the', 85)
('musical', 1499)
('outnumbered', 3942)
('seasonal', 2703)
('departed', 2706)
('proposed', 333)
('unemployment', 4397)
('athletic', 2707)
('able', 446)
('vivaldi-at-brunch', 2709)
('thanks', 2710)
('victim', 2711)
('resigning', 2581)
('8.12', 2713)
('adding', 2714)
('eli', 1066)
('orange-and-blue', 2715)
('greenwich', 3989)
('flooring', 2716)
('exempting', 2626)
('board', 306)
('cinzano', 3504)
('interprets', 2720)
('gave', 1069)
('shoulder', 2722)
('casting', 2723)
('bands', 2725)
('equaling', 2022)
('descending', 2729)
('judge', 132)
('vacaville', 2734)
('advanced', 2539)
('apart', 2736)
('59', 1504)
('55', 1070)
('54', 1505)
('a.g.', 2741)
('hunt', 2742)
('51', 1506)
('50', 369)
('53', 1071)
('securities', 227)
('renamed', 2743)
('offices', 2745)
('officer', 250)
('security', 687)
('first-year', 4146)
('successfully', 1073)
('unnecessary', 3499)
('lashed', 2751)
('election', 2753)
('first-quarter', 4862)
('indirect', 2756)
('denies', 4653)
('specific', 2306)
('humor', 2758)
('clash', 2024)
('coercion', 4205)
('house-painting', 2761)
('savings-type', 1509)
('everything', 2764)
('asking', 4605)
('arrest', 2765)
('banxquote', 688)
('denied', 1512)
('participation', 1513)
('core', 1514)
('who', 134)
('marketing', 1515)
('corn', 415)
('confer', 2967)
('discount', 1516)
('corp', 1517)
('graduated', 2407)
('post', 2778)
('properties', 1521)
('theirs', 2784)
('months', 155)
('gentler', 2786)
('dinner', 3046)
('canonie', 1598)
('banker', 4965)
('horizon', 2789)
('efforts', 1077)
('civil', 2793)
('pays', 2794)
('beneficial', 1072)
('accommodate', 2798)
('accomplishments', 1524)
('capped', 1526)
('old', 287)
('pollen-inhibiting', 1527)
('crowd', 2750)
('wad', 3181)
('legislation', 2806)
('bankamerica', 1529)
('fight', 709)
('stuck', 2807)
('fought', 2808)
('way', 337)
('150,000', 3212)
('was', 103)
('war', 1084)
('head', 1085)
('wakeman', 1086)
('amateur', 1531)
("<p>:''", 62)
('attempted', 2816)
('becoming', 2817)
('differences', 2818)
('payable', 1133)
('heat', 2402)
('hear', 2424)
('insider-trading', 1534)
('counsel', 2826)
('2210', 2827)
('<p>:JJ', 43)
('malaysia', 2829)
('compositional', 2830)
('bids', 881)
('maximum', 2833)
('kitschy', 2835)
('simplifying', 2838)
('coverings', 2839)
('plant-sciences', 2841)
('trim', 2842)
('private-sector', 2747)
('-rrb-', 144)
('stronger', 1318)
('suspicions', 2846)
('0.60', 3401)
('sometime', 2746)
('promised', 1538)
('allegheny', 2849)
('trip', 2850)
('weakened', 3461)
('no', 174)
('stake', 308)
('when', 159)
('negotiators', 1540)
('interested', 1682)
('holding', 334)
('papers', 3153)
('test', 2862)
('joni', 2863)
('picture', 3258)
('reconsider', 2155)
('brothers', 2866)
('loan-loss', 2868)
('mechanical', 2028)
('unifirst', 1011)
('improvisation', 4172)
('cambria', 339)
('rapeseed', 2875)
('scores', 1546)
('lease', 1806)
('omega', 3586)
('mullins', 2878)
('balloon', 335)
('78.64', 3824)
('painting', 3797)
('together', 1900)
('uncovered', 2882)
('oeufs', 3633)
('doubleday', 3723)
('campaneris', 848)
('concept', 1096)
('pistils', 2889)
('remarkable', 3514)
('dance', 2890)
('global', 1552)
('focus', 2891)
('deliveries', 2892)
('obviate', 2893)
('leads', 2627)
('known', 1745)
('ice', 2896)
('dalton', 2899)
('row', 1553)
('certainly', 849)
('producing', 1747)
('charge', 515)
('compensate', 2528)
('promoting', 2908)
('discovering', 2910)
('brown', 2607)
('blase', 1555)
('none', 592)
('seemingly', 2917)
('sloppy', 3836)
('5/16', 2919)
('tanks', 501)
('10-year', 2924)
('8.61', 2925)
('8.62', 2926)
('8.63', 3857)
('clouds', 2929)
('impressive', 3882)
('level', 460)
('camaraderie', 2931)
('posts', 3653)
('<l>:advmod', 22)
('yale', 2933)
('quick', 742)
('money-market', 2935)
('guy', 1559)
('babelists', 2941)
('heinz', 2942)
('says', 152)
('tougher', 1101)
('trend', 1560)
('mich.', 2945)
('cost', 1563)
('889,000', 3074)
('substitute', 1103)
('drinks', 1811)
('appear', 627)
('rapeseeds', 2956)
('shares', 153)
('lengthy', 4188)
('goes', 1565)
('saluting', 2412)
('appeal', 1566)
('heralded', 2959)
('4,300', 2960)
('groupe', 3668)
('collateral', 2962)
('bottling', 1268)
('genes', 1567)
('water', 1568)
('baseball', 519)
('leemans', 1231)
('appears', 2971)
('change', 695)
('healthy', 2973)
('trial', 852)
('usually', 1572)
('plc', 2979)
('noticeably', 4208)
('plotted', 2982)
('emerge', 2984)
('retired', 1574)
('shelled', 2985)
('extra', 2986)
('soybeans', 2987)
('lending', 3710)
('<l>:det', 31)
('bribery', 2991)
('<l>:dep', 29)
('<l>:aux', 16)
('fbi', 2994)
('rarely', 2995)
('crisis', 2996)
('market', 176)
('terminal', 2998)
('angell', 2999)
('handled', 3000)
('prove', 3001)
('third-quarter', 1577)
('sports', 1911)
('live', 1579)
('jam', 4794)
('memory', 1580)
('today', 416)
('commissioner', 4357)
('club', 3009)
('minimum-wage', 872)
('state-funded', 3011)
('clue', 4380)
('pre-trial', 4210)
('cases', 1583)
('organizations', 1276)
('car', 263)
('paragould', 1588)
('ms.', 310)
('judy', 3024)
('minimum', 731)
('can', 181)
('trans', 1592)
('fulton', 3027)
('spy', 1093)
('performer', 3030)
('nursing', 3031)
('figure', 1108)
('december', 854)
('chip', 1593)
('demagoguery', 3034)
('topic', 3036)
('dropped', 697)
('occur', 1594)
('parliamentary', 3041)
('domenici', 3043)
('requirements', 1595)
('secured', 3044)
('spreads', 4591)
('buttoned-up', 3045)
('1', 444)
('beat', 3048)
('47-year-old', 3049)
('tapestry', 4127)
('fourth', 856)
('ensure', 2788)
('speaks', 3054)
('economy', 311)
('product', 1109)
('nixdorf', 2044)
('peerless', 4991)
('southern', 1799)
('produce', 1312)
('court', 644)
('heroes', 3064)
('ponied', 3066)
('eurodollars', 3069)
('remember', 2007)
('80', 4649)
('futures', 3072)
('equities', 3820)
('typical', 3080)
('stonemason', 3081)
('serving', 4579)
('undervalued', 3086)
('indeed', 1607)
('mainly', 3087)
('consulting', 2792)
('ended', 497)
('statements', 3091)
('still', 289)
('birds', 3092)
('deactivates', 3093)
('8.0087', 3269)
('accepted', 1327)
('courthouse', 1382)
('offers', 1609)
('farmer', 4906)
('norway', 2212)
('100,000', 1115)
('sweetened', 3112)
('processes', 3403)
('introduce', 1613)
('delighted', 2795)
('1955', 3114)
('half', 336)
('not', 149)
('78,600', 3117)
('now', 184)
('discuss', 1117)
('nor', 1118)
('31.25', 3119)
('imminent', 4282)
('term', 3120)
('name', 984)
('james', 862)
('drop', 702)
('vt.', 3123)
('stockholm', 3125)
('entirely', 3127)
('85', 3128)
('concerts', 5048)
('el', 3130)
('<l>:csubj', 7)
('fired', 3132)
('ed', 3135)
('kane', 4558)
('bradley', 3139)
('fires', 3140)
('sox', 1080)
('naming', 3141)
('calling', 973)
('obsession', 3143)
('8.75', 3144)
('seoul', 3296)
('album', 5128)
('ultimately', 1616)
('computer-market', 3145)
('factors', 1120)
('profit', 5146)
('increase', 464)
('attracted', 3149)
('celimene', 3152)
('fargo', 3154)
('shows', 864)
('attendee', 3158)
('e.', 1098)
('defenses', 2193)
('cars', 865)
('albuquerque', 3163)
('epinal', 3164)
('position', 747)
('carl', 1619)
('rolls-royce', 3168)
('software', 866)
('selections', 3170)
('19th-century', 3171)
('dirk', 3172)
('vehemently', 1620)
('british', 372)
('motion', 2290)
('turn', 2017)
('lindsey', 3173)
('tangled', 3174)
('retreating', 3175)
('invitation', 3176)
('turf', 3177)
('515', 2448)
('support', 841)
('concertos', 3180)
('tennis', 2805)
('merrill', 3182)
('revenue', 867)
('blink', 2353)
('soaring', 2361)
('directly', 704)
('impossible', 3193)
('array', 2516)
('drove', 1623)
('size', 3195)
('given', 1422)
('district', 2406)
('caught', 1425)
('trillion', 3200)
('returns', 2433)
('convention', 1627)
('white', 313)
('friend', 1628)
('gives', 1124)
('wrongdoing', 3038)
('mostly', 1629)
('that', 95)
('pittsburgh', 1630)
('season', 599)
('elanco', 1631)
('alan', 3207)
('repossess', 3209)
('released', 1126)
('<p>:RBS', 78)
('<p>:RBR', 74)
('copy', 2134)
('than', 138)
('titans', 3215)
('wide', 3216)
('television', 3217)
('unfortunately', 1457)
('travis', 3218)
('require', 1634)
('spokeswoman', 3220)
('officials', 312)
('cards', 3222)
('agnelli-related', 3223)
('and', 92)
('armored', 1380)
('investors', 264)
('remained', 1129)
('pro', 3227)
('greece', 3228)
('rent', 689)
('anger', 3234)
('sells', 1639)
('recover', 3235)
('any', 266)
('form', 1641)
('offer', 590)
('ideas', 1642)
('sciences', 2717)
('ideal', 1643)
('swelled', 2739)
('begin', 871)
('sure', 1132)
('price', 267)
('visitors', 2783)
('amtran', 3254)
('cleared', 1644)
('considered', 522)
('egg', 1648)
('broberg', 1090)
('adopt', 2844)
('steady', 1649)
('hungry', 3260)
('<l>:appos', 30)
('nuclear', 788)
('<p>:TO', 52)
('senior', 523)
('typically', 1134)
('filing', 2881)
('brainchild', 3270)
('german', 1135)
('syndicate', 2823)
('allegations', 707)
('discovered', 1652)
('trop', 3274)
('yankee-come-lately', 3275)
('ground', 1008)
('peduzzi', 3278)
('title', 1571)
('state', 196)
('texture', 3282)
('crime', 3639)
('only', 161)
('kluge', 3862)
('brissette', 1581)
('messiaen', 3159)
('inventions', 3284)
('sierra', 3285)
('dreaded', 3286)
('interstate', 2201)
('jazz', 878)
('loath', 3290)
('responding', 3291)
('lighter', 3293)
('neither', 1140)
('high-backed', 3299)
('reproductive', 2828)
('leather', 3301)
('seldom', 2167)
('versions', 3303)
('losers', 3155)
('through', 384)
('discussing', 2578)
('ignored', 3309)
('picnic', 3312)
('concert', 1659)
('encourages', 3313)
('baseball-loving', 3314)
('elected', 882)
('actively', 3315)
('college', 1661)
('flat-footed', 3316)
('stanley', 3318)
('heavy', 3319)
('sport', 3320)
('europeans', 2136)
('80-page', 3323)
('mortgage', 377)
('farmers', 4312)
('federal', 216)
('review', 708)
('commitments', 1137)
('serkin', 3327)
('1.93', 3178)
('weapons', 604)
('outside', 1611)
('moslems', 3329)
('between', 268)
('import', 3330)
('8.44', 3334)
('8.45', 3335)
('8.40', 3336)
('8.49', 3341)
('diners', 1657)
('article', 883)
('come', 1149)
('21', 1765)
('bite-sized', 3350)
('acquiring', 3352)
('<l>:punct', 23)
('region', 3355)
('23', 1122)
('hours', 3356)
('berra', 3425)
('contract', 710)
('columnist', 2514)
('3.5', 4614)
('share', 173)
('1984', 2105)
('comes', 3364)
('nearby', 1666)
('cabal', 3366)
('passenger', 2949)
('color', 1150)
('hybrids', 1667)
('jeans', 3368)
('obfuscation', 2843)
('pop', 1151)
('<l>:acl:relcl', 34)
('60', 529)
('61', 1152)
('mirroring', 3502)
('white-haired', 3372)
('66', 3374)
('approval', 790)
('68', 1668)
('moreover', 3376)
('100-share', 3377)
('poll', 3378)
('two-year', 3379)
('turkey', 3380)
('squaring', 3381)
('eight-team', 3383)
('howard', 3384)
('computing', 2902)
('hardly', 3391)
('500', 712)
('systems', 386)
('direction', 884)
('monsieur', 3392)
('4.875', 3393)
('blessing', 1670)
('foggs', 3386)
('minister', 1671)
('suspected', 1672)
('walkie-talkie', 3399)
('realities', 3116)
('pilot', 714)
('case', 468)
('per-capita', 1405)
('myself', 1154)
('developing', 885)
('these', 237)
('mount', 3405)
('cash', 469)
('prime-1', 2135)
('prime-2', 3408)
('mound', 3412)
('sorghum', 3413)
('invited', 3414)
('non-flight', 3416)
('misanthrope', 3417)
('coupled', 3770)
('soil', 3420)
('health-care', 3422)
('telephone', 887)
('discrepancy', 3424)
('someone', 1775)
('mcgregor', 3427)
('worry', 888)
('farmwives', 2782)
('79.18', 3431)
('editing/electronic', 3432)
('develop', 3433)
('april', 1335)
('media', 1761)
('admit', 3436)
('hot-air', 2091)
('inquiry', 1143)
('angered', 3298)
('manila', 3440)
('distilled', 3441)
('<p>:UH', 81)
('week', 238)
('high-production', 3447)
('refusal', 3450)
('driver', 3451)
('<l>:conj', 8)
('director', 271)
('investigates', 3935)
('thornburgh', 3456)
('tradition', 3458)
('complained', 1156)
('alfresco', 3972)
('minimize', 3463)
('severe', 4296)
('without', 527)
('components', 1157)
('reward', 3470)
('researchers', 890)
('justify', 3471)
('valuable', 1704)
('communities', 1680)
('kill', 1681)
('mazzera', 3478)
('touch', 3479)
('polish', 3480)
('speed', 3481)
('announcement', 892)
('thinking', 3486)
('rose', 240)
('seems', 607)
('except', 3487)
('lender', 3488)
('setting', 2861)
('treatment', 4145)
('sportif', 3492)
('malcolm', 4655)
('ross', 3494)
('real', 473)
('rules', 609)
('swig', 3497)
('65,200', 3498)
('<l>:nummod', 21)
('loaned', 4580)
('early', 316)
('1472.76', 3501)
('inflation', 1685)
('listening', 1159)
('using', 504)
('execution', 3505)
('lady', 3464)
('unwilling', 3507)
('furniture', 3509)
('standstill', 1686)
('kennedy', 1687)
('annually', 1689)
('benefit', 2095)
('output', 895)
('dilution', 3517)
('reduced', 1898)
('meringues', 2796)
('1989', 993)
('apologists', 3519)
('nikkei', 1692)
('pacific', 767)
('eddie', 1693)
('30-share', 3524)
('arms-reduction', 3526)
('top-secret', 4124)
('27,500', 3529)
('provided', 4393)
('oakland', 2059)
('mood', 3533)
('recorded', 896)
('legal', 1272)
('conservative', 3539)
('2170', 3540)
('dealership', 897)
('deficit', 1695)
('provides', 1162)
('provider', 3541)
('porter', 3545)
('business', 296)
('norberto', 3550)
('chefs', 3551)
('sixty', 3560)
('throw', 3563)
('beaches', 3564)
('on', 104)
('central', 1972)
('oh', 3569)
('of', 88)
('chop', 3157)
('fell', 718)
('stand', 1699)
('testimony', 719)
('invested', 2874)
('or', 127)
('8.50', 1702)
('8.53', 3574)
('protests', 4390)
('instruments', 3577)
('miranda', 3579)
('year-ago', 4330)
('authorities', 3580)
('rising', 1545)
('operator', 1703)
('actually', 1199)
('your', 423)
('intervention', 898)
('shags', 3585)
('area', 1705)
('there', 193)
('alleged', 4669)
('stark', 3588)
('strict', 1706)
('low', 1166)
('lot', 1167)
('potpourri', 3591)
('jones', 1988)
('fundamentals', 3595)
('cabinet', 3599)
('philosophers', 3600)
('two-thirds', 3602)
('trying', 3604)
('longer', 1094)
('intermission', 3609)
('wholesale', 1708)
('5/8', 1709)
('grasp', 3606)
('life-insurance', 4865)
('totaling', 1171)
('moved', 650)
('sales', 199)
('minneapolis', 2170)
('britain', 722)
('ingeniously', 3621)
('moves', 1712)
('operation', 739)
('4.5', 2548)
('innings', 4951)
('unwelcome', 3626)
('beyond', 1785)
('4.2', 1174)
('farther', 4984)
('foothills', 3628)
('rubber', 3629)
('roses', 3109)
('valid', 2571)
('5', 612)
('you', 162)
('forcing', 1714)
('separate', 1175)
('minikes', 4047)
('includes', 2096)
('8.04', 1715)
('massachusetts', 3643)
('coverage', 3713)
('included', 1717)
('stocks', 724)
('building', 1719)
('slowball', 3648)
('arsenals', 1456)
('wife', 1177)
('invest', 1178)
('repay', 2165)
('requisition', 4652)
('overseas', 1179)
('bolton', 3656)
('all', 172)
('pointing', 2719)
('48-year-old', 3663)
('month', 210)
('deadline', 3645)
('douglas', 433)
('renege', 3666)
('dish', 5000)
('cincinnati', 3667)
('settlement', 1723)
('mining', 3415)
('jerome', 3669)
('carpet', 533)
('dreadful', 3670)
('vulnerability', 3671)
('referring', 3672)
('high-security', 3673)
('participants', 1207)
('program', 813)
('dairy', 4556)
('high-performing', 3680)
('barely', 2066)
('health', 1787)
('lawmakers', 3683)
('activities', 1183)
('worse', 3685)
('divisions', 4914)
('very', 410)
('fat', 3687)
('worst', 3689)
('109.85', 3690)
('sony', 1724)
('epinalers', 3694)
('heaven', 3695)
('morley', 2358)
('warsaw', 1929)
('--', 154)
('louis', 3698)
('<p>:VB', 50)
('tea', 3707)
('tee', 2894)
('rate', 217)
('value', 475)
('haag', 1729)
('distributorship', 3715)
('ersatz', 3150)
('will', 117)
('what', 205)
('consumers', 1443)
('raw-material', 3719)
('sun', 1185)
('drifting', 3720)
('brief', 3721)
('milk', 3722)
('version', 1730)
('fractional', 4360)
('certificates', 1187)
('learned', 3726)
('guns', 4937)
('toes', 4625)
('teodorani', 3729)
('supposedly', 4349)
('answers', 3733)
('tracks', 1188)
('selective', 2346)
('gramm-rudman', 1472)
('11.80', 3737)
('excess', 3738)
('strong', 1194)
('flaherty', 3739)
('240,000', 3740)
('ahead', 1190)
('losses', 1489)
('allows', 1737)
('reason', 1738)
('amount', 905)
('spy-chasing', 3747)
('gleeful', 2686)
('hime', 2695)
('options', 476)
('1721.4', 3751)
('arms-control', 1739)
('cup', 1740)
('gun-carrying', 2131)
('toughness', 3754)
('family', 614)
('suddenly', 3755)
('requiring', 3756)
('thatcher', 1741)
('virgins', 2740)
('aimed', 1742)
('trained', 3761)
('lewdness', 4372)
('fla.', 3763)
('florence', 1075)
('files', 1128)
('clifford', 1743)
('334.5', 3765)
('conventional', 746)
('khan', 615)
('takes', 3766)
('strauss', 3771)
('oil-producing', 3775)
('new-home', 2815)
('taken', 477)
('brunswick', 3778)
('markets', 255)
('minor', 1744)
('countercultural', 3780)
('knows', 3783)
('ejected', 3785)
('re-elected', 3786)
('jr.', 1541)
('hissed', 3793)
('big-time', 2895)
('mellow', 1746)
('pretense', 2904)
('nine', 616)
('history', 3805)
('nautilus', 3807)
('746', 3809)
('division', 516)
('pilote', 3932)
('pushed', 1751)
('quartets', 3813)
('cows', 3814)
('pond', 3815)
('f.', 972)
('chores', 3055)
('beef', 3818)
('5.4', 3819)
('processors', 1756)
('rather', 733)
('5.9', 3795)
('breaking', 3082)
('stayed', 3823)
('stemming', 3826)
('circuit', 4387)
('<p>:-RRB-', 72)
('reflect', 3830)
('lighting', 863)
('unsurprising', 3833)
('remediation', 3834)
('inkling', 3838)
('a', 90)
('short', 1195)
('ebensburg', 735)
('overnight', 3842)
('perhaps', 652)
('ego', 3844)
('banks', 177)
('dream', 3847)
('microsystems', 2780)
('turnover', 3849)
('help', 619)
('september', 206)
('developed', 907)
('soon', 1763)
('held', 341)
('logan', 3304)
('committee', 908)
('clarinet', 1197)
('atrun', 3854)
('trouble', 3035)
('developer', 3856)
('style', 2852)
('blast', 2559)
('agnelli', 257)
('susceptible', 3859)
('teeming', 3861)
('<p>:WP', 69)
('feel', 539)
('disclosed', 713)
('tymnet', 4033)
('stephen', 3865)
('might', 218)
('alter', 3868)
('lire', 886)
('fool', 3870)
('evening', 1200)
('return', 620)
('food', 1768)
('hunter', 3449)
('reigning', 3876)
('units', 1201)
('permissible', 3879)
('anticipates', 1769)
('bancorp', 3881)
('bigger', 3527)
('instructions', 3156)
('growing', 1377)
('stopper', 1772)
('occasions', 3516)
('intervene', 4144)
('capability', 3888)
('stopped', 1777)
('transportable', 2377)
('ifi', 621)
('trailer', 2065)
('referred', 3893)
('groundball', 3894)
('savored', 3773)
('pork', 3897)
('generation', 1780)
('healthvest', 324)
('fixture', 3596)
('expect', 387)
('<p>:WP$', 79)
('standards', 1100)
('event', 1713)
('leave', 1786)
('telltale', 3904)
('robert', 741)
('since', 343)
('temporary', 1024)
('testify', 4964)
('imploring', 2887)
('safety', 3682)
('7', 3909)
('<l>:root', 0)
('congenial', 3911)
('aligned', 2903)
('issue', 256)
('reporting', 2072)
('bass', 3914)
('dirt', 2975)
('convocation', 3916)
('friday', 3678)
('houses', 1736)
('experimenting', 3920)
('base', 1789)
('four-month', 3922)
('ask', 3923)
('matthews', 3924)
('attendant', 3925)
('lag', 3928)
('fiat', 743)
('broad-based', 3930)
('persuading', 3931)
('american', 318)
('deja', 3933)
('scheduled', 1861)
('fallen', 3936)
('throws', 3937)
('feed', 1792)
('16th-century', 4022)
('ever-growing', 3589)
('reflected', 3877)
('fancy', 3938)
('linking', 3939)
('feet', 913)
('revolution', 3940)
('resnick', 3890)
('heady', 4040)
('frequently', 1812)
('slower', 1795)
('miss', 1796)
('beret', 3944)
('passes', 3945)
('story', 3946)
('leading', 480)
('st.', 3950)
('180', 1797)
('airborne', 1543)
('station', 3955)
('passed', 1720)
('hundred', 1798)
('recovered', 3351)
('shifted', 3959)
('selling', 540)
('pipelines', 3997)
('erupted', 3957)
('behind', 3961)
('treasurer', 3965)
('transaction', 307)
('convinced', 3969)
('five-course', 2943)
('reliever', 3971)
('king', 1803)
('financing', 915)
('scheme', 3973)
('nagging', 3974)
('slowed', 3977)
('arcata', 3978)
('store', 1469)
('toward', 1608)
('ousted', 1403)
('<l>:nmod:poss', 26)
('deciding', 3984)
('outstanding', 745)
('strengthen', 3987)
('heaviest', 4147)
('garfield', 3992)
('substantial', 3993)
('organs', 1808)
('lid', 4198)
('ratings', 4153)
('nights', 4459)
('patterns', 2076)
('essentially', 1809)
('interferes', 4004)
('officers', 2074)
('targets', 1810)
('conforming', 4006)
('lip', 4007)
('chairman', 389)
('elianti', 4008)
('genetically', 4009)
('sherry', 4010)
('stennett', 2950)
('added', 434)
('intervened', 4012)
('measures', 4013)
('reach', 4014)
('exempted', 4016)
('freddie', 4018)
('76', 4304)
('75', 1897)
('hired', 4020)
('shareholder', 1814)
('72', 1902)
('70', 3559)
('nothing', 1210)
('seasons', 4021)
('measured', 4322)
('approved', 1914)
('soared', 4024)
('stands', 2952)
('ark.', 4025)
('dealers', 1815)
('performances', 4028)
('45-year-old', 1575)
('rockefeller', 4029)
('traditional', 1816)
('velocity', 4034)
('latest', 1343)
('institutions', 542)
('lying', 4036)
('stones', 4394)
('stalked', 4570)
('7,400', 4786)
('rtc', 550)
('cdc', 4042)
('lay', 4044)
('cds', 748)
('uniform', 2957)
('deserts', 4052)
('northern', 4053)
('justice', 921)
('zen-like', 4054)
('grace', 3970)
('flights', 4057)
('surveyed', 4059)
('gyrations', 2554)
('reap', 3506)
('counterpoint', 1824)
('his', 114)
('hit', 1297)
('gains', 1216)
('2142.6', 3078)
('kind', 1827)
('3/4', 923)
('competing', 4252)
('during', 435)
('soft-drink', 1303)
('him', 220)
('alexander', 4068)
('left-wing', 4070)
('statism', 4072)
('statist', 4074)
('activity', 750)
('switzerland', 4075)
('precaution', 4076)
('wrote', 436)
('composite', 4077)
('scanning', 4078)
('dump', 4080)
('achieved', 4081)
('throwing', 4082)
('declines', 4083)
('culture', 1219)
('defense', 4866)
('are', 116)
('cleverly', 4087)
('close', 438)
('2.7', 4753)
('arm', 1832)
('declined', 629)
('2.4', 1221)
('learns', 4764)
('pictures', 1222)
('user', 1835)
('7.93', 4096)
('affiliate', 4097)
('won', 1223)
('various', 631)
('downturn', 3017)
('conditions', 1838)
('corruption', 1839)
('risks', 4100)
('solo', 4101)
('korea', 1840)
('recently', 1224)
('creating', 1225)
('initially', 5065)
('sold', 344)
('sole', 4851)
('general-purpose', 1842)
('spray', 1226)
('succeed', 4105)
('opposition', 4106)
('fetchingly', 4107)
('franchise', 1227)
('franchisee', 4108)
('both', 388)
('license', 4111)
('secrets', 4112)
('midmorning', 3982)
('rubendall', 1229)
('wage-floor', 4930)
('sensitive', 1846)
('became', 679)
('redemptions', 4116)
('corrupt', 2016)
('amass', 3983)
('flies', 4121)
('regulates', 4122)
('headed', 2573)
('reasons', 1850)
('sweet', 4125)
('slots', 4128)
('decline', 1232)
('described', 3582)
('milton', 3322)
('288', 4132)
('352-mile', 5049)
('off-budget', 4133)
('political', 1235)
('due', 2102)
('whom', 4136)
('reduction', 4137)
('complicated', 4138)
('association-college', 4139)
('collected', 4140)
('orioles', 4142)
('retribution', 4143)
('35549.44', 5111)
('roy', 3697)
('wet', 4151)
('precision', 4152)
('else', 1853)
('vaguely', 4155)
('lives', 4156)
('brokers', 1855)
('bidding', 930)
('demand', 4157)
('pact', 1364)
('floating-point', 4159)
('stolen', 1856)
('look', 1237)
('amble', 4735)
('governor', 4163)
('pace', 1376)
('while', 221)
('3.35', 4164)
('fleet', 4165)
('mitchell', 4166)
('guide', 2216)
('pack', 4168)
('bailiffs', 4169)
('19.7', 4929)
('costly', 4171)
('disappointing', 4177)
('obstacle', 3006)
('ready', 4180)
('industrial-product', 4181)
('fannie', 4183)
('currents', 4184)
('chauffeur', 2621)
('marble-columned', 4285)
('shaw', 933)
('anymore', 1862)
('grant', 4141)
('oriole', 4191)
('widely', 1865)
('grand', 525)
('well-hit', 4195)
('daughters', 3654)
('higher', 293)
('covetous', 4199)
('used', 545)
('lawyers', 441)
('biochemist', 4200)
('blair', 1868)
('negotiate', 4942)
('moving', 3521)
('143,800', 4204)
('mips', 213)
('brussels', 4207)
('lower', 546)
('older', 1871)
('inflate', 2914)
('bounces', 4212)
('anybody', 4213)
('nonetheless', 1886)
('cheer', 4214)
('edge', 4215)
('reclaim', 2981)
('five', 300)
('docket', 4219)
('appalled', 4220)
('yankees', 4222)
('pollen', 759)
('abilities', 2530)
('52.4', 2223)
('competitive', 1245)
('quarters', 4225)
('whopping', 4332)
('fertilizing', 4227)
('<l>:xcomp', 18)
('questions', 1246)
('love', 4229)
('taiwan', 2582)
('<p>:PRP', 54)
('lit', 4233)
('old-time', 2873)
('$', 112)
('over-the-counter', 1669)
('workers', 547)
('guaranteed', 4237)
('nikko', 4238)
('contractor', 2637)
('stock-market', 4241)
('remaining', 760)
('...', 1248)
('complaint', 2054)
('<l>:nmod:npmod', 20)
('showing', 2678)
('condemnation', 4251)
('finding', 1520)
('game', 1251)
('moody', 868)
('modifications', 4255)
('shaped', 4257)
('separately', 1508)
('safest', 2657)
('arthur', 4260)
('yorker', 4261)
('popular', 4262)
('essential', 4263)
('licensing', 4265)
('hinted', 4267)
('journalism', 5006)
('creation', 3728)
('some', 142)
('3.6', 4272)
('3.4', 3343)
('economic', 486)
('3.2', 2840)
('fanfare', 4278)
('67-year-old', 4279)
('3.9', 4280)
('delivered', 1888)
('exceeding', 4283)
('suns', 1181)
('payments', 633)
('mutts', 4289)
('eating', 1564)
('processing', 2964)
('refused', 1894)
('aloft', 1099)
('step', 1256)
('4.67', 4295)
('lasts', 4297)
('hindemith', 2989)
('refuses', 4299)
('at&t', 4300)
('pitchers', 1895)
('abroad', 1440)
('johnstown', 1106)
('dormant', 4302)
('pipeline', 1107)
('hidden', 3554)
('tracing', 4305)
('range', 1259)
('positive', 4501)
('hatred', 2228)
('classics', 4311)
('block', 1901)
('seeing', 3085)
('<p>:WRB', 70)
('significant', 919)
('within', 762)
('5,600', 5014)
('pentagon', 1912)
('intraday', 4316)
('canal', 1261)
('statistics', 764)
('classical', 2088)
('creamy', 4320)
('question', 3185)
('handles', 1913)
('fast', 4324)
('vienna', 1915)
('manufacture', 1916)
('mountains', 2266)
('plunge', 3232)
('registered', 2067)
('goods-producing', 4335)
('delta', 1917)
('russian', 2327)
('investment-banking', 4338)
('dull', 4339)
('raising', 1262)
('ideals', 5017)
('vacancies', 3308)
('cautiously', 4346)
('export', 2258)
('similar', 1264)
('clear', 920)
('bell', 2079)
('associated', 4352)
('adults', 4353)
('corrective', 3612)
('languishing', 4472)
('associates', 1926)
('cotton', 634)
('dessert-menu', 4362)
('oct.', 948)
('amounts', 1265)
('employment', 4363)
('peace', 1266)
('barred', 4031)
('vendor', 4364)
('application', 4365)
('income', 1928)
('department', 391)
('muddled', 4369)
('spectators', 4371)
('re-election', 1930)
('problems', 635)
('fertilized', 4376)
('helping', 4234)
('drag', 4377)
('allowing', 1269)
('structure', 4381)
('hanover', 3810)
('vice', 223)
('vosges', 1937)
('required', 488)
('turbines', 4385)
('departments', 3985)
('bribe', 4391)
('berries', 4392)
('<l>:parataxis', 17)
('leveraged', 4867)
('once', 490)
('gant', 1942)
('fixed-rate', 1943)
('issued', 4583)
('resistance', 4399)
('steve', 1725)
('windy', 4401)
('ga', 4402)
('winds', 2754)
('golf', 1818)
('gm', 348)
('adjustment', 4404)
('contributions', 4613)
('issues', 325)
('excludes', 4405)
('hovered', 4406)
('arrogance', 4410)
('excluded', 4414)
('include', 771)
('friendly', 4416)
('murderous', 4417)
('tribunal', 3020)
('engineered', 4421)
('disquieting', 4954)
('wash.', 3625)
('cellular', 4424)
('drinking', 1277)
('infocorp', 1950)
('meant', 4431)
('positions', 3889)
('notes', 772)
('michael', 1951)
('watered', 4433)
('49.4', 4435)
('verdict', 3553)
('nine-day', 4436)
('noted', 1953)
('2.25', 4439)
('smaller', 1280)
('gripping', 4440)
('arbitragers', 4442)
('lightest', 4445)
('malice', 4446)
('naggings', 4447)
('go', 901)
('beanballs', 4448)
('buffeted', 4449)
('makers', 1283)
('flagship', 3124)
('heavens', 4453)
('plays', 1284)
('impasse', 4359)
('concessions', 4030)
('espresso', 4455)
('networks', 4048)
('cell', 1819)
('waiting', 1955)
('capital', 349)
('collins', 954)
(';', 131)
('nicholas', 1956)
('realignments', 4460)
('brunei', 2611)
('n.m', 4462)
('chose', 2728)
('stance', 4463)
('pushing', 4465)
('commercial', 297)
('following', 1291)
('explore', 4114)
('focused', 4117)
('n.y', 4469)
('skyrocketed', 4474)
('morsels', 4475)
('adjusts', 4170)
('leaving', 4478)
('products', 491)
('oversees', 4480)
('gene', 350)
('<p>:RB', 47)
('deputy', 3530)
('attempting', 1691)
('27.4', 5040)
('clout', 4488)
('wit', 4491)
('<p>:RP', 68)
('motor', 955)
('apply', 4494)
('cloud', 4495)
('use', 857)
('fee', 4498)
('from', 106)
('hippie', 4499)
('consumption', 1258)
('&', 201)
('remains', 1966)
('adversary', 5114)
('hudson', 4500)
('few', 492)
('weeping', 4503)
('timetable', 4505)
('consecutive', 2041)
('historically', 4507)
('reflects', 1263)
('bureaucracy', 1969)
('parliament', 4509)
('journalists', 3462)
('started', 1294)
('inclined', 1970)
('factor', 4512)
('testified', 1295)
('about', 140)
('missile', 5108)
('shostakovich', 4518)
('mitsubishi', 1973)
('rivalry', 4519)
('appointed', 4520)
('boards', 4521)
('us$', 4524)
('ride', 850)
('<l>:iobj', 35)
('lumber', 2449)
('crossed', 3295)
('servants', 4536)
('refinanced', 4537)
('meet', 4538)
('stoll', 351)
('control', 352)
('root-canal', 4541)
('120-day', 1964)
('links', 4544)
('0.1', 4948)
('0.3', 4545)
('0.2', 776)
('0.5', 2081)
('0.4', 4514)
('evans-black', 4548)
('0.6', 5019)
('tad', 4523)
('tag', 4533)
('pulling', 4551)
('something', 1977)
('dictation', 3918)
('founding', 1825)
('fearsome', 4555)
('summers', 4557)
('united', 959)
('sit', 4559)
('meanwhile', 922)
('slovenian', 4562)
('arrangement', 4563)
('traders', 960)
('brian', 4564)
('seeds', 551)
('3642.90', 4566)
('instead', 1298)
('tension', 4568)
('administrator', 4643)
('farm', 4571)
('ronald', 4576)
('sardinia', 4682)
('tack', 4644)
('improviser', 4581)
('light', 353)
('improvised', 4762)
('healthcare', 274)
('quotations', 4588)
('soggy', 1301)
('closely', 749)
('tropics', 1302)
('manufactured', 4595)
('own', 277)
('including', 298)
('looks', 2726)
('3/8', 4596)
('portable', 3706)
('chemical', 593)
('nondemocratic', 4968)
('tyler', 4603)
('restrain', 4604)
('melloan', 4606)
('clusters', 4607)
('holiday', 4608)
('crowds', 4609)
('pending', 1985)
('8.3875', 4611)
('crash', 4612)
('auto', 396)
('practice', 1304)
('leisure', 2553)
('sweets', 4617)
('hands', 963)
('front', 4619)
('republican', 4620)
('investor', 1306)
('literacy', 4622)
('articles', 4623)
('subsidiaries', 4624)
('university', 779)
('cellists', 4629)
('registrations', 1986)
('trimmed', 3375)
('slide', 1307)
('<l>:cc:preconj', 2)
('promise', 2781)
('bills', 1308)
('promises', 4634)
('seniors', 4635)
('chunk', 5079)
('700', 4642)
('fraction', 2811)
('sands', 5101)
('measure', 780)
('our', 275)
('margins', 1936)
('special', 781)
('ky.', 3056)
('category', 4484)
('entertainment', 1310)
('unencumbered', 4656)
('critics', 4659)
('libor', 4662)
('supports', 2174)
('thrifts', 1371)
('dissented', 4666)
('1987', 1311)
('service-industry', 2057)
('delegates', 4671)
('promptly', 4673)
('ill.', 4675)
('provident', 4676)
('intruder', 2222)
('improvisational', 4677)
('broker-dealer', 4679)
('unfettered', 3346)
('hostile', 967)
('florida', 1014)
('mac', 4684)
('times', 641)
('birthday', 3061)
('ltd', 4687)
('biting', 3454)
('austin', 4692)
('housing', 2392)
('<l>:advcl', 15)
('succeeds', 1997)
('baby-faced', 2348)
('mosher', 4699)
('precisely', 4314)
('kingman', 4702)
('umbrellas', 4704)
('management', 495)
('durable', 4248)
('maurice', 4706)
('relations', 2423)
('priority', 2004)
('their', 139)
('attack', 2005)
('athletics', 4707)
('perfectly', 4708)
('final', 2101)
('tidbit', 4711)
('shell', 4712)
('shelf', 1688)
('doomed', 4716)
('exactly', 2493)
('debate', 2035)
('slides', 4719)
('counterespionage', 2288)
('bassist', 4721)
('manipulation', 2006)
('fuzzy', 4723)
('july', 643)
('overwhelming', 4724)
('rollie', 3070)
('photograph', 2939)
('sectors', 3071)
('cash-flush', 4728)
('kickback', 3848)
('submitted', 2010)
('drenching', 4732)
('encore', 4736)
('1.5', 2619)
('1.6', 4738)
('1.1', 4739)
('1.2', 4740)
('1.3', 4741)
('unchanged', 783)
('1.9', 4742)
('goldberg', 4744)
('sincerity', 4745)
('chambers', 1491)
('need', 784)
('linked', 2018)
('instrumentation', 4749)
('agency', 225)
('luxury-car', 2708)
('battles', 4755)
('2.6', 2019)
('instance', 4756)
('which', 126)
('funds', 360)
('alienating', 3615)
('martha', 4015)
('duels', 4761)
('combat', 4493)
('collaboration', 4763)
('expires', 2768)
('accountants', 2025)
('skirmish', 3077)
('intrinsic', 4766)
('why', 4767)
('132.00', 4768)
('1,214', 4092)
('410,000', 4771)
('consequences', 4772)
('looked', 1319)
('scrambled', 4775)
('lowered', 1548)
('conventional-arms', 1664)
('impression', 2030)
('emerging', 4779)
('parker', 4780)
('bulging', 4781)
('agreed', 354)
('planning', 2033)
('democrats', 699)
('fear', 2034)
('feat', 4785)
('pleased', 3597)
('seven-bedroom', 4870)
('partners', 4787)
('highest', 1322)
('based', 355)
('earned', 4788)
('winner', 4790)
('pickup', 4791)
('employer', 4729)
('bases', 4383)
('employee', 4797)
('employed', 1323)
('piano', 3018)
('local', 356)
('q.', 4800)
('vigor', 4801)
('watching', 1654)
('midnight', 4847)
('michigan', 4805)
('overall', 4806)
('sipping', 4807)
('120', 1601)
('joint', 787)
('122', 2040)
('legitimate', 4809)
('probably', 632)
('penetrate', 3090)
('argues', 3089)
('chips', 4811)
('gray', 4814)
('prebon', 4815)
('tobacco', 2043)
('imperious', 4661)
('married', 4818)
('dpc', 4821)
('she', 974)
('view', 1325)
('europe', 322)
('mists', 4175)
('acquired', 1328)
('humans', 4829)
('gametocide', 4831)
('immigrant', 3990)
('computer', 260)
('usefulness', 2046)
('unfairly', 3225)
('operated', 3241)
('puts', 2380)
('seib', 2343)
('-rcb-', 789)
('thumb', 3097)
('genius', 4420)
('written', 2051)
('projecting', 4843)
('closed', 358)
('pure-voiced', 4845)
('bought', 880)
('comparable', 1660)
('attention', 754)
('weighing', 4852)
('ability', 4853)
('spares', 4854)
('opening', 2053)
('importance', 4855)
('beverages', 4856)
('agencies', 1330)
('reitman', 4858)
('efficiency', 3354)
('job', 1331)
('takeover', 498)
('joe', 4860)
('key', 975)
('police', 1873)
('declining', 4863)
('barrett', 3390)
('hits', 2056)
('limits', 1332)
('career', 4868)
('aircraft', 976)
('minds', 4871)
('strains', 4872)
('revitalized', 4873)
('a.m.', 3442)
('8.395', 4874)
('jim', 4878)
('wall', 1334)
('tuesday', 472)
('grinevsky', 4880)
('narrower', 3601)
('packaging', 4883)
('heredity', 4884)
('table', 2058)
('withdrawn', 3015)
('unhappiness', 4104)
('quit', 4890)
('addition', 4893)
('wills', 4894)
('trademark', 4895)
('730', 4898)
('industriale', 4900)
('remedies', 4903)
('recounts', 5109)
('controlled', 3996)
('league', 555)
('scrutiny', 2062)
('mail', 1113)
('smoking', 4912)
('present', 4913)
('novel', 4915)
('wily', 4917)
('unlike', 2064)
('decades', 5052)
('vanilla', 4919)
('choices', 4921)
('countermove', 4489)
('owns', 651)
('annual', 926)
('resident', 3774)
('thus', 4925)
('audiences', 2069)
('lightweight', 4927)
('4.55', 4928)
('7.160', 4933)
('stadiums', 3843)
('conrail', 2365)
('began', 1299)
('proceeds', 2121)
('member', 978)
('parts', 4939)
('incumbent', 4940)
('largest', 502)
('inch', 4941)
('party', 980)
('inc', 658)
('difficult', 981)
('15/16', 4947)
('denominations', 2249)
('promoters', 4952)
('disagree', 4953)
('effect', 1340)
('compared', 1357)
('emphasized', 4955)
('orwellian', 3764)
('14.25', 4957)
('pollinate', 1881)
('single', 2075)
('destruction', 3280)
('correspondent', 4085)
('i', 146)
('approve', 4118)
('modeled', 4962)
('well', 400)
('fighting', 4963)
('english', 4967)
('decliners', 4969)
('inc.', 187)
('spy-chaser', 4971)
('routinely', 4973)
('branch', 5124)
('increasingly', 4975)
('percent', 5120)
('five-year-old', 4355)
('obtain', 4064)
('detail', 2123)
('mistakes', 4073)
('laurel', 753)
('hess', 1282)
('mysterious', 4982)
('high-grade', 2078)
('rapid', 4983)
('stock-picking', 4985)
('guts', 3684)
('sky', 4986)
('deposits', 4987)
('clyde', 4135)
('book', 1078)
('nato', 557)
('attractive', 4990)
('mitre', 4993)
('sventek', 2080)
('tax', 4546)
('balloons', 2082)
('unprecedented', 4994)
('policy-making', 5123)
('definitive', 4185)
('fate', 4995)
('devised', 4996)
('crushed', 4997)
('siemens', 4999)
('267', 4218)
('know', 983)
('catchers', 5001)
('press', 1164)
('immediately', 1347)
('loss', 2084)
('necessary', 1348)
('lost', 1253)
('miami', 5005)
('stevenson', 2085)
('taxpayers', 3762)
('lawson', 5009)
('clarinetist', 1349)
('lose', 5008)
('7/16', 997)
('stain-resistant', 5011)
('truckee', 2897)
('parity', 1903)
('shed', 2245)
('because', 179)
('eurobond', 4325)
('searching', 3179)
('motive', 4340)
('demeanor', 4343)
('growth', 558)
('holler', 4348)
('home', 796)
('peter', 2090)
('119', 5021)
('charges', 662)
('lead', 988)
('demonstrates', 5027)
('lean', 5028)
('favors', 5030)
("o'kicki", 302)
('york-based', 5034)
('leader', 2093)
('?', 245)
('desperate', 4834)
('reaching', 5036)
('journal', 1351)
('monetary', 5038)
('expansion', 2094)
('ridley', 449)
('<p>:<UNK>', 82)
('90,000', 5041)
('stay', 1359)
('unhinged', 2179)
('carried', 5045)
('getting', 989)
('freedom', 2098)
('cleans', 5046)
('shipping', 3646)
('surge', 4553)
('monthly', 1233)
('23.4', 4904)
('sweat', 5050)
('stakes', 1718)
('12-inches', 3618)
('polished', 5053)
('previously', 798)
('tight', 3630)
('warrants', 5055)
('washington', 5057)
('h.', 5060)
('registration', 5062)
('utility', 2104)
('2.53', 5066)
('postal', 1501)
('accused', 2106)
('additional', 992)
('transfer', 5070)
('museum', 5071)
('imperial', 1999)
('inner', 2108)
('breeding', 5077)
('jealously', 4203)
('ubs-phillips', 5081)
('north', 1355)
('incentive-backed', 2638)
('triggered', 5083)
('u.s.a.', 2021)
('english-speaking', 5084)
('volume', 611)
('gain', 994)
('automated', 5088)
('ear', 5089)
('25-year-old', 5090)
('brick', 5091)
('s.p', 1281)
('he', 100)
('challenges', 5092)
('made', 278)
('tactics', 5093)
('minn.', 3587)
('whether', 801)
('aiken', 5096)
('signed', 5098)
('record', 561)
('below', 2114)
('converted', 5100)
('limit', 2115)
('ruling', 2116)
('piece', 2118)
('strengthens', 5102)
('eagerness', 5106)
('devise', 5107)
('reservations', 4567)
('year', 150)
('911,606', 5110)
('generating', 4345)
('upsets', 4910)
('partly', 4148)
('reflecting', 4720)
('education', 2120)
('mutual', 5115)
("'ll", 2122)
('contest', 3994)
('offensive', 3867)
('other', 147)
('sunrise', 3543)
('boon', 2342)
('<l>:nmod', 32)
('trunkline', 5127)
('disposing', 3511)
('hacker', 528)
('recession', 1612)
('june', 998)
('shown', 2125)
('contends', 5134)
('frustrate', 4249)
('shere', 659)
('dew-sodden', 5136)
('additionally', 5137)
('rural', 999)
('deter', 1890)
('friends', 5139)
('4.25', 1000)
('extort', 5141)
('repertoire', 1854)
('martin', 2128)
('persistent', 5145)
('ideological', 5148)
('smoke-filled', 5149)
('theory-teaching', 5150)
('frankfurt', 2130)
('retirees', 5152)
('compromised', 5153)